(.venv) hm@archlinux ~/D/m/d/process_data (master)> python3 /home/hm/Desktop/mysoc/data/process_data/parse_new_data_level2.py /home/hm/Desktop/mysoc/data/process_data/d+
55/dsg/1c/4-cell-curves.xlsx
===================================================================
processing file: /home/hm/Desktop/mysoc/data/process_data/d+55/dsg/1c/4-cell-curves.xlsx
===================================================================
文件包含 4 个sheet: ['Sheet1', 'Sheet2', 'Sheet3', 'Sheet4']
sheet1 row lenth is:  36370
capacity is:  317.207303 319.424419 316.090548 318.832093
avg_capacity is(99%):  314.74859075000006
电压列表, 101 point  [3532. 3387. 3341. 3324. 3321. 3321. 3320. 3320. 3320. 3320. 3319. 3319.
 3319. 3319. 3318. 3318. 3318. 3318. 3318. 3317. 3317. 3317. 3316. 3316.
 3316. 3316. 3315. 3315. 3314. 3314. 3313. 3312. 3311. 3309. 3306. 3302.
 3297. 3293. 3290. 3288. 3287. 3286. 3286. 3285. 3285. 3284. 3284. 3284.
 3283. 3283. 3283. 3282. 3282. 3282. 3282. 3281. 3281. 3281. 3280. 3280.
 3280. 3279. 3279. 3278. 3278. 3277. 3276. 3274. 3272. 3267. 3261. 3256.
 3253. 3250. 3246. 3243. 3240. 3237. 3234. 3232. 3229. 3226. 3222. 3217.
 3212. 3208. 3204. 3198. 3192. 3187. 3185. 3184. 3182. 3180. 3177. 3169.
 3148. 3114. 3071. 3018. 2948.]
电压列表, 21 point  [2948. 3169. 3185. 3208. 3229. 3243. 3261. 3277. 3280. 3281. 3283. 3284.
 3287. 3302. 3313. 3316. 3317. 3318. 3319. 3321. 3532.]
电压列表, 29 point  [2948. 3018. 3071. 3114. 3148. 3169. 3185. 3208. 3229. 3243. 3261. 3277.
 3280. 3281. 3283. 3284. 3287. 3302. 3313. 3316. 3317. 3318. 3319. 3321.
 3321. 3324. 3341. 3387. 3532.]
斜率列表: (101 points)
 [ 700.  615.  480.  385.  275.  145.   55.   25.   20.   15.   15.   35.
   55.   60.   50.   40.   45.   50.   45.   35.   30.   25.   25.   30.
   30.   30.   35.   35.   30.   40.   55.   55.   35.   20.   15.   10.
    5.    5.    5.    5.    5.    2.    5.    5.    2.    5.    5.    2.
    2.    5.    5.    2.    5.    5.    2.    5.    5.    5.    5.    5.
   10.   15.   25.   35.   45.   45.   35.   25.   15.   10.   10.    5.
    5.    5.    5.    5.    2.    2.    5.    5.    2.    5.    5.    2.
    2.    2.    5.    5.    2.    2.    5.    5.    2.    2.    5.    5.
   15.  100.  315.  955. 1450.]
斜率列表, 21 point  [ 700.  145.   15.   40.   30.   30.   55.   10.    5.    5.    5.    5.
   10.   45.   10.    5.    2.    2.    5.    5. 1450.]
斜率列表, 29 point  [ 700.  615.  480.  385.  275.  145.   15.   40.   30.   30.   55.   10.
    5.    5.    5.    5.   10.   45.   10.    5.    2.    2.    5.    5.
   15.  100.  315.  955. 1450.]