(.venv) hm@archlinux ~/D/m/d/process_data (master)> python3 /home/hm/Desktop/mysoc/data/process_data/parse_new_data_level2.py /home/hm/Desktop/mysoc/data/pro
cess_data/d+15/dsg/4c/4-cell-curves.xlsx
===================================================================
processing file: /home/hm/Desktop/mysoc/data/process_data/d+15/dsg/4c/4-cell-curves.xlsx
===================================================================
文件包含 4 个sheet: ['Sheet1', 'Sheet2', 'Sheet3', 'Sheet4']
sheet1 row lenth is:  8877
capacity is:  309.672627 307.506941 305.971401 306.407896
avg_capacity is(99%):  304.24971625
电压列表, 101 point  [3314. 3241. 3226. 3222. 3221. 3221. 3222. 3222. 3222. 3222. 3222. 3222.
 3222. 3222. 3222. 3222. 3221. 3221. 3221. 3220. 3220. 3219. 3219. 3218.
 3217. 3216. 3216. 3215. 3214. 3213. 3212. 3211. 3210. 3209. 3208. 3208.
 3206. 3206. 3204. 3204. 3202. 3201. 3200. 3199. 3198. 3197. 3196. 3195.
 3194. 3192. 3191. 3190. 3189. 3188. 3186. 3185. 3184. 3182. 3181. 3179.
 3178. 3176. 3174. 3173. 3171. 3169. 3167. 3165. 3163. 3161. 3159. 3156.
 3154. 3151. 3148. 3146. 3143. 3140. 3136. 3133. 3129. 3125. 3121. 3116.
 3111. 3106. 3101. 3095. 3089. 3083. 3075. 3068. 3060. 3050. 3040. 3027.
 3013. 2996. 2975. 2951. 2920.]
电压列表, 21 point  [2920. 3027. 3075. 3106. 3129. 3146. 3159. 3169. 3178. 3185. 3191. 3197.
 3202. 3208. 3212. 3216. 3220. 3222. 3222. 3221. 3314.]
电压列表, 29 point  [2920. 2951. 2975. 2996. 3013. 3027. 3075. 3106. 3129. 3146. 3159. 3169.
 3178. 3185. 3191. 3197. 3202. 3208. 3212. 3216. 3220. 3222. 3222. 3221.
 3221. 3222. 3226. 3241. 3314.]
斜率列表: (101 points)
 [310. 275. 225. 190. 155. 135. 115. 100.  90.  75.  75.  70.  60.  60.
  55.  50.  50.  50.  45.  40.  40.  35.  35.  35.  30.  25.  25.  30.
  25.  25.  25.  20.  20.  20.  20.  20.  20.  15.  15.  20.  15.  15.
  15.  15.  15.  10.  15.  15.  10.  10.  10.  15.  15.  10.  10.  10.
  10.  10.  10.  10.  15.  10.  10.  10.  10.  10.   5.  10.  10.  10.
  10.  10.  10.  10.   5.   5.  10.  10.   5.   5.   5.   5.   5.   2.
   5.   5.   2.   2.   2.   2.   2.   2.   2.   2.  -5.  -5.   5.  25.
  95. 440. 730.]
斜率列表, 21 point  [310. 135.  75.  50.  40.  25.  25.  20.  15.  10.  10.  10.  15.  10.
  10.   5.   5.   5.   2.  -5. 730.]
斜率列表, 29 point  [310. 275. 225. 190. 155. 135.  75.  50.  40.  25.  25.  20.  15.  10.
  10.  10.  15.  10.  10.   5.   5.   5.   2.  -5.   5.  25.  95. 440.
 730.]