
hm@archlinux ~/D/m/test (master)> python3  ../data/curve.py  ../data/25d3c/dsg.xlsx
最后一个元素: 容量: -100.39124999999994, 平均电压: 2935
平均电压列表(从小到大): (101 points)
 [2935, 3007, 3058, 3094, 3115, 3127, 3134, 3139, 3143, 3147, 3150, 3155, 3160, 3166, 3172, 3177, 3181, 3185, 3190, 3193, 3197, 3200, 3203, 3205, 3208, 3210, 3213, 3215, 3217, 3219, 3221, 3223, 3225, 3227, 3229, 3230, 3232, 3233, 3235, 3236, 3237, 3238, 3239, 3241, 3241, 3242, 3243, 3244, 3245, 3246, 3246, 3247, 3248, 3249, 3249, 3250, 3251, 3251, 3252, 3253, 3254, 3255, 3256, 3257, 3258, 3259, 3260, 3262, 3263, 3264, 3266, 3267, 3269, 3270, 3271, 3272, 3273, 3274, 3275, 3276, 3277, 3277, 3278, 3279, 3279, 3280, 3280, 3281, 3281, 3281, 3281, 3282, 3282, 3282, 3282, 3282, 3282, 3282, 3282, 3281, 3344]

============================

斜率列表: (101 points)
 [720, 615, 435, 285, 165, 95, 60, 45, 40, 35, 40, 50, 55, 60, 55, 45, 40, 45, 40, 35, 35, 30, 25, 25, 25, 25, 25, 20, 20, 20, 20, 20, 20, 20, 15, 15, 15, 15, 15, 10, 10, 10, 15, 10, 5, 10, 10, 10, 10, 5, 5, 10, 10, 5, 5, 10, 5, 5, 10, 10, 10, 10, 10, 10, 10, 10, 15, 15, 10, 15, 15, 15, 15, 10, 10, 10, 10, 10, 10, 10, 5, 5, 10, 5, 5, 5, 5, 5, 2, 2, 5, 5, 2, 2, 2, 2, 2, 2, -5, 310, 630]

============================

斜率列表(乘10): (21 points)
 [720, 95, 40, 45, 35, 25, 20, 15, 10, 10, 5, 10, 10, 10, 15, 10, 5, 5, 5, 2, 630]
斜率列表(乘10): (29 points)
 [720, 615, 435, 285, 165, 95, 40, 45, 35, 25, 20, 15, 10, 10, 5, 10, 10, 10, 15, 10, 5, 5, 5, 2, 2, 2, -5, 310, 630]
斜率有负值

============================

平均电压列表: (21 points)
 [3344, 3282, 3281, 3280, 3277, 3272, 3266, 3259, 3254, 3250, 3246, 3242, 3237, 3230, 3221, 3210, 3197, 3177, 3150, 3127, 2935]
平均电压列表: (29 points)
 [2935, 3007, 3058, 3094, 3115, 3127, 3150, 3177, 3197, 3210, 3221, 3230, 3237, 3242, 3246, 3250, 3254, 3259, 3266, 3272, 3277, 3280, 3281, 3282, 3282, 3282, 3282, 3281, 3344]
平均电压列表中有相同的值

============================
