hm@archlinux ~/D/m/test (master) [1]> python3 ../data/curve.py ../data/35d4c/dsg.xlsx
最后一个元素: 容量: -99.59552777778048, 平均电压: 2918
平均电压列表(从小到大): (101 points)
 [2918, 2990, 3044, 3087, 3117, 3133, 3141, 3145, 3149, 3151, 3154, 3157, 3161, 3167, 3173, 3178, 3182, 3187, 3191, 3195, 3199, 3202, 3205, 3208, 3211, 3213, 3216, 3219, 3221, 3224, 3226, 3228, 3231, 3233, 3234, 3236, 3238, 3239, 3241, 3242, 3243, 3244, 3245, 3246, 3247, 3248, 3249, 3250, 3250, 3251, 3252, 3253, 3253, 3254, 3254, 3255, 3256, 3256, 3257, 3258, 3258, 3259, 3260, 3261, 3262, 3263, 3264, 3265, 3267, 3268, 3270, 3271, 3272, 3274, 3275, 3276, 3278, 3278, 3279, 3280, 3281, 3282, 3282, 3282, 3283, 3283, 3284, 3284, 3284, 3284, 3285, 3285, 3285, 3285, 3285, 3285, 3284, 3284, 3283, 3283, 3341]

============================

斜率列表: (101 points)
 [720, 630, 485, 365, 230, 120, 60, 40, 30, 25, 30, 35, 50, 60, 55, 45, 45, 45, 40, 40, 35, 30, 30, 30, 25, 25, 30, 25, 25, 25, 20, 25, 25, 15, 15, 20, 15, 15, 15, 10, 10, 10, 10, 10, 10, 10, 10, 5, 5, 10, 10, 5, 5, 5, 5, 10, 5, 5, 10, 5, 5, 10, 10, 10, 10, 10, 10, 15, 15, 15, 15, 10, 15, 15, 10, 15, 10, 5, 10, 10, 10, 5, 2, 5, 5, 5, 5, 2, 2, 5, 5, 2, 2, 2, 2, -5, -5, -5, -5, 290, 580]

============================

斜率列表(乘10): (21 points)
 [720, 120, 30, 45, 35, 25, 20, 20, 10, 10, 10, 10, 5, 10, 15, 15, 10, 5, 5, -5, 580]
斜率列表(乘10): (29 points)
 [720, 630, 485, 365, 230, 120, 30, 45, 35, 25, 20, 20, 10, 10, 10, 10, 5, 10, 15, 15, 10, 5, 5, -5, -5, -5, -5, 290, 580]
斜率有负值

============================

平均电压列表: (21 points)
 [3341, 3285, 3285, 3283, 3281, 3276, 3270, 3263, 3258, 3255, 3252, 3248, 3243, 3236, 3226, 3213, 3199, 3178, 3154, 3133, 2918]
平均电压列表: (29 points)
 [2918, 2990, 3044, 3087, 3117, 3133, 3154, 3178, 3199, 3213, 3226, 3236, 3243, 3248, 3252, 3255, 3258, 3263, 3270, 3276, 3281, 3283, 3285, 3285, 3284, 3284, 3283, 3283, 3341]
平均电压列表中有相同的值

============================