(.venv) hm@archlinux ~/D/m/d/process_data (master)> python3 /home/hm/Desktop/mysoc/data/process_data/parse_new_data_level2.py /home/hm/Desktop/mysoc/data/process_data/d-15/dsg/1c/4-c
ell-curves.xlsx
===================================================================
processing file: /home/hm/Desktop/mysoc/data/process_data/d-15/dsg/1c/4-cell-curves.xlsx
===================================================================
文件包含 4 个sheet: ['Sheet1', 'Sheet2', 'Sheet3', 'Sheet4']
sheet1 row lenth is:  285
capacity is:  148.701116 148.253467 155.279941 144.343921
avg_capacity is(99%):  146.00461125
电压列表, 101 point  [3146. 3072. 3060. 3055. 3053. 3052. 3052. 3052. 3052. 3052. 3052. 3052.
 3051. 3051. 3051. 3051. 3051. 3050. 3050. 3049. 3049. 3048. 3047. 3047.
 3046. 3045. 3044. 3043. 3042. 3041. 3040. 3040. 3038. 3037. 3036. 3035.
 3034. 3033. 3031. 3030. 3029. 3028. 3027. 3025. 3024. 3022. 3021. 3020.
 3019. 3018. 3016. 3014. 3013. 3012. 3010. 3009. 3008. 3006. 3004. 3003.
 3001. 3000. 2998. 2996. 2994. 2993. 2991. 2990. 2988. 2986. 2984. 2982.
 2981. 2979. 2977. 2974. 2973. 2971. 2969. 2967. 2965. 2963. 2960. 2958.
 2956. 2954. 2952. 2950. 2946. 2944. 2942. 2940. 2937. 2935. 2931. 2929.
 2926. 2924. 2921. 2919. 2915.]
电压列表, 21 point  [2915. 2929. 2942. 2954. 2965. 2974. 2984. 2993. 3001. 3009. 3016. 3022.
 3029. 3035. 3040. 3045. 3049. 3051. 3052. 3052. 3146.]
电压列表, 29 point  [2915. 2919. 2921. 2924. 2926. 2929. 2942. 2954. 2965. 2974. 2984. 2993.
 3001. 3009. 3016. 3022. 3029. 3035. 3040. 3045. 3049. 3051. 3052. 3052.
 3053. 3055. 3060. 3072. 3146.]
斜率列表: (101 points)
 [ 40.  30.  25.  25.  25.  25.  30.  30.  25.  25.  20.  20.  30.  30.
  20.  20.  20.  20.  25.  25.  20.  20.  20.  20.  15.  20.  25.  20.
  15.  15.  20.  20.  20.  15.  15.  15.  15.  20.  20.  15.  15.  15.
  15.  20.  15.  10.  15.  15.  10.  15.  20.  15.  10.  10.  10.  15.
  15.  15.  15.  10.  10.  10.  15.  15.  10.  10.  10.  10.  15.  10.
   5.  10.  10.  10.  10.  10.  10.   5.   5.  10.   5.   5.   5.   5.
   5.   2.   2.   2.   5.   5.   2.   2.   2.   2.   2.   5.  15.  35.
  85. 430. 740.]
斜率列表, 21 point  [ 40.  25.  20.  20.  20.  20.  20.  15.  15.  10.  20.  15.  10.  10.
   5.  10.   5.   2.   2.   5. 740.]
斜率列表, 29 point  [ 40.  30.  25.  25.  25.  25.  20.  20.  20.  20.  20.  15.  15.  10.
  20.  15.  10.  10.   5.  10.   5.   2.   2.   5.  15.  35.  85. 430.
 740.]