(.venv) hm@archlinux ~/D/m/d/process_data (master)> python3 /home/hm/Desktop/mysoc/data/process_data/parse_new_data_level2.py /home/hm/Desktop/mysoc/data/proces
s_data/d+15/chg/3c/4-cell-curves.xlsx
===================================================================
processing file: /home/hm/Desktop/mysoc/data/process_data/d+15/chg/3c/4-cell-curves.xlsx
===================================================================
文件包含 4 个sheet: ['Sheet1', 'Sheet2', 'Sheet3', 'Sheet4']
sheet1 row lenth is:  11849
capacity is:  310.044056 310.050438 308.19584 308.767694
avg_capacity is(99%):  306.124507
电压列表, 101 point  [3084. 3177. 3226. 3263. 3290. 3302. 3306. 3308. 3310. 3313. 3317. 3321.
 3326. 3331. 3336. 3341. 3346. 3350. 3354. 3359. 3362. 3366. 3369. 3372.
 3374. 3376. 3377. 3378. 3379. 3380. 3380. 3380. 3381. 3381. 3381. 3382.
 3382. 3382. 3383. 3383. 3384. 3385. 3385. 3386. 3387. 3388. 3389. 3390.
 3391. 3392. 3393. 3394. 3395. 3397. 3398. 3399. 3401. 3402. 3404. 3405.
 3406. 3408. 3409. 3410. 3411. 3413. 3414. 3415. 3416. 3418. 3419. 3420.
 3421. 3423. 3424. 3425. 3427. 3428. 3430. 3431. 3433. 3434. 3436. 3438.
 3440. 3442. 3445. 3447. 3450. 3453. 3457. 3460. 3465. 3470. 3476. 3484.
 3493. 3505. 3521. 3544. 3583.]
电压列表, 21 point  [3084. 3302. 3317. 3341. 3362. 3376. 3380. 3382. 3384. 3388. 3393. 3399.
 3406. 3413. 3419. 3425. 3433. 3442. 3457. 3484. 3583.]
电压列表, 29 point  [3084. 3177. 3226. 3263. 3290. 3302. 3317. 3341. 3362. 3376. 3380. 3382.
 3384. 3388. 3393. 3399. 3406. 3413. 3419. 3425. 3433. 3442. 3457. 3484.
 3493. 3505. 3521. 3544. 3583.]
斜率列表: (101 points)
 [930. 710. 430. 320. 195.  80.  30.  20.  25.  35.  40.  45.  50.  50.
  50.  50.  45.  40.  45.  40.  35.  35.  30.  25.  20.  15.  10.  10.
  10.   5.   2.   5.   5.   2.   5.   5.   2.   5.   5.   5.  10.   5.
   5.  10.  10.  10.  10.  10.  10.  10.  10.  10.  15.  15.  10.  15.
  15.  15.  15.  10.  15.  15.  10.  10.  15.  15.  10.  10.  15.  15.
  10.  10.  15.  15.  10.  15.  15.  15.  15.  15.  15.  15.  20.  20.
  20.  25.  25.  25.  30.  35.  35.  40.  50.  55.  70.  85. 105. 140.
 195. 310. 390.]
斜率列表, 21 point  [930.  80.  40.  50.  35.  15.   2.   5.  10.  10.  10.  15.  15.  15.
  10.  15.  15.  25.  35.  85. 390.]
斜率列表, 29 point  [930. 710. 430. 320. 195.  80.  40.  50.  35.  15.   2.   5.  10.  10.
  10.  15.  15.  15.  10.  15.  15.  25.  35.  85. 105. 140. 195. 310.
 390.]