(.venv) hm@archlinux ~/D/m/d/process_data (master)> python3 /home/hm/Desktop/mysoc/data/process_data/parse_new_data_level2.py /home/hm/Desktop/mysoc/data/pro
cess_data/d+15/dsg/5c/4-cell-curves.xlsx
===================================================================
processing file: /home/hm/Desktop/mysoc/data/process_data/d+15/dsg/5c/4-cell-curves.xlsx
===================================================================
文件包含 4 个sheet: ['Sheet1', 'Sheet2', 'Sheet3', 'Sheet4']
sheet1 row lenth is:  7106
capacity is:  309.896179 309.324901 304.679771 305.242522
avg_capacity is(99%):  304.14584325000004
电压列表, 101 point  [3294. 3221. 3207. 3204. 3203. 3203. 3204. 3204. 3205. 3205. 3206. 3206.
 3206. 3207. 3207. 3207. 3207. 3207. 3207. 3206. 3206. 3206. 3205. 3205.
 3205. 3204. 3203. 3203. 3202. 3201. 3201. 3200. 3199. 3198. 3198. 3197.
 3196. 3195. 3194. 3193. 3192. 3191. 3191. 3190. 3189. 3188. 3187. 3186.
 3185. 3184. 3182. 3181. 3180. 3179. 3178. 3176. 3175. 3174. 3172. 3171.
 3169. 3168. 3166. 3165. 3163. 3161. 3159. 3157. 3156. 3154. 3151. 3149.
 3147. 3144. 3142. 3139. 3136. 3133. 3130. 3127. 3123. 3120. 3116. 3112.
 3107. 3102. 3098. 3092. 3087. 3081. 3074. 3067. 3059. 3051. 3041. 3030.
 3017. 3001. 2983. 2961. 2935.]
电压列表, 21 point  [2935. 3030. 3074. 3102. 3123. 3139. 3151. 3161. 3169. 3176. 3182. 3188.
 3192. 3197. 3201. 3204. 3206. 3207. 3206. 3203. 3294.]
电压列表, 29 point  [2935. 2961. 2983. 3001. 3017. 3030. 3074. 3102. 3123. 3139. 3151. 3161.
 3169. 3176. 3182. 3188. 3192. 3197. 3201. 3204. 3206. 3207. 3206. 3203.
 3203. 3204. 3207. 3221. 3294.]
斜率列表: (101 points)
 [260. 240. 200. 170. 145. 120. 105.  90.  80.  75.  70.  65.  55.  55.
  50.  45.  50.  45.  40.  35.  35.  35.  30.  30.  30.  30.  25.  25.
  25.  20.  25.  25.  15.  15.  20.  20.  20.  15.  15.  15.  15.  15.
  15.  15.  10.  15.  15.  10.  10.  10.  15.  15.  10.  10.  10.  10.
  10.  10.   5.   5.  10.  10.  10.  10.  10.  10.   5.   5.  10.  10.
   5.   5.  10.   5.   5.  10.   5.   2.   5.   5.   2.   5.   5.   2.
   2.   2.   2.  -5.  -5.   2.  -5.  -5.  -5.  -5.  -5.  -5.   5.  20.
  85. 435. 730.]
斜率列表, 21 point  [260. 120.  70.  45.  35.  30.  25.  20.  15.  15.  15.  10.  10.  10.
   5.  10.   2.   2.  -5.  -5. 730.]
斜率列表, 29 point  [260. 240. 200. 170. 145. 120.  70.  45.  35.  30.  25.  20.  15.  15.
  15.  10.  10.  10.   5.  10.   2.   2.  -5.  -5.   5.  20.  85. 435.
 730.]