hm@archlinux ~/D/m/test (master)> python3 ../data/curve.py ../data/45d5c/dsg.xlsx
最后一个元素: 容量: -100.1677499999995, 平均电压: 2914
平均电压列表(从小到大): (101 points)
 [2914, 2988, 3043, 3087, 3120, 3138, 3145, 3150, 3153, 3155, 3158, 3160, 3164, 3170, 3176, 3181, 3185, 3189, 3194, 3198, 3201, 3204, 3207, 3210, 3213, 3216, 3219, 3222, 3224, 3227, 3230, 3232, 3235, 3237, 3239, 3241, 3243, 3244, 3245, 3247, 3248, 3249, 3250, 3251, 3251, 3252, 3253, 3254, 3255, 3255, 3256, 3257, 3258, 3258, 3259, 3259, 3260, 3261, 3261, 3262, 3263, 3264, 3265, 3266, 3267, 3268, 3270, 3271, 3273, 3275, 3276, 3278, 3279, 3280, 3282, 3283, 3284, 3284, 3285, 3286, 3287, 3287, 3288, 3288, 3289, 3289, 3290, 3290, 3290, 3290, 3291, 3291, 3291, 3291, 3291, 3291, 3291, 3291, 3290, 3290, 3329]

============================

斜率列表: (101 points)
 [740, 645, 495, 385, 255, 125, 60, 40, 25, 25, 25, 30, 50, 60, 55, 45, 40, 45, 45, 35, 30, 30, 30, 30, 30, 30, 30, 25, 25, 30, 25, 25, 25, 20, 20, 20, 15, 10, 15, 15, 10, 10, 10, 5, 5, 10, 10, 10, 5, 5, 10, 10, 5, 5, 5, 5, 10, 5, 5, 10, 10, 10, 10, 10, 10, 15, 15, 15, 20, 15, 15, 15, 10, 15, 15, 10, 5, 5, 10, 10, 5, 5, 5, 5, 5, 5, 5, 2, 2, 5, 5, 2, 2, 2, 2, 2, 2, -5, -5, 195, 390]

============================

斜率列表(乘10): (21 points)
 [740, 125, 25, 45, 30, 30, 25, 20, 10, 10, 10, 5, 10, 15, 15, 10, 5, 5, 5, 2, 390]
斜率列表(乘10): (29 points)
 [740, 645, 495, 385, 255, 125, 25, 45, 30, 30, 25, 20, 10, 10, 10, 5, 10, 15, 15, 10, 5, 5, 5, 2, 2, -5, -5, 195, 390]
斜率有负值

============================

平均电压列表: (21 points)
 [3329, 3291, 3291, 3289, 3287, 3283, 3276, 3268, 3263, 3259, 3256, 3252, 3248, 3241, 3230, 3216, 3201, 3181, 3158, 3138, 2914]
平均电压列表: (29 points)
 [2914, 2988, 3043, 3087, 3120, 3138, 3158, 3181, 3201, 3216, 3230, 3241, 3248, 3252, 3256, 3259, 3263, 3268, 3276, 3283, 3287, 3289, 3291, 3291, 3291, 3291, 3290, 3290, 3329]
平均电压列表中有相同的值

============================
