(.venv) hm@archlinux ~/D/m/d/process_data (master)> python3 /home/hm/Desktop/mysoc/data/process_data/parse_new_data_level2.py /home/hm/Desktop/mysoc/data/process_data/d+05/dsg/5c/4-c
ell-curves.xlsx
===================================================================
processing file: /home/hm/Desktop/mysoc/data/process_data/d+05/dsg/5c/4-cell-curves.xlsx
===================================================================
文件包含 4 个sheet: ['Sheet1', 'Sheet2', 'Sheet3', 'Sheet4']
sheet1 row lenth is:  6389
capacity is:  278.499785 278.499785 280.911085 278.185951
avg_capacity is(99%):  275.8841515
电压列表, 101 point  [3194. 3118. 3107. 3104. 3105. 3106. 3108. 3110. 3112. 3114. 3116. 3118.
 3120. 3122. 3124. 3125. 3127. 3128. 3129. 3131. 3132. 3132. 3133. 3134.
 3135. 3135. 3136. 3136. 3136. 3136. 3137. 3137. 3137. 3137. 3137. 3137.
 3136. 3136. 3136. 3135. 3135. 3134. 3133. 3132. 3130. 3129. 3127. 3126.
 3124. 3122. 3121. 3119. 3117. 3115. 3113. 3111. 3109. 3107. 3105. 3103.
 3101. 3099. 3097. 3094. 3092. 3089. 3087. 3084. 3082. 3079. 3076. 3074.
 3071. 3068. 3064. 3061. 3058. 3054. 3051. 3047. 3043. 3039. 3035. 3030.
 3026. 3021. 3016. 3011. 3005. 2999. 2993. 2987. 2980. 2972. 2965. 2957.
 2948. 2939. 2929. 2918. 2907.]
电压列表, 21 point  [2907. 2957. 2993. 3021. 3043. 3061. 3076. 3089. 3101. 3111. 3121. 3129.
 3135. 3137. 3137. 3135. 3132. 3125. 3116. 3106. 3194.]
电压列表, 29 point  [2907. 2918. 2929. 2939. 2948. 2957. 2993. 3021. 3043. 3061. 3076. 3089.
 3101. 3111. 3121. 3129. 3135. 3137. 3137. 3135. 3132. 3125. 3116. 3106.
 3105. 3104. 3107. 3118. 3194.]
斜率列表: (101 points)
 [110. 110. 105.  95.  90.  85.  75.  75.  75.  65.  60.  60.  60.  55.
  50.  50.  45.  45.  45.  40.  40.  40.  35.  35.  35.  30.  35.  35.
  30.  25.  25.  30.  25.  25.  25.  25.  25.  25.  25.  20.  20.  20.
  20.  20.  20.  20.  20.  20.  20.  20.  15.  15.  20.  15.  15.  15.
  15.  15.  10.  10.   5.   5.   5.   2.   5.   5.   2.   2.   2.   2.
  -5.  -5.   2.   2.  -5.  -5.  -5. -10. -10.  -5.  -5. -15. -15. -10.
 -15. -15. -15. -20. -20. -20. -20. -20. -20. -20. -20. -15. -10.  10.
  70. 435. 760.]
斜率列表, 21 point  [110.  85.  60.  50.  40.  30.  25.  25.  20.  20.  15.  15.   5.   5.
  -5.  -5.  -5. -15. -20. -15. 760.]
斜率列表, 29 point  [110. 110. 105.  95.  90.  85.  60.  50.  40.  30.  25.  25.  20.  20.
  15.  15.   5.   5.  -5.  -5.  -5. -15. -20. -15. -10.  10.  70. 435.
 760.]