hm@archlinux ~/D/mysoc (master)> python3 data/curve.py data/25d2c/dsg.xlsx 
最后一个元素: 容量: -99.50422222221702, 平均电压: 2911
平均电压列表(从小到大): (101 points)
 [2911, 2988, 3044, 3088, 3122, 3139, 3148, 3153, 3156, 3158, 3161, 3163, 3168, 3174, 3180, 3185, 3190, 3194, 3199, 3203, 3207, 3211, 3214, 3216, 3219, 3222, 3224, 3227, 3229, 3232, 3234, 3236, 3238, 3240, 3242, 3244, 3245, 3246, 3248, 3249, 3250, 3251, 3252, 3253, 3253, 3254, 3255, 3255, 3256, 3257, 3257, 3258, 3258, 3259, 3260, 3260, 3261, 3261, 3262, 3263, 3264, 3265, 3266, 3267, 3268, 3270, 3271, 3273, 3275, 3277, 3279, 3281, 3283, 3284, 3286, 3287, 3288, 3289, 3290, 3290, 3291, 3292, 3292, 3293, 3293, 3293, 3294, 3294, 3294, 3295, 3295, 3295, 3295, 3295, 3295, 3295, 3295, 3294, 3294, 3293, 3313]

============================

斜率列表: (101 points)
 [770, 665, 500, 390, 255, 130, 70, 40, 25, 25, 25, 35, 55, 60, 55, 50, 45, 45, 45, 40, 40, 35, 25, 25, 30, 25, 25, 25, 25, 25, 20, 20, 20, 20, 20, 15, 10, 15, 15, 10, 10, 10, 10, 5, 5, 10, 5, 5, 10, 5, 5, 5, 5, 10, 5, 5, 5, 5, 10, 10, 10, 10, 10, 10, 15, 15, 15, 20, 20, 20, 20, 20, 15, 15, 15, 10, 10, 10, 5, 5, 10, 5, 5, 5, 2, 5, 5, 2, 5, 5, 2, 2, 2, 2, 2, 2, -5, -5, -5, 95, 200]

============================

斜率列表(乘10): (21 points)
 [770, 130, 25, 50, 40, 25, 20, 15, 10, 10, 5, 5, 10, 15, 20, 10, 10, 5, 2, 2, 200]
斜率列表(乘10): (29 points)
 [770, 665, 500, 390, 255, 130, 25, 50, 40, 25, 20, 15, 10, 10, 5, 5, 10, 15, 20, 10, 10, 5, 2, 2, -5, -5, -5, 95, 200]
斜率有负值

============================

平均电压列表: (21 points)
 [3313, 3295, 3295, 3293, 3291, 3287, 3279, 3270, 3264, 3260, 3257, 3254, 3250, 3244, 3234, 3222, 3207, 3185, 3161, 3139, 2911]
平均电压列表: (29 points)
 [2911, 2988, 3044, 3088, 3122, 3139, 3161, 3185, 3207, 3222, 3234, 3244, 3250, 3254, 3257, 3260, 3264, 3270, 3279, 3287, 3291, 3293, 3295, 3295, 3295, 3294, 3294, 3293, 3313]
平均电压列表中有相同的值

============================