(.venv) hm@archlinux ~/D/mysoc (master)> python3 /home/hm/Desktop/mysoc/data/process_data/parse_new_data_level2.py /home/hm/Desktop/mysoc/data/process_data/d+35/dsg/5c/4-
cell-curves.xlsx
===================================================================
processing file: /home/hm/Desktop/mysoc/data/process_data/d+35/dsg/5c/4-cell-curves.xlsx
===================================================================
文件包含 4 个sheet: ['Sheet1', 'Sheet2', 'Sheet3', 'Sheet4']
sheet1 row lenth is:  7265
capacity is:  316.821031 318.426694 315.218585 317.70988
avg_capacity is(99%):  313.90404750000005
电压列表, 101 point  [3387. 3306. 3280. 3272. 3270. 3270. 3270. 3270. 3270. 3270. 3270. 3270.
 3270. 3270. 3269. 3269. 3269. 3268. 3267. 3267. 3266. 3266. 3265. 3264.
 3263. 3262. 3261. 3260. 3258. 3257. 3255. 3254. 3253. 3251. 3250. 3248.
 3247. 3246. 3245. 3244. 3243. 3242. 3242. 3241. 3240. 3239. 3238. 3238.
 3237. 3236. 3235. 3234. 3233. 3232. 3231. 3230. 3230. 3228. 3228. 3226.
 3225. 3224. 3223. 3222. 3220. 3219. 3217. 3216. 3214. 3212. 3210. 3208.
 3206. 3203. 3201. 3198. 3196. 3193. 3190. 3187. 3184. 3181. 3177. 3173.
 3169. 3164. 3160. 3154. 3149. 3145. 3141. 3138. 3134. 3131. 3126. 3118.
 3107. 3085. 3050. 3003. 2943.]
电压列表, 21 point  [2943. 3118. 3141. 3164. 3184. 3198. 3210. 3219. 3225. 3230. 3235. 3239.
 3243. 3248. 3255. 3262. 3266. 3269. 3270. 3270. 3387.]
电压列表, 29 point  [2943. 3003. 3050. 3085. 3107. 3118. 3141. 3164. 3184. 3198. 3210. 3219.
 3225. 3230. 3235. 3239. 3243. 3248. 3255. 3262. 3266. 3269. 3270. 3270.
 3270. 3272. 3280. 3306. 3387.]
斜率列表: (101 points)
 [600. 535. 410. 285. 165.  95.  65.  40.  35.  35.  35.  40.  45.  55.
  50.  45.  45.  40.  40.  35.  30.  30.  30.  30.  25.  25.  25.  25.
  25.  20.  20.  20.  20.  15.  15.  15.  15.  15.  10.  10.  10.  15.
  10.  10.  10.   5.  10.  10.  10.  10.  10.  10.  10.   5.   5.  10.
  10.  10.   5.   5.  10.  10.  10.  10.  10.  15.  15.  15.  15.  10.
  15.  15.  15.  15.  10.  10.  10.  10.  10.   5.   5.   5.   5.  10.
   5.   2.   5.   5.   2.   2.   2.   2.   2.   2.   2.   2.  10.  50.
 170. 535. 810.]
斜率列表, 21 point  [600.  95.  35.  45.  30.  25.  20.  15.  10.   5.  10.  10.  10.  15.
  15.  10.   5.   2.   2.   2. 810.]
斜率列表, 29 point  [600. 535. 410. 285. 165.  95.  35.  45.  30.  25.  20.  15.  10.   5.
  10.  10.  10.  15.  15.  10.   5.   2.   2.   2.  10.  50. 170. 535.
 810.]