(.venv) hm@archlinux ~/D/m/d/process_data (master)> python3 /home/hm/Desktop/mysoc/data/process_data/parse_new_data_level2.py /home/hm/Desktop/mysoc/data/proces
s_data/d+15/chg/1c/4-cell-curves.xlsx
===================================================================
processing file: /home/hm/Desktop/mysoc/data/process_data/d+15/chg/1c/4-cell-curves.xlsx
===================================================================
文件包含 4 个sheet: ['Sheet1', 'Sheet2', 'Sheet3', 'Sheet4']
sheet1 row lenth is:  36038
capacity is:  314.324242 316.539811 313.896459 315.637277
avg_capacity is(99%):  311.95944725000004
电压列表, 101 point  [3028. 3115. 3167. 3208. 3239. 3257. 3260. 3262. 3264. 3267. 3271. 3275.
 3280. 3285. 3291. 3297. 3302. 3308. 3312. 3316. 3320. 3324. 3328. 3332.
 3335. 3338. 3339. 3341. 3341. 3342. 3342. 3342. 3342. 3343. 3343. 3343.
 3343. 3344. 3344. 3345. 3345. 3346. 3346. 3347. 3347. 3348. 3349. 3349.
 3350. 3351. 3352. 3353. 3355. 3356. 3358. 3359. 3361. 3363. 3366. 3368.
 3371. 3374. 3376. 3378. 3380. 3381. 3382. 3383. 3384. 3384. 3385. 3385.
 3386. 3387. 3387. 3388. 3389. 3389. 3390. 3391. 3392. 3393. 3394. 3395.
 3396. 3397. 3399. 3400. 3402. 3404. 3406. 3409. 3412. 3416. 3420. 3426.
 3434. 3444. 3460. 3488. 3557.]
电压列表, 21 point  [3028. 3257. 3271. 3297. 3320. 3338. 3342. 3343. 3345. 3348. 3352. 3359.
 3371. 3381. 3385. 3388. 3392. 3397. 3406. 3426. 3557.]
电压列表, 29 point  [3028. 3115. 3167. 3208. 3239. 3257. 3271. 3297. 3320. 3338. 3342. 3343.
 3345. 3348. 3352. 3359. 3371. 3381. 3385. 3388. 3392. 3397. 3406. 3426.
 3434. 3444. 3460. 3488. 3557.]
斜率列表: (101 points)
 [870. 695. 465. 360. 245. 105.  25.  20.  25.  35.  40.  45.  50.  55.
  60.  55.  55.  50.  40.  40.  40.  40.  40.  35.  30.  20.  15.  10.
   5.   5.   2.   2.   5.   5.   2.   2.   5.   5.   5.   5.   5.   5.
   5.   5.   5.  10.   5.   5.  10.  10.  10.  15.  15.  15.  15.  15.
  20.  25.  25.  25.  30.  25.  20.  20.  15.  10.  10.  10.   5.   5.
   5.   5.  10.   5.   5.  10.   5.   5.  10.  10.  10.  10.  10.  10.
  10.  15.  15.  15.  20.  20.  25.  30.  35.  40.  50.  70.  90. 130.
 220. 485. 690.]
斜率列表, 21 point  [870. 105.  40.  55.  40.  20.   2.   2.   5.  10.  10.  15.  30.  10.
   5.  10.  10.  15.  25.  70. 690.]
斜率列表, 29 point  [870. 695. 465. 360. 245. 105.  40.  55.  40.  20.   2.   2.   5.  10.
  10.  15.  30.  10.   5.  10.  10.  15.  25.  70.  90. 130. 220. 485.
 690.]