(.venv) hm@archlinux ~/D/m/d/process_data (master)> python3 /home/hm/Desktop/mysoc/data/process_data/parse_new_data_level2.py /home/hm/Desktop/mysoc/data/process_data/d-05/dsg/1c/4-c
ell-curves.xlsx
===================================================================
processing file: /home/hm/Desktop/mysoc/data/process_data/d-05/dsg/1c/4-cell-curves.xlsx
===================================================================
文件包含 4 个sheet: ['Sheet1', 'Sheet2', 'Sheet3', 'Sheet4']
sheet1 row lenth is:  464
capacity is:  242.55971 238.762278 240.427568 245.674763
avg_capacity is(99%):  238.71607975
电压列表, 101 point  [3228. 3182. 3172. 3167. 3165. 3164. 3164. 3163. 3163. 3163. 3162. 3162.
 3161. 3161. 3160. 3159. 3158. 3158. 3157. 3156. 3155. 3154. 3153. 3152.
 3151. 3150. 3149. 3148. 3147. 3145. 3144. 3143. 3142. 3140. 3139. 3138.
 3136. 3135. 3134. 3132. 3130. 3129. 3128. 3126. 3125. 3123. 3121. 3120.
 3118. 3117. 3115. 3113. 3111. 3110. 3108. 3106. 3104. 3102. 3100. 3098.
 3096. 3094. 3092. 3090. 3088. 3085. 3083. 3081. 3078. 3076. 3073. 3070.
 3067. 3064. 3061. 3057. 3054. 3051. 3047. 3044. 3039. 3035. 3031. 3027.
 3023. 3017. 3013. 3008. 3003. 2998. 2991. 2985. 2979. 2973. 2966. 2958.
 2951. 2943. 2935. 2927. 2916.]
电压列表, 21 point  [2916. 2958. 2991. 3017. 3039. 3057. 3073. 3085. 3096. 3106. 3115. 3123.
 3130. 3138. 3144. 3150. 3155. 3159. 3162. 3164. 3228.]
电压列表, 29 point  [2916. 2927. 2935. 2943. 2951. 2958. 2991. 3017. 3039. 3057. 3073. 3085.
 3096. 3106. 3115. 3123. 3130. 3138. 3144. 3150. 3155. 3159. 3162. 3164.
 3165. 3167. 3172. 3182. 3228.]
斜率列表: (101 points)
 [110.  95.  80.  80.  75.  75.  75.  65.  60.  60.  65.  60.  50.  50.
  45.  50.  50.  40.  40.  40.  45.  40.  35.  35.  30.  35.  35.  30.
  30.  30.  30.  25.  25.  25.  20.  25.  25.  20.  20.  20.  20.  20.
  20.  20.  20.  20.  20.  15.  15.  20.  20.  15.  15.  15.  15.  20.
  15.  15.  15.  10.  15.  20.  15.  10.  15.  15.  10.  15.  15.  10.
  10.  15.  15.  10.  10.  10.  10.  10.  10.  10.  10.  10.  10.   5.
   5.  10.  10.   5.   5.   5.   5.   5.   2.   5.   5.   5.  15.  35.
  75. 280. 460.]
斜率列表, 21 point  [110.  75.  65.  50.  45.  35.  30.  25.  20.  20.  20.  20.  15.  15.
  10.  10.  10.  10.   5.   5. 460.]
斜率列表, 29 point  [110.  95.  80.  80.  75.  75.  65.  50.  45.  35.  30.  25.  20.  20.
  20.  20.  15.  15.  10.  10.  10.  10.   5.   5.  15.  35.  75. 280.
 460.]