hm@archlinux ~/D/m/test (master)> python3 ../data/curve.py ../data/45d3c/dsg.xlsx
最后一个元素: 容量: -99.47847222222465, 平均电压: 2913
平均电压列表(从小到大): (101 points)
 [2913, 2989, 3046, 3091, 3127, 3149, 3157, 3161, 3164, 3166, 3168, 3170, 3174, 3180, 3186, 3190, 3195, 3200, 3204, 3208, 3212, 3215, 3218, 3221, 3223, 3226, 3230, 3233, 3236, 3239, 3242, 3245, 3248, 3251, 3253, 3254, 3256, 3257, 3258, 3259, 3260, 3261, 3262, 3263, 3263, 3264, 3264, 3265, 3266, 3266, 3267, 3267, 3268, 3268, 3269, 3269, 3270, 3271, 3271, 3272, 3273, 3274, 3275, 3276, 3278, 3280, 3282, 3285, 3287, 3289, 3291, 3293, 3294, 3295, 3297, 3297, 3298, 3299, 3300, 3300, 3301, 3301, 3301, 3302, 3302, 3302, 3303, 3303, 3303, 3303, 3303, 3304, 3304, 3304, 3304, 3304, 3303, 3303, 3303, 3301, 3318]

============================

斜率列表: (101 points)
 [760, 665, 510, 405, 290, 150, 60, 35, 25, 20, 20, 30, 50, 60, 50, 45, 50, 45, 40, 40, 35, 30, 30, 25, 25, 35, 35, 30, 30, 30, 30, 30, 30, 25, 15, 15, 15, 10, 10, 10, 10, 10, 10, 5, 5, 5, 5, 10, 5, 5, 5, 5, 5, 5, 5, 5, 10, 5, 5, 10, 10, 10, 10, 15, 20, 20, 25, 25, 20, 20, 20, 15, 10, 15, 10, 5, 10, 10, 5, 5, 5, 2, 5, 5, 2, 5, 5, 2, 2, 2, 5, 5, 2, 2, 2, -5, -5, 2, -10, 75, 170]

============================

斜率列表(乘10): (21 points)
 [760, 150, 20, 45, 35, 35, 30, 15, 10, 5, 5, 5, 10, 20, 20, 5, 5, 5, 5, -5, 170]
斜率列表(乘10): (29 points)
 [760, 665, 510, 405, 290, 150, 20, 45, 35, 35, 30, 15, 10, 5, 5, 5, 10, 20, 20, 5, 5, 5, 5, -5, -5, 2, -10, 75, 170]
斜率有负值

============================

平均电压列表: (21 points)
 [3318, 3304, 3303, 3302, 3301, 3297, 3291, 3280, 3273, 3269, 3267, 3264, 3260, 3254, 3242, 3226, 3212, 3190, 3168, 3149, 2913]
平均电压列表: (29 points)
 [2913, 2989, 3046, 3091, 3127, 3149, 3168, 3190, 3212, 3226, 3242, 3254, 3260, 3264, 3267, 3269, 3273, 3280, 3291, 3297, 3301, 3302, 3303, 3304, 3303, 3303, 3303, 3301, 3318]
平均电压列表中有相同的值

============================