(.venv) hm@archlinux ~/D/mysoc (master)> python3 /home/hm/Desktop/mysoc/data/process_data/parse_new_data_level2.py /home/hm/Desktop/mysoc/data/process_data/d+35/chg/5c/4-
cell-curves.xlsx
===================================================================
processing file: /home/hm/Desktop/mysoc/data/process_data/d+35/chg/5c/4-cell-curves.xlsx
===================================================================
文件包含 4 个sheet: ['Sheet1', 'Sheet2', 'Sheet3', 'Sheet4']
sheet1 row lenth is:  7298
capacity is:  318.267688 319.841711 316.690315 319.259879
avg_capacity is(99%):  315.37489825
电压列表, 101 point  [2943. 3060. 3129. 3180. 3221. 3253. 3274. 3278. 3281. 3283. 3286. 3289.
 3293. 3297. 3302. 3308. 3313. 3319. 3324. 3329. 3333. 3337. 3341. 3345.
 3349. 3351. 3354. 3356. 3358. 3360. 3361. 3362. 3362. 3363. 3363. 3364.
 3364. 3365. 3365. 3366. 3366. 3367. 3367. 3368. 3369. 3369. 3370. 3371.
 3372. 3372. 3373. 3374. 3375. 3376. 3377. 3379. 3380. 3381. 3383. 3385.
 3386. 3388. 3390. 3392. 3394. 3395. 3396. 3397. 3398. 3399. 3400. 3400.
 3401. 3401. 3402. 3403. 3403. 3404. 3405. 3405. 3406. 3407. 3408. 3409.
 3410. 3411. 3412. 3413. 3415. 3416. 3418. 3420. 3422. 3425. 3428. 3433.
 3438. 3447. 3459. 3481. 3535.]
电压列表, 21 point  [2943. 3253. 3286. 3308. 3333. 3351. 3361. 3364. 3366. 3369. 3373. 3379.
 3386. 3395. 3400. 3403. 3406. 3411. 3418. 3433. 3535.]
电压列表, 29 point  [2943. 3060. 3129. 3180. 3221. 3253. 3286. 3308. 3333. 3351. 3361. 3364.
 3366. 3369. 3373. 3379. 3386. 3395. 3400. 3403. 3406. 3411. 3418. 3433.
 3438. 3447. 3459. 3481. 3535.]
斜率列表: (101 points)
 [1170.  930.  600.  460.  365.  265.  125.   35.   25.   25.   30.   35.
   40.   45.   55.   55.   55.   55.   50.   45.   40.   40.   40.   40.
   30.   25.   25.   20.   20.   15.   10.    5.    5.    5.    5.    5.
    5.    5.    5.    5.    5.    5.    5.   10.    5.    5.   10.   10.
    5.    5.   10.   10.   10.   10.   15.   15.   10.   15.   20.   15.
   15.   20.   20.   20.   15.   10.   10.   10.   10.   10.    5.    5.
    5.    5.   10.    5.    5.   10.    5.    5.   10.   10.   10.   10.
   10.   10.   10.   15.   15.   15.   20.   20.   25.   30.   40.   50.
   70.  105.  170.  380.  540.]
斜率列表, 21 point  [1170.  265.   30.   55.   40.   25.   10.    5.    5.    5.   10.   15.
   15.   10.    5.    5.   10.   10.   20.   50.  540.]
斜率列表, 29 point  [1170.  930.  600.  460.  365.  265.   30.   55.   40.   25.   10.    5.
    5.    5.   10.   15.   15.   10.    5.    5.   10.   10.   20.   50.
   70.  105.  170.  380.  540.]