hm@archlinux ~/D/m/src (state_machine)> python3 ../data/curve.py ../data/15d5c/dsg.xlsx
最后一个元素: 容量: -96.48247222222179, 平均电压: 2961
平均电压列表(从小到大): (101 points)
 [2961, 3005, 3036, 3058, 3074, 3086, 3095, 3102, 3108, 3113, 3118, 3123, 3128, 3132, 3136, 3141, 3145, 3149, 3152, 3155, 3158, 3161, 3164, 3166, 3169, 3171, 3173, 3175, 3177, 3179, 3180, 3182, 3184, 3185, 3186, 3188, 3189, 3190, 3192, 3193, 3194, 3195, 3196, 3197, 3198, 3200, 3201, 3201, 3202, 3203, 3204, 3205, 3206, 3207, 3207, 3208, 3209, 3210, 3211, 3212, 3212, 3213, 3213, 3214, 3215, 3216, 3216, 3217, 3218, 3218, 3219, 3220, 3220, 3221, 3221, 3222, 3222, 3222, 3223, 3223, 3223, 3223, 3223, 3224, 3224, 3224, 3224, 3224, 3224, 3224, 3223, 3223, 3223, 3223, 3222, 3222, 3221, 3221, 3221, 3223, 3265]

============================

斜率列表: (101 points)
 [440, 375, 265, 190, 140, 105, 80, 65, 55, 50, 50, 50, 45, 40, 45, 45, 40, 35, 30, 30, 30, 30, 25, 25, 25, 20, 20, 20, 20, 15, 15, 20, 15, 10, 15, 15, 10, 15, 15, 10, 10, 10, 10, 10, 15, 15, 5, 5, 10, 10, 10, 10, 10, 5, 5, 10, 10, 10, 10, 5, 5, 5, 5, 10, 10, 5, 5, 10, 5, 5, 10, 5, 5, 5, 5, 5, 2, 5, 5, 2, 2, 2, 5, 5, 2, 2, 2, 2, 2, -5, -5, 2, 2, -5, -5, -5, -5, 2, 10, 220, 420]

============================

斜率列表(乘10): (21 points)
 [440, 105, 50, 45, 30, 20, 15, 15, 10, 15, 10, 10, 5, 5, 10, 5, 2, 2, -5, -5, 420]
斜率列表(乘10): (29 points)
 [440, 375, 265, 190, 140, 105, 50, 45, 30, 20, 15, 15, 10, 15, 10, 10, 5, 5, 10, 5, 2, 2, -5, -5, -5, 2, 10, 220, 420]
斜率有负值

============================

平均电压列表: (21 points)
 [3265, 3222, 3223, 3224, 3223, 3222, 3219, 3216, 3212, 3208, 3204, 3200, 3194, 3188, 3180, 3171, 3158, 3141, 3118, 3086, 2961]
平均电压列表: (29 points)
 [2961, 3005, 3036, 3058, 3074, 3086, 3118, 3141, 3158, 3171, 3180, 3188, 3194, 3200, 3204, 3208, 3212, 3216, 3219, 3222, 3223, 3224, 3223, 3222, 3221, 3221, 3221, 3223, 3265]
平均电压列表中有相同的值

============================