(.venv) hm@archlinux ~/D/mysoc (master)> python3 /home/hm/Desktop/mysoc/data/process_data/parse_new_data_level2.py /home/hm/Desktop/mysoc/data/process_data/d+35/chg/3c/4-
cell-curves.xlsx
===================================================================
processing file: /home/hm/Desktop/mysoc/data/process_data/d+35/chg/3c/4-cell-curves.xlsx
===================================================================
文件包含 4 个sheet: ['Sheet1', 'Sheet2', 'Sheet3', 'Sheet4']
sheet1 row lenth is:  12190
capacity is:  318.971079 320.957516 317.711912 320.110614
avg_capacity is(99%):  316.29778025
电压列表, 101 point  [2910. 3030. 3101. 3155. 3197. 3231. 3254. 3260. 3262. 3264. 3267. 3269.
 3273. 3277. 3283. 3288. 3294. 3300. 3306. 3310. 3315. 3319. 3323. 3327.
 3331. 3334. 3337. 3339. 3342. 3343. 3345. 3346. 3346. 3347. 3347. 3347.
 3348. 3348. 3349. 3349. 3349. 3350. 3350. 3351. 3351. 3352. 3353. 3353.
 3354. 3355. 3356. 3356. 3357. 3358. 3359. 3360. 3362. 3363. 3364. 3366.
 3368. 3370. 3373. 3376. 3378. 3381. 3382. 3383. 3384. 3384. 3385. 3385.
 3386. 3386. 3386. 3387. 3387. 3388. 3388. 3389. 3389. 3390. 3390. 3391.
 3392. 3393. 3393. 3394. 3396. 3397. 3398. 3400. 3401. 3404. 3407. 3410.
 3415. 3423. 3435. 3457. 3523.]
电压列表, 21 point  [2910. 3231. 3267. 3288. 3315. 3334. 3345. 3347. 3349. 3352. 3356. 3360.
 3368. 3381. 3385. 3387. 3389. 3393. 3398. 3410. 3523.]
电压列表, 29 point  [2910. 3030. 3101. 3155. 3197. 3231. 3267. 3288. 3315. 3334. 3345. 3347.
 3349. 3352. 3356. 3360. 3368. 3381. 3385. 3387. 3389. 3393. 3398. 3410.
 3415. 3423. 3435. 3457. 3523.]
斜率列表: (101 points)
 [1200.  955.  625.  480.  380.  285.  145.   40.   20.   25.   25.   30.
   40.   50.   55.   55.   60.   60.   50.   45.   45.   40.   40.   40.
   35.   30.   25.   25.   20.   15.   15.    5.    5.    5.    2.    5.
    5.    5.    5.    2.    5.    5.    5.    5.    5.   10.    5.    5.
   10.   10.    5.    5.   10.   10.   10.   15.   15.   10.   15.   20.
   20.   25.   30.   25.   25.   20.   10.   10.    5.    5.    5.    5.
    5.    2.    5.    5.    5.    5.    5.    5.    5.    5.    5.   10.
   10.    5.    5.   15.   15.   10.   15.   15.   20.   30.   30.   40.
   65.  100.  170.  440.  660.]
斜率列表, 21 point  [1200.  285.   25.   55.   45.   30.   15.    5.    5.   10.    5.   15.
   20.   20.    5.    5.    5.    5.   15.   40.  660.]
斜率列表, 29 point  [1200.  955.  625.  480.  380.  285.   25.   55.   45.   30.   15.    5.
    5.   10.    5.   15.   20.   20.    5.    5.    5.    5.   15.   40.
   65.  100.  170.  440.  660.]