(.venv) hm@archlinux ~/D/m/d/process_data (master)> python3 /home/hm/Desktop/mysoc/data/process_data/parse_new_data_level2.py /home/hm/Desktop/mysoc/data/process_data/d+45/chg/1c/4-c
ell-curves.xlsx
===================================================================
processing file: /home/hm/Desktop/mysoc/data/process_data/d+45/chg/1c/4-cell-curves.xlsx
===================================================================
文件包含 4 个sheet: ['Sheet1', 'Sheet2', 'Sheet3', 'Sheet4']
sheet1 row lenth is:  36777
capacity is:  320.769233 322.727605 319.765765 322.053251
avg_capacity is(99%):  318.1889635
电压列表, 101 point  [2854. 2978. 3055. 3113. 3157. 3193. 3221. 3234. 3236. 3237. 3239. 3241.
 3244. 3249. 3254. 3260. 3266. 3273. 3279. 3284. 3288. 3292. 3296. 3301.
 3306. 3309. 3312. 3314. 3316. 3319. 3321. 3324. 3325. 3326. 3326. 3327.
 3327. 3327. 3328. 3328. 3329. 3329. 3329. 3330. 3330. 3330. 3331. 3331.
 3332. 3332. 3333. 3333. 3334. 3334. 3335. 3335. 3336. 3337. 3338. 3339.
 3340. 3342. 3344. 3347. 3351. 3356. 3360. 3362. 3362. 3362. 3362. 3362.
 3363. 3363. 3363. 3363. 3363. 3364. 3364. 3364. 3364. 3364. 3365. 3365.
 3365. 3366. 3366. 3366. 3367. 3367. 3367. 3368. 3368. 3369. 3370. 3371.
 3372. 3375. 3382. 3401. 3490.]
电压列表, 21 point  [2854. 3193. 3239. 3260. 3288. 3309. 3321. 3327. 3329. 3330. 3333. 3335.
 3340. 3356. 3362. 3363. 3364. 3366. 3367. 3371. 3490.]
电压列表, 29 point  [2854. 2978. 3055. 3113. 3157. 3193. 3239. 3260. 3288. 3309. 3321. 3327.
 3329. 3330. 3333. 3335. 3340. 3356. 3362. 3363. 3364. 3366. 3367. 3371.
 3372. 3375. 3382. 3401. 3490.]
斜率列表: (101 points)
 [1240. 1005.  675.  510.  400.  320.  205.   75.   15.   15.   20.   25.
   40.   50.   55.   60.   65.   65.   55.   45.   40.   40.   45.   50.
   40.   30.   25.   20.   25.   25.   25.   20.   10.    5.    5.    5.
    2.    5.    5.    5.    5.    2.    5.    5.    2.    5.    5.    5.
    5.    5.    5.    5.    5.    5.    5.    5.   10.   10.   10.   10.
   15.   20.   25.   35.   45.   45.   30.   10.    2.    2.    2.    5.
    5.    2.    2.    2.    5.    5.    2.    2.    2.    5.    5.    2.
    5.    5.    2.    5.    5.    2.    5.    5.    5.   10.   10.   10.
   20.   50.  130.  540.  890.]
斜率列表, 21 point  [1240.  320.   20.   60.   40.   30.   25.    5.    5.    5.    5.    5.
   15.   45.    2.    2.    2.    5.    5.   10.  890.]
斜率列表, 29 point  [1240. 1005.  675.  510.  400.  320.   20.   60.   40.   30.   25.    5.
    5.    5.    5.    5.   15.   45.    2.    2.    2.    5.    5.   10.
   20.   50.  130.  540.  890.]