hm@archlinux ~/D/m/test (master)> python3 ../data/curve.py ../data/35d2c/dsg.xlsx
最后一个元素: 容量: -99.79566666665727, 平均电压: 2921
平均电压列表(从小到大): (101 points)
 [2921, 2996, 3053, 3098, 3132, 3151, 3159, 3163, 3165, 3168, 3169, 3172, 3177, 3183, 3189, 3194, 3198, 3203, 3207, 3212, 3215, 3218, 3221, 3224, 3227, 3230, 3233, 3236, 3239, 3242, 3244, 3247, 3249, 3251, 3253, 3255, 3256, 3258, 3259, 3260, 3261, 3262, 3262, 3263, 3264, 3264, 3265, 3265, 3266, 3266, 3267, 3267, 3268, 3268, 3269, 3270, 3270, 3271, 3272, 3273, 3273, 3275, 3276, 3278, 3280, 3282, 3284, 3287, 3289, 3292, 3293, 3295, 3297, 3298, 3299, 3300, 3300, 3301, 3301, 3302, 3303, 3303, 3303, 3303, 3304, 3304, 3304, 3304, 3305, 3305, 3305, 3305, 3305, 3305, 3305, 3305, 3305, 3304, 3304, 3303, 3349]

============================

斜率列表: (101 points)
 [750, 660, 510, 395, 265, 135, 60, 30, 25, 20, 20, 40, 55, 60, 55, 45, 45, 45, 45, 40, 30, 30, 30, 30, 30, 30, 30, 30, 30, 25, 25, 25, 20, 20, 20, 15, 15, 15, 10, 10, 10, 5, 5, 10, 5, 5, 5, 5, 5, 5, 5, 5, 5, 5, 10, 5, 5, 10, 10, 5, 10, 15, 15, 20, 20, 20, 25, 25, 25, 20, 15, 20, 15, 10, 10, 5, 5, 5, 5, 10, 5, 2, 2, 5, 5, 2, 2, 5, 5, 2, 2, 2, 2, 2, 2, 2, -5, -5, -5, 225, 460]

============================

斜率列表(乘10): (21 points)
 [750, 135, 20, 45, 30, 30, 25, 15, 10, 5, 5, 5, 10, 20, 15, 5, 5, 2, 2, 2, 460]
斜率列表(乘10): (29 points)
 [750, 660, 510, 395, 265, 135, 20, 45, 30, 30, 25, 15, 10, 5, 5, 5, 10, 20, 15, 5, 5, 2, 2, 2, -5, -5, -5, 225, 460]
斜率有负值

============================

平均电压列表: (21 points)
 [3349, 3305, 3305, 3304, 3303, 3300, 3293, 3282, 3273, 3270, 3267, 3264, 3261, 3255, 3244, 3230, 3215, 3194, 3169, 3151, 2921]
平均电压列表: (29 points)
 [2921, 2996, 3053, 3098, 3132, 3151, 3169, 3194, 3215, 3230, 3244, 3255, 3261, 3264, 3267, 3270, 3273, 3282, 3293, 3300, 3303, 3304, 3305, 3305, 3305, 3304, 3304, 3303, 3349]
平均电压列表中有相同的值

============================