
hm@archlinux ~/D/m/test (master)> python3 ../data/curve.py ../data/5d4c/dsg.xlsx
最后一个元素: 容量: -88.18911111111316, 平均电压: 2984
平均电压列表(从小到大): (101 points)
 [2984, 3008, 3027, 3044, 3057, 3068, 3077, 3085, 3092, 3098, 3104, 3109, 3113, 3117, 3121, 3124, 3128, 3131, 3133, 3136, 3139, 3141, 3143, 3145, 3148, 3149, 3151, 3153, 3154, 3156, 3158, 3159, 3161, 3162, 3163, 3164, 3165, 3167, 3168, 3169, 3170, 3171, 3171, 3172, 3173, 3174, 3175, 3176, 3176, 3177, 3178, 3178, 3179, 3179, 3180, 3180, 3181, 3182, 3182, 3183, 3183, 3183, 3184, 3184, 3184, 3185, 3185, 3185, 3185, 3185, 3185, 3185, 3185, 3185, 3184, 3184, 3184, 3183, 3183, 3183, 3182, 3182, 3181, 3180, 3179, 3179, 3178, 3177, 3176, 3174, 3173, 3172, 3167, 3165, 3164, 3162, 3161, 3159, 3158, 3162, 3222]

============================

斜率列表: (101 points)
 [240, 215, 180, 150, 120, 100, 85, 75, 65, 60, 55, 45, 40, 40, 35, 35, 35, 25, 25, 30, 25, 20, 20, 25, 20, 15, 20, 15, 15, 20, 15, 15, 15, 10, 10, 10, 15, 15, 10, 10, 10, 5, 5, 10, 10, 10, 10, 5, 5, 10, 5, 5, 5, 5, 5, 5, 10, 5, 5, 5, 2, 5, 5, 2, 5, 5, 2, 2, 2, 2, 2, 2, 2, -5, -5, 2, -5, -5, 2, -5, -5, -5, -10, -10, -5, -5, -10, -10, -15, -15, -10, -30, -35, -15, -15, -15, -15, -15, 15, 320, 600]

============================

斜率列表(乘10): (21 points)
 [240, 100, 55, 35, 25, 15, 15, 10, 10, 10, 5, 5, 2, 5, 2, 2, -5, -5, -10, -15, 600]
斜率列表(乘10): (29 points)
 [240, 215, 180, 150, 120, 100, 55, 35, 25, 15, 15, 10, 10, 10, 5, 5, 2, 5, 2, 2, -5, -5, -10, -15, -15, -15, 15, 320, 600]
斜率有负值

============================

平均电压列表: (21 points)
 [3222, 3162, 3173, 3179, 3182, 3184, 3185, 3185, 3183, 3180, 3178, 3174, 3170, 3164, 3158, 3149, 3139, 3124, 3104, 3068, 2984]
平均电压列表: (29 points)
 [2984, 3008, 3027, 3044, 3057, 3068, 3104, 3124, 3139, 3149, 3158, 3164, 3170, 3174, 3178, 3180, 3183, 3185, 3185, 3184, 3182, 3179, 3173, 3162, 3161, 3159, 3158, 3162, 3222]
平均电压列表中有相同的值

============================