(.venv) hm@archlinux ~/D/m/d/process_data (master)> python3 /home/hm/Desktop/mysoc/data/process_data/parse_new_data_level2.py /home/hm/Desktop/mysoc/data/process_data/d+45/dsg/5c/4-c
ell-curves.xlsx
===================================================================
processing file: /home/hm/Desktop/mysoc/data/process_data/d+45/dsg/5c/4-cell-curves.xlsx
===================================================================
文件包含 4 个sheet: ['Sheet1', 'Sheet2', 'Sheet3', 'Sheet4']
sheet1 row lenth is:  7249
capacity is:  316.144684 318.071735 314.932153 317.52081
avg_capacity is(99%):  313.5273455
电压列表, 101 point  [3429. 3331. 3296. 3284. 3282. 3282. 3282. 3282. 3282. 3282. 3282. 3282.
 3281. 3281. 3281. 3280. 3280. 3280. 3279. 3279. 3278. 3277. 3277. 3276.
 3275. 3274. 3273. 3272. 3271. 3269. 3268. 3266. 3265. 3263. 3261. 3260.
 3258. 3257. 3256. 3255. 3254. 3253. 3252. 3252. 3251. 3250. 3249. 3249.
 3248. 3247. 3246. 3246. 3245. 3244. 3243. 3242. 3241. 3240. 3239. 3238.
 3237. 3236. 3235. 3234. 3233. 3231. 3230. 3228. 3226. 3224. 3222. 3219.
 3217. 3214. 3211. 3208. 3205. 3202. 3200. 3197. 3194. 3190. 3186. 3182.
 3178. 3173. 3169. 3163. 3158. 3153. 3150. 3148. 3145. 3142. 3138. 3131.
 3118. 3092. 3054. 3005. 2942.]
电压列表, 21 point  [2942. 3131. 3150. 3173. 3194. 3208. 3222. 3231. 3237. 3242. 3246. 3250.
 3254. 3260. 3268. 3274. 3278. 3280. 3282. 3282. 3429.]
电压列表, 29 point  [2942. 3005. 3054. 3092. 3118. 3131. 3150. 3173. 3194. 3208. 3222. 3231.
 3237. 3242. 3246. 3250. 3254. 3260. 3268. 3274. 3278. 3280. 3282. 3282.
 3282. 3284. 3296. 3331. 3429.]
斜率列表: (101 points)
 [630. 560. 435. 320. 195. 100.  55.  35.  30.  25.  25.  40.  50.  55.
  50.  45.  45.  40.  40.  40.  35.  30.  25.  25.  30.  30.  30.  30.
  25.  25.  25.  20.  20.  20.  15.  15.  15.  10.  10.  10.  10.  10.
  10.  10.  10.  10.  10.  10.  10.   5.   5.  10.  10.   5.   5.  10.
  10.   5.   5.  10.  10.  10.  10.  10.  15.  15.  15.  20.  15.  15.
  15.  15.  15.  10.  10.  10.  10.  10.   5.   5.  10.   5.   5.   5.
   2.   5.   5.   2.   5.   5.   2.   2.   2.   2.   2.   2.  10.  70.
 235. 665. 980.]
斜率列表, 21 point  [630. 100.  25.  45.  35.  30.  25.  15.  10.  10.   5.  10.  10.  15.
  15.  10.  10.   5.   2.   2. 980.]
斜率列表, 29 point  [630. 560. 435. 320. 195. 100.  25.  45.  35.  30.  25.  15.  10.  10.
   5.  10.  10.  15.  15.  10.  10.   5.   2.   2.  10.  70. 235. 665.
 980.]