hm@archlinux ~/D/m/test (master)> python3 ../data/curve.py ../data/5d2c/dsg.xls
x
最后一个元素: 容量: -92.04716666668037, 平均电压: 2963
平均电压列表(从小到大): (101 points)
 [2963, 2998, 3026, 3048, 3065, 3078, 3089, 3098, 3106, 3113, 3119, 3125, 3130, 3135, 3140, 3144, 3148, 3151, 3155, 3158, 3161, 3164, 3166, 3169, 3171, 3173, 3175, 3177, 3179, 3181, 3182, 3184, 3186, 3187, 3188, 3190, 3191, 3192, 3194, 3195, 3196, 3197, 3198, 3200, 3200, 3201, 3202, 3203, 3204, 3205, 3206, 3207, 3208, 3209, 3210, 3211, 3212, 3213, 3214, 3215, 3215, 3216, 3217, 3218, 3219, 3220, 3221, 3222, 3222, 3223, 3224, 3225, 3225, 3226, 3227, 3227, 3228, 3228, 3228, 3229, 3229, 3229, 3229, 3229, 3229, 3229, 3229, 3229, 3229, 3228, 3228, 3227, 3226, 3226, 3225, 3224, 3224, 3223, 3222, 3224, 3318]

============================

斜率列表: (101 points)
 [350, 315, 250, 195, 150, 120, 100, 85, 75, 65, 60, 55, 50, 50, 45, 40, 35, 35, 35, 30, 30, 25, 25, 25, 20, 20, 20, 20, 20, 15, 15, 20, 15, 10, 15, 15, 10, 15, 15, 10, 10, 10, 15, 10, 5, 10, 10, 10, 10, 10, 10, 10, 10, 10, 10, 10, 10, 10, 10, 5, 5, 10, 10, 10, 10, 10, 10, 5, 5, 10, 10, 5, 5, 10, 5, 5, 5, 2, 5, 5, 2, 2, 2, 2, 2, 2, 2, 2, -5, -5, -5, -10, -5, -5, -10, -5, -5, -10, 5, 480, 940]

============================

斜率列表(乘10): (21 points)
 [350, 120, 60, 40, 30, 20, 15, 15, 10, 10, 10, 10, 5, 10, 10, 5, 2, 2, -5, -5, 940]
斜率列表(乘10): (29 points)
 [350, 315, 250, 195, 150, 120, 60, 40, 30, 20, 15, 15, 10, 10, 10, 10, 5, 10, 10, 5, 2, 2, -5, -5, -5, -10, 5, 480, 940]
斜率有负值

============================

平均电压列表: (21 points)
 [3318, 3224, 3228, 3229, 3229, 3227, 3224, 3220, 3215, 3211, 3206, 3201, 3196, 3190, 3182, 3173, 3161, 3144, 3119, 3078, 2963]
平均电压列表: (29 points)
 [2963, 2998, 3026, 3048, 3065, 3078, 3119, 3144, 3161, 3173, 3182, 3190, 3196, 3201, 3206, 3211, 3215, 3220, 3224, 3227, 3229, 3229, 3228, 3224, 3224, 3223, 3222, 3224, 3318]
平均电压列表中有相同的值

============================
