(.venv) hm@archlinux ~/D/m/d/process_data (master)> python3 /home/hm/Desktop/mysoc/data/process_data/parse_new_data_level2.py /home/hm/Desktop/mysoc/data/process_data/d+45/chg/4c/4-c
ell-curves.xlsx
===================================================================
processing file: /home/hm/Desktop/mysoc/data/process_data/d+45/chg/4c/4-cell-curves.xlsx
===================================================================
文件包含 4 个sheet: ['Sheet1', 'Sheet2', 'Sheet3', 'Sheet4']
sheet1 row lenth is:  9121
capacity is:  318.210132 320.178363 316.961952 319.509069
avg_capacity is(99%):  315.574879
电压列表, 101 point  [2914. 3029. 3101. 3154. 3195. 3229. 3253. 3260. 3262. 3264. 3267. 3269.
 3273. 3277. 3282. 3287. 3293. 3299. 3305. 3310. 3314. 3318. 3323. 3327.
 3331. 3334. 3336. 3339. 3341. 3344. 3346. 3348. 3349. 3349. 3350. 3350.
 3351. 3351. 3352. 3352. 3353. 3353. 3354. 3354. 3355. 3356. 3356. 3357.
 3358. 3358. 3359. 3360. 3361. 3361. 3362. 3363. 3364. 3365. 3366. 3368.
 3369. 3371. 3373. 3375. 3378. 3380. 3382. 3383. 3384. 3384. 3385. 3385.
 3385. 3386. 3386. 3387. 3387. 3388. 3388. 3389. 3390. 3390. 3391. 3391.
 3392. 3393. 3394. 3394. 3395. 3396. 3397. 3399. 3400. 3402. 3404. 3407.
 3411. 3417. 3428. 3449. 3515.]
电压列表, 21 point  [2914. 3229. 3267. 3287. 3314. 3334. 3346. 3350. 3353. 3356. 3359. 3363.
 3369. 3380. 3385. 3387. 3390. 3393. 3397. 3407. 3515.]
电压列表, 29 point  [2914. 3029. 3101. 3154. 3195. 3229. 3267. 3287. 3314. 3334. 3346. 3350.
 3353. 3356. 3359. 3363. 3369. 3380. 3385. 3387. 3390. 3393. 3397. 3407.
 3411. 3417. 3428. 3449. 3515.]
斜率列表: (101 points)
 [1150.  935.  625.  470.  375.  290.  155.   45.   20.   25.   25.   30.
   40.   45.   50.   55.   60.   60.   55.   45.   40.   45.   45.   40.
   35.   25.   25.   25.   25.   25.   20.   15.    5.    5.    5.    5.
    5.    5.    5.    5.    5.    5.    5.    5.   10.    5.    5.   10.
    5.    5.   10.   10.    5.    5.   10.   10.   10.   10.   15.   15.
   15.   20.   20.   25.   25.   20.   15.   10.    5.    5.    5.    2.
    5.    5.    5.    5.    5.    5.    5.   10.    5.    5.    5.    5.
   10.   10.    5.    5.   10.   10.   15.   15.   15.   20.   25.   35.
   50.   85.  160.  435.  660.]
斜率列表, 21 point  [1150.  290.   25.   55.   40.   25.   20.    5.    5.    5.   10.   10.
   15.   20.    5.    5.    5.   10.   15.   35.  660.]
斜率列表, 29 point  [1150.  935.  625.  470.  375.  290.   25.   55.   40.   25.   20.    5.
    5.    5.   10.   10.   15.   20.    5.    5.    5.   10.   15.   35.
   50.   85.  160.  435.  660.]