(.venv) hm@archlinux ~/D/m/d/process_data (master)> python3 /home/hm/Desktop/mysoc/data/process_data/parse_new_data_level2.py /home/hm/Desktop/mysoc/data/process_data/d+05/dsg/4c/4-c
ell-curves.xlsx
===================================================================
processing file: /home/hm/Desktop/mysoc/data/process_data/d+05/dsg/4c/4-cell-curves.xlsx
===================================================================
文件包含 4 个sheet: ['Sheet1', 'Sheet2', 'Sheet3', 'Sheet4']
sheet1 row lenth is:  138
capacity is:  287.510346 279.513787 281.343736 277.92021
avg_capacity is(99%):  278.43201975
电压列表, 101 point  [3154. 3141. 3136. 3135. 3135. 3136. 3137. 3138. 3139. 3141. 3142. 3143.
 3143. 3144. 3145. 3145. 3146. 3146. 3147. 3147. 3147. 3147. 3147. 3147.
 3147. 3147. 3147. 3146. 3146. 3146. 3145. 3145. 3144. 3144. 3143. 3142.
 3141. 3141. 3140. 3139. 3138. 3137. 3136. 3136. 3134. 3133. 3132. 3131.
 3129. 3128. 3127. 3126. 3125. 3122. 3121. 3120. 3119. 3116. 3115. 3113.
 3112. 3109. 3107. 3106. 3104. 3102. 3099. 3097. 3095. 3093. 3089. 3087.
 3085. 3083. 3078. 3076. 3073. 3071. 3068. 3063. 3060. 3057. 3054. 3047.
 3044. 3040. 3036. 3028. 3024. 3020. 3015. 3010. 3000. 2995. 2989. 2983.
 2970. 2962. 2955. 2947. 2930.]
电压列表, 21 point  [2930. 2983. 3015. 3040. 3060. 3076. 3089. 3102. 3112. 3120. 3127. 3133.
 3138. 3142. 3145. 3147. 3147. 3145. 3142. 3136. 3154.]
电压列表, 29 point  [2930. 2947. 2955. 2962. 2970. 2983. 3015. 3040. 3060. 3076. 3089. 3102.
 3112. 3120. 3127. 3133. 3138. 3142. 3145. 3147. 3147. 3145. 3142. 3136.
 3135. 3135. 3136. 3141. 3154.]
斜率列表: (101 points)
 [170. 125.  75.  75. 105.  95.  60.  55.  75.  75.  50.  45.  40.  60.
  60.  40.  35.  50.  50.  30.  30.  40.  40.  25.  25.  25.  35.  35.
  20.  20.  30.  30.  20.  20.  25.  25.  20.  15.  15.  25.  20.  15.
  15.  20.  20.  10.  10.  20.  20.  10.  10.  10.  15.  15.  10.  10.
  15.  10.   5.  10.  10.  10.  10.   5.   5.  10.  10.   5.   5.   5.
   5.   5.   2.   5.   5.   2.   2.   2.   2.   2.   2.   2.  -5.  -5.
  -5.  -5.  -5. -10.  -5.  -5. -10. -15. -15. -10. -10. -10.  -5.   5.
  30.  90. 130.]
斜率列表, 21 point  [170.  95.  50.  40.  30.  25.  30.  25.  20.  10.  10.  10.  10.  10.
   5.   2.   2.  -5. -10. -10. 130.]
斜率列表, 29 point  [170. 125.  75.  75. 105.  95.  50.  40.  30.  25.  30.  25.  20.  10.
  10.  10.  10.  10.   5.   2.   2.  -5. -10. -10.  -5.   5.  30.  90.
 130.]