hm@archlinux ~/D/m/test (master)> python3 ../data/curve.py ../data/5d3c/dsg.xlsx
最后一个元素: 容量: -89.01161111111087, 平均电压: 2977
平均电压列表(从小到大): (101 points)
 [2977, 3005, 3027, 3045, 3060, 3072, 3082, 3090, 3097, 3104, 3110, 3115, 3120, 3124, 3128, 3132, 3135, 3139, 3141, 3144, 3147, 3150, 3152, 3154, 3156, 3158, 3160, 3162, 3164, 3165, 3167, 3169, 3170, 3171, 3173, 3174, 3175, 3176, 3178, 3179, 3180, 3181, 3182, 3183, 3184, 3185, 3186, 3187, 3187, 3188, 3189, 3190, 3191, 3191, 3192, 3193, 3193, 3194, 3195, 3195, 3196, 3196, 3197, 3197, 3198, 3198, 3199, 3199, 3200, 3200, 3200, 3200, 3201, 3201, 3201, 3201, 3201, 3201, 3201, 3201, 3200, 3200, 3200, 3200, 3199, 3198, 3198, 3198, 3197, 3196, 3195, 3194, 3193, 3192, 3191, 3189, 3188, 3187, 3186, 3188, 3238]

============================

斜率列表: (101 points)
 [280, 250, 200, 165, 135, 110, 90, 75, 70, 65, 55, 50, 45, 40, 40, 35, 35, 30, 25, 30, 30, 25, 20, 20, 20, 20, 20, 20, 15, 15, 20, 15, 10, 15, 15, 10, 10, 15, 15, 10, 10, 10, 10, 10, 10, 10, 10, 5, 5, 10, 10, 10, 5, 5, 10, 5, 5, 10, 5, 5, 5, 5, 5, 5, 5, 5, 5, 5, 5, 2, 2, 5, 5, 2, 2, 2, 2, 2, 2, -5, -5, 2, 2, -5, -10, -5, 2, -5, -10, -10, -10, -10, -10, -10, -15, -15, -10, -10, 5, 260, 500]

============================

斜率列表(乘10): (21 points)
 [280, 110, 55, 35, 30, 20, 20, 10, 10, 10, 10, 5, 5, 5, 2, 2, -5, -5, -10, -15, 500]
斜率列表(乘10): (29 points)
 [280, 250, 200, 165, 135, 110, 55, 35, 30, 20, 20, 10, 10, 10, 10, 5, 5, 5, 2, 2, -5, -5, -10, -15, -10, -10, 5, 260, 500]
斜率有负值

============================

平均电压列表: (21 points)
 [3238, 3189, 3195, 3198, 3200, 3201, 3200, 3198, 3196, 3193, 3189, 3185, 3180, 3174, 3167, 3158, 3147, 3132, 3110, 3072, 2977]
平均电压列表: (29 points)
 [2977, 3005, 3027, 3045, 3060, 3072, 3110, 3132, 3147, 3158, 3167, 3174, 3180, 3185, 3189, 3193, 3196, 3198, 3200, 3201, 3200, 3198, 3195, 3189, 3188, 3187, 3186, 3188, 3238]
平均电压列表中有相同的值

============================