(.venv) hm@archlinux ~/D/mysoc (master)> python3 /home/hm/Desktop/mysoc/data/process_data/parse_new_data_level2.py /home/hm/Desktop/mysoc/data/process_data/d+35/chg/1c/4-
cell-curves.xlsx
===================================================================
processing file: /home/hm/Desktop/mysoc/data/process_data/d+35/chg/1c/4-cell-curves.xlsx
===================================================================
文件包含 4 个sheet: ['Sheet1', 'Sheet2', 'Sheet3', 'Sheet4']
sheet1 row lenth is:  36840
capacity is:  321.320353 323.448912 320.343564 322.628404
avg_capacity is(99%):  318.79530825
电压列表, 101 point  [2854. 2983. 3062. 3120. 3165. 3201. 3228. 3239. 3241. 3242. 3244. 3246.
 3250. 3254. 3259. 3265. 3272. 3278. 3284. 3289. 3293. 3297. 3301. 3306.
 3310. 3314. 3316. 3318. 3320. 3323. 3325. 3326. 3327. 3327. 3328. 3328.
 3328. 3329. 3329. 3330. 3330. 3331. 3331. 3332. 3332. 3333. 3333. 3334.
 3334. 3335. 3335. 3336. 3336. 3337. 3338. 3338. 3339. 3340. 3341. 3343.
 3344. 3346. 3349. 3352. 3356. 3361. 3364. 3365. 3366. 3366. 3366. 3366.
 3366. 3367. 3367. 3367. 3367. 3367. 3368. 3368. 3368. 3368. 3369. 3369.
 3369. 3370. 3370. 3371. 3371. 3372. 3372. 3373. 3374. 3375. 3377. 3379.
 3382. 3387. 3397. 3418. 3499.]
电压列表, 21 point  [2854. 3201. 3244. 3265. 3293. 3314. 3325. 3328. 3330. 3333. 3335. 3338.
 3344. 3361. 3366. 3367. 3368. 3370. 3372. 3379. 3499.]
电压列表, 29 point  [2854. 2983. 3062. 3120. 3165. 3201. 3244. 3265. 3293. 3314. 3325. 3328.
 3330. 3333. 3335. 3338. 3344. 3361. 3366. 3367. 3368. 3370. 3372. 3379.
 3382. 3387. 3397. 3418. 3499.]
斜率列表: (101 points)
 [1290. 1040.  685.  515.  405.  315.  190.   65.   15.   15.   20.   30.
   40.   45.   55.   65.   65.   60.   55.   45.   40.   40.   45.   45.
   40.   30.   20.   20.   25.   25.   15.   10.    5.    5.    5.    2.
    5.    5.    5.    5.    5.    5.    5.    5.    5.    5.    5.    5.
    5.    5.    5.    5.    5.   10.    5.    5.   10.   10.   15.   15.
   15.   25.   30.   35.   45.   40.   20.   10.    5.    2.    2.    2.
    5.    5.    2.    2.    2.    5.    5.    2.    2.    5.    5.    2.
    5.    5.    5.    5.    5.    5.    5.   10.   10.   15.   20.   25.
   40.   75.  155.  510.  810.]
斜率列表, 21 point  [1290.  315.   20.   65.   40.   30.   15.    2.    5.    5.    5.    5.
   15.   40.    2.    2.    2.    5.    5.   25.  810.]
斜率列表, 29 point  [1290. 1040.  685.  515.  405.  315.   20.   65.   40.   30.   15.    2.
    5.    5.    5.    5.   15.   40.    2.    2.    2.    5.    5.   25.
   40.   75.  155.  510.  810.]