hm@archlinux ~/D/mysoc (master)> python3 data/curve.py data/35d1c/dsg.xlsx
最后一个元素: 容量: -99.70072222221505, 平均电压: 2911
平均电压列表(从小到大): (101 points)
 [2911, 2991, 3050, 3096, 3134, 3158, 3167, 3171, 3174, 3176, 3177, 3179, 3183, 3189, 3195, 3200, 3205, 3209, 3214, 3219, 3222, 3226, 3228, 3231, 3234, 3237, 3240, 3243, 3246, 3249, 3252, 3256, 3259, 3261, 3263, 3264, 3266, 3267, 3268, 3268, 3269, 3270, 3270, 3271, 3271, 3272, 3272, 3273, 3273, 3274, 3274, 3274, 3275, 3275, 3276, 3276, 3277, 3278, 3278, 3279, 3280, 3281, 3283, 3285, 3287, 3290, 3294, 3297, 3300, 3302, 3304, 3306, 3307, 3308, 3309, 3309, 3310, 3310, 3311, 3311, 3312, 3312, 3312, 3312, 3312, 3312, 3313, 3313, 3313, 3313, 3313, 3313, 3313, 3313, 3313, 3313, 3313, 3313, 3312, 3312, 3329]

============================

斜率列表: (101 points)
 [800, 695, 525, 420, 310, 165, 65, 35, 25, 15, 15, 30, 50, 60, 55, 50, 45, 45, 50, 40, 35, 30, 25, 30, 30, 30, 30, 30, 30, 30, 35, 35, 25, 20, 15, 15, 15, 10, 5, 5, 10, 5, 5, 5, 5, 5, 5, 5, 5, 5, 2, 5, 5, 5, 5, 5, 10, 5, 5, 10, 10, 15, 20, 20, 25, 35, 35, 30, 25, 20, 20, 15, 10, 10, 5, 5, 5, 5, 5, 5, 5, 2, 2, 2, 2, 5, 5, 2, 2, 2, 2, 2, 2, 2, 2, 2, 2, -5, -5, 85, 170]

============================

斜率列表(乘10): (21 points)
 [800, 165, 15, 50, 35, 30, 35, 15, 10, 5, 2, 5, 10, 35, 20, 5, 5, 5, 2, 2, 170]
斜率列表(乘10): (29 points)
 [800, 695, 525, 420, 310, 165, 15, 50, 35, 30, 35, 15, 10, 5, 2, 5, 10, 35, 20, 5, 5, 5, 2, 2, 2, -5, -5, 85, 170]
斜率有负值

============================

平均电压列表: (21 points)
 [3329, 3313, 3313, 3312, 3312, 3309, 3304, 3290, 3280, 3276, 3274, 3272, 3269, 3264, 3252, 3237, 3222, 3200, 3177, 3158, 2911]
平均电压列表: (29 points)
 [2911, 2991, 3050, 3096, 3134, 3158, 3177, 3200, 3222, 3237, 3252, 3264, 3269, 3272, 3274, 3276, 3280, 3290, 3304, 3309, 3312, 3312, 3313, 3313, 3313, 3313, 3312, 3312, 3329]
平均电压列表中有相同的值

============================