(.venv) hm@archlinux ~/D/mysoc (master)> python3 /home/hm/Desktop/mysoc/data/process_data/parse_new_data_level2.py /home/hm/Desktop/mysoc/data/process_data/d+35/chg/4c/4-
cell-curves.xlsx
===================================================================
processing file: /home/hm/Desktop/mysoc/data/process_data/d+35/chg/4c/4-cell-curves.xlsx
===================================================================
文件包含 4 个sheet: ['Sheet1', 'Sheet2', 'Sheet3', 'Sheet4']
sheet1 row lenth is:  9140
capacity is:  318.864855 320.383897 317.122816 319.599594
avg_capacity is(99%):  315.8527905
电压列表, 101 point  [2927. 3045. 3115. 3168. 3209. 3242. 3264. 3269. 3271. 3273. 3276. 3279.
 3283. 3287. 3292. 3298. 3304. 3310. 3315. 3320. 3324. 3328. 3332. 3336.
 3340. 3343. 3346. 3348. 3350. 3352. 3353. 3354. 3354. 3355. 3355. 3356.
 3356. 3357. 3357. 3357. 3358. 3358. 3359. 3359. 3360. 3361. 3361. 3362.
 3363. 3364. 3365. 3365. 3366. 3367. 3369. 3370. 3371. 3372. 3374. 3376.
 3378. 3380. 3382. 3384. 3387. 3388. 3390. 3391. 3391. 3392. 3392. 3393.
 3394. 3394. 3395. 3395. 3396. 3396. 3397. 3397. 3398. 3399. 3400. 3400.
 3401. 3402. 3403. 3404. 3406. 3407. 3408. 3410. 3412. 3415. 3418. 3422.
 3428. 3435. 3447. 3469. 3526.]
电压列表, 21 point  [2927. 3242. 3276. 3298. 3324. 3343. 3353. 3356. 3358. 3361. 3365. 3370.
 3378. 3388. 3392. 3395. 3398. 3402. 3408. 3422. 3526.]
电压列表, 29 point  [2927. 3045. 3115. 3168. 3209. 3242. 3276. 3298. 3324. 3343. 3353. 3356.
 3358. 3361. 3365. 3370. 3378. 3388. 3392. 3395. 3398. 3402. 3408. 3422.
 3428. 3435. 3447. 3469. 3526.]
斜率列表: (101 points)
 [1180.  940.  615.  470.  370.  275.  135.   35.   20.   25.   30.   35.
   40.   45.   55.   60.   60.   55.   50.   45.   40.   40.   40.   40.
   35.   30.   25.   20.   20.   15.   10.    5.    5.    5.    5.    5.
    5.    5.    2.    5.    5.    5.    5.    5.   10.    5.    5.   10.
   10.   10.    5.    5.   10.   15.   15.   10.   10.   15.   20.   20.
   20.   20.   20.   25.   20.   15.   15.    5.    5.    5.    5.   10.
    5.    5.    5.    5.    5.    5.    5.    5.   10.   10.    5.    5.
   10.   10.   10.   15.   15.   10.   15.   20.   25.   30.   35.   50.
   65.   95.  170.  395.  570.]
斜率列表, 21 point  [1180.  275.   30.   60.   40.   30.   10.    5.    5.    5.    5.   10.
   20.   15.    5.    5.   10.   10.   15.   50.  570.]
斜率列表, 29 point  [1180.  940.  615.  470.  370.  275.   30.   60.   40.   30.   10.    5.
    5.    5.    5.   10.   20.   15.    5.    5.   10.   10.   15.   50.
   65.   95.  170.  395.  570.]