(.venv) hm@archlinux ~/D/m/data (master)> python3 curve.py 55d1c/dsg.xlsx
最后一个元素: 容量: -96.42630555554926, 平均电压: 2951
平均电压列表(从小到大): (101 points)
 [2951, 3013, 3064, 3105, 3136, 3159, 3170, 3174, 3177, 3179, 3180, 3182, 3184, 3189, 3195, 3200, 3204, 3208, 3213, 3217, 3221, 3224, 3227, 3229, 3232, 3234, 3237, 3240, 3243, 3247, 3250, 3253, 3258, 3263, 3267, 3270, 3272, 3273, 3274, 3274, 3275, 3276, 3276, 3276, 3277, 3277, 3277, 3278, 3278, 3278, 3278, 3279, 3279, 3279, 3280, 3280, 3280, 3281, 3281, 3281, 3282, 3283, 3283, 3284, 3285, 3286, 3288, 3291, 3294, 3299, 3303, 3306, 3308, 3309, 3310, 3311, 3312, 3312, 3313, 3313, 3314, 3314, 3315, 3315, 3315, 3315, 3316, 3316, 3316, 3316, 3316, 3317, 3317, 3317, 3317, 3317, 3317, 3318, 3318, 3317, 3335]

============================

斜率列表: (101 points)
 [620, 565, 460, 360, 270, 170, 75, 35, 25, 15, 15, 20, 35, 55, 55, 45, 40, 45, 45, 40, 35, 30, 25, 25, 25, 25, 30, 30, 35, 35, 30, 40, 50, 45, 35, 25, 15, 10, 5, 5, 10, 5, 2, 5, 5, 2, 5, 5, 2, 2, 5, 5, 2, 5, 5, 2, 5, 5, 2, 5, 10, 5, 5, 10, 10, 15, 25, 30, 40, 45, 35, 25, 15, 10, 10, 10, 5, 5, 5, 5, 5, 5, 5, 2, 2, 5, 5, 2, 2, 2, 5, 5, 2, 2, 2, 2, 5, 5, -5, 85, 180]

============================

斜率列表(乘10): (21 points)
 [620, 170, 15, 45, 35, 25, 30, 25, 10, 2, 5, 2, 10, 15, 35, 10, 5, 5, 5, 2, 180]
斜率列表(乘10): (29 points)
 [620, 565, 460, 360, 270, 170, 15, 45, 35, 25, 30, 25, 10, 2, 5, 2, 10, 15, 35, 10, 5, 5, 5, 2, 5, 5, -5, 85, 180]
斜率有负值

============================

平均电压列表: (21 points)
 [3335, 3317, 3316, 3315, 3314, 3311, 3303, 3286, 3282, 3280, 3278, 3277, 3275, 3270, 3250, 3234, 3221, 3200, 3180, 3159, 2951]
平均电压列表: (29 points)
 [2951, 3013, 3064, 3105, 3136, 3159, 3180, 3200, 3221, 3234, 3250, 3270, 3275, 3277, 3278, 3280, 3282, 3286, 3303, 3311, 3314, 3315, 3316, 3317, 3317, 3318, 3318, 3317, 3335]
平均电压列表中有相同的值

============================

(.venv) hm@archlinux ~/D/m/data (master)> 