hm@archlinux ~/D/m/test (master)> python3 ../data/curve.py ../data/-15d1c/dsg.xlsx 
最后一个元素: 容量: -57.357000000005286, 平均电压: 2968
平均电压列表(从小到大): (101 points)
 [2968, 2975, 2981, 2986, 2990, 2995, 2999, 3003, 3007, 3011, 3014, 3016, 3019, 3022, 3026, 3028, 3029, 3031, 3034, 3035, 3038, 3040, 3042, 3043, 3045, 3047, 3048, 3049, 3051, 3053, 3054, 3055, 3058, 3059, 3060, 3061, 3063, 3064, 3065, 3065, 3067, 3068, 3068, 3070, 3071, 3072, 3073, 3074, 3075, 3075, 3076, 3077, 3080, 3080, 3081, 3082, 3083, 3084, 3085, 3085, 3085, 3085, 3086, 3086, 3087, 3087, 3088, 3087, 3087, 3087, 3087, 3087, 3086, 3087, 3086, 3086, 3085, 3083, 3083, 3082, 3081, 3080, 3079, 3077, 3075, 3074, 3071, 3069, 3068, 3065, 3062, 3059, 3056, 3052, 3049, 3045, 3041, 3040, 3041, 3045, 3131]

============================

斜率列表: (101 points)
 [70, 65, 55, 45, 45, 45, 40, 40, 40, 35, 25, 25, 30, 35, 30, 15, 15, 25, 20, 20, 25, 20, 15, 15, 20, 15, 10, 15, 20, 15, 10, 20, 20, 10, 10, 15, 15, 10, 5, 10, 15, 5, 10, 15, 10, 10, 10, 10, 5, 5, 10, 20, 15, 5, 10, 10, 10, 10, 5, 2, 2, 5, 5, 5, 5, 5, 2, -5, 2, 2, 2, -5, 2, 2, -5, -5, -15, -10, -5, -10, -10, -10, -15, -20, -15, -20, -25, -15, -20, -30, -30, -30, -35, -35, -35, -40, -25, 2, 25, 450, 860]

============================

斜率列表(乘10): (21 points)
 [70, 45, 25, 15, 25, 15, 10, 15, 15, 10, 10, 10, 2, 5, 2, -5, -10, -20, -30, -40, 860]
斜率列表(乘10): (29 points)
 [70, 65, 55, 45, 45, 45, 25, 15, 25, 15, 10, 15, 15, 10, 10, 10, 2, 5, 2, -5, -10, -20, -30, -40, -25, 2, 25, 450, 860]
斜率有负值

============================

平均电压列表: (21 points)
 [3131, 3045, 3062, 3074, 3081, 3086, 3087, 3087, 3085, 3082, 3076, 3072, 3067, 3061, 3054, 3047, 3038, 3028, 3014, 2995, 2968]
平均电压列表: (29 points)
 [2968, 2975, 2981, 2986, 2990, 2995, 3014, 3028, 3038, 3047, 3054, 3061, 3067, 3072, 3076, 3082, 3085, 3087, 3087, 3086, 3081, 3074, 3062, 3045, 3041, 3040, 3041, 3045, 3131]
平均电压列表中有相同的值

============================







