hm@archlinux ~/D/mysoc (master)> python3 data/curve.py data/15d1c/dsg.xlsx
最后一个元素: 容量: -97.09297222223545, 平均电压: 2920
平均电压列表(从小到大): (101 points)
 [2920, 2995, 3050, 3092, 3121, 3137, 3145, 3151, 3155, 3157, 3160, 3163, 3168, 3175, 3181, 3186, 3191, 3196, 3200, 3204, 3208, 3212, 3215, 3218, 3221, 3223, 3226, 3228, 3230, 3232, 3235, 3237, 3238, 3240, 3242, 3243, 3244, 3246, 3247, 3248, 3249, 3250, 3251, 3252, 3252, 3253, 3254, 3254, 3255, 3256, 3256, 3257, 3257, 3258, 3258, 3259, 3260, 3261, 3261, 3262, 3263, 3264, 3265, 3266, 3268, 3269, 3271, 3273, 3275, 3277, 3279, 3282, 3283, 3285, 3287, 3288, 3289, 3290, 3291, 3292, 3293, 3293, 3294, 3294, 3294, 3295, 3295, 3295, 3296, 3296, 3296, 3296, 3296, 3296, 3296, 3295, 3295, 3294, 3293, 3292, 3315]

============================

斜率列表: (101 points)
 [750, 650, 485, 355, 225, 120, 70, 50, 30, 25, 30, 40, 60, 65, 55, 50, 50, 45, 40, 40, 40, 35, 30, 30, 25, 25, 25, 20, 20, 25, 25, 15, 15, 20, 15, 10, 15, 15, 10, 10, 10, 10, 10, 5, 5, 10, 5, 5, 10, 5, 5, 5, 5, 5, 5, 10, 10, 5, 5, 10, 10, 10, 10, 15, 15, 15, 20, 20, 20, 20, 25, 20, 15, 20, 15, 10, 10, 10, 10, 10, 5, 5, 5, 2, 5, 5, 2, 5, 5, 2, 2, 2, 2, 2, -5, -5, -5, -10, -10, 110, 230]

============================

斜率列表(乘10): (21 points)
 [750, 120, 30, 50, 40, 25, 25, 10, 10, 10, 5, 10, 10, 15, 25, 10, 5, 5, 2, -5, 230]
斜率列表(乘10): (29 points)
 [750, 650, 485, 355, 225, 120, 30, 50, 40, 25, 25, 10, 10, 10, 5, 10, 10, 15, 25, 10, 5, 5, 2, -5, -5, -10, -10, 110, 230]
斜率有负值

============================

平均电压列表: (21 points)
 [3315, 3295, 3296, 3295, 3293, 3288, 3279, 3269, 3263, 3259, 3256, 3253, 3249, 3243, 3235, 3223, 3208, 3186, 3160, 3137, 2920]
平均电压列表: (29 points)
 [2920, 2995, 3050, 3092, 3121, 3137, 3160, 3186, 3208, 3223, 3235, 3243, 3249, 3253, 3256, 3259, 3263, 3269, 3279, 3288, 3293, 3295, 3296, 3295, 3295, 3294, 3293, 3292, 3315]
平均电压列表中有相同的值

============================