(.venv) hm@archlinux ~/D/m/d/process_data (master)> python3 /home/hm/Desktop/mysoc/data/process_data/parse_new_data_level2.py /home/hm/Desktop/mysoc/data/process_data/d-05/dsg/2c/4-c
ell-curves.xlsx
===================================================================
processing file: /home/hm/Desktop/mysoc/data/process_data/d-05/dsg/2c/4-cell-curves.xlsx
===================================================================
文件包含 4 个sheet: ['Sheet1', 'Sheet2', 'Sheet3', 'Sheet4']
sheet1 row lenth is:  214
capacity is:  223.033232 215.697731 218.510571 223.715972
avg_capacity is(99%):  217.0993765
电压列表, 101 point  [3138. 3111. 3097. 3093. 3093. 3094. 3094. 3095. 3096. 3097. 3097. 3098.
 3098. 3099. 3099. 3099. 3100. 3100. 3099. 3099. 3099. 3099. 3099. 3098.
 3098. 3097. 3097. 3096. 3095. 3095. 3094. 3093. 3092. 3091. 3090. 3089.
 3089. 3087. 3086. 3085. 3084. 3083. 3081. 3080. 3079. 3077. 3076. 3074.
 3073. 3071. 3069. 3068. 3066. 3065. 3063. 3061. 3060. 3058. 3056. 3053.
 3051. 3050. 3048. 3046. 3043. 3041. 3040. 3037. 3035. 3032. 3029. 3028.
 3025. 3022. 3019. 3016. 3014. 3011. 3008. 3004. 3001. 2999. 2995. 2992.
 2988. 2984. 2982. 2977. 2973. 2969. 2964. 2962. 2957. 2952. 2947. 2941.
 2939. 2933. 2928. 2922. 2916.]
电压列表, 21 point  [2916. 2941. 2964. 2984. 3001. 3016. 3029. 3041. 3051. 3061. 3069. 3077.
 3084. 3089. 3094. 3097. 3099. 3099. 3097. 3094. 3138.]
电压列表, 29 point  [2916. 2922. 2928. 2933. 2939. 2941. 2964. 2984. 3001. 3016. 3029. 3041.
 3051. 3061. 3069. 3077. 3084. 3089. 3094. 3097. 3099. 3099. 3097. 3094.
 3093. 3093. 3097. 3111. 3138.]
斜率列表: (101 points)
 [ 60.  60.  55.  55.  40.  40.  55.  50.  50.  35.  35.  45.  40.  45.
  35.  30.  40.  35.  35.  30.  25.  35.  35.  30.  25.  25.  30.  30.
  30.  20.  20.  30.  25.  25.  20.  15.  25.  25.  20.  15.  15.  25.
  25.  20.  15.  15.  20.  15.  15.  15.  15.  20.  15.  15.  15.  15.
  15.  10.  15.  15.  10.  10.  10.  15.  10.   5.  10.  10.  10.  10.
  10.   5.   5.  10.   5.   5.   5.   5.   5.   2.   2.   2.   5.   5.
  -5.  -5.   2.  -5.  -5.  -5.  -5.  -5. -10. -10.  -5.  -5.  -5.  20.
  90. 205. 270.]
斜率列表, 21 point  [ 60.  40.  35.  30.  25.  25.  20.  15.  15.  15.  15.  15.  10.   5.
  10.   5.   2.  -5.  -5.  -5. 270.]
斜率列表, 29 point  [ 60.  60.  55.  55.  40.  40.  35.  30.  25.  25.  20.  15.  15.  15.
  15.  15.  10.   5.  10.   5.   2.  -5.  -5.  -5.  -5.  20.  90. 205.
 270.]