(.venv) hm@archlinux ~/D/m/d/process_data (master)> python3 /home/hm/Desktop/mysoc/data/process_data/parse_new_data_level2.py /home/hm/Desktop/mysoc/data/process_data/d+45/dsg/2c/4-c
ell-curves.xlsx
===================================================================
processing file: /home/hm/Desktop/mysoc/data/process_data/d+45/dsg/2c/4-cell-curves.xlsx
===================================================================
文件包含 4 个sheet: ['Sheet1', 'Sheet2', 'Sheet3', 'Sheet4']
sheet1 row lenth is:  18241
capacity is:  318.167599 320.153095 316.887591 319.527382
avg_capacity is(99%):  315.54391675
电压列表, 101 point  [3479. 3364. 3325. 3311. 3308. 3308. 3308. 3308. 3308. 3308. 3308. 3308.
 3307. 3307. 3307. 3307. 3306. 3306. 3306. 3305. 3305. 3305. 3304. 3304.
 3303. 3302. 3302. 3301. 3300. 3299. 3298. 3296. 3294. 3292. 3289. 3286.
 3283. 3280. 3278. 3277. 3275. 3274. 3274. 3273. 3272. 3272. 3272. 3271.
 3271. 3270. 3270. 3269. 3269. 3269. 3268. 3268. 3267. 3267. 3266. 3266.
 3265. 3265. 3264. 3263. 3262. 3261. 3260. 3258. 3256. 3253. 3250. 3247.
 3244. 3241. 3237. 3234. 3231. 3228. 3225. 3223. 3220. 3216. 3212. 3208.
 3203. 3198. 3194. 3189. 3182. 3177. 3175. 3173. 3171. 3169. 3166. 3159.
 3142. 3111. 3069. 3016. 2948.]
电压列表, 21 point  [2948. 3159. 3175. 3198. 3220. 3234. 3250. 3261. 3265. 3268. 3270. 3272.
 3275. 3286. 3298. 3302. 3305. 3307. 3308. 3308. 3479.]
电压列表, 29 point  [2948. 3016. 3069. 3111. 3142. 3159. 3175. 3198. 3220. 3234. 3250. 3261.
 3265. 3268. 3270. 3272. 3275. 3286. 3298. 3302. 3305. 3307. 3308. 3308.
 3308. 3311. 3325. 3364. 3479.]
斜率列表: (101 points)
 [ 680.  605.  475.  365.  240.  120.   50.   25.   20.   20.   20.   35.
   60.   60.   45.   45.   50.   45.   40.   40.   35.   25.   25.   30.
   30.   30.   35.   35.   30.   30.   30.   30.   25.   20.   15.   10.
   10.   10.   10.    5.    5.    5.    5.    5.    5.    5.    5.    5.
    2.    5.    5.    5.    5.    5.    5.    2.    5.   10.    5.    5.
   15.   15.   15.   25.   30.   30.   30.   25.   20.   20.   15.   10.
   10.   10.    5.    5.   10.    5.    5.    5.    2.    5.    5.    2.
    5.    5.    2.    2.    5.    5.    2.    2.    2.    2.    2.    2.
   15.   85.  265.  770. 1150.]
斜率列表, 21 point  [ 680.  120.   20.   45.   35.   30.   30.   10.    5.    5.    5.    2.
   15.   30.   15.    5.    2.    5.    2.    2. 1150.]
斜率列表, 29 point  [ 680.  605.  475.  365.  240.  120.   20.   45.   35.   30.   30.   10.
    5.    5.    5.    2.   15.   30.   15.    5.    2.    5.    2.    2.
   15.   85.  265.  770. 1150.]