hm@archlinux ~/D/m/test (master)> python3 ../data/curve.py ../data/45d2c/dsg.xlsx
最后一个元素: 容量: -99.51947222221479, 平均电压: 2913
平均电压列表(从小到大): (101 points)
 [2913, 2991, 3049, 3095, 3132, 3155, 3163, 3167, 3170, 3172, 3173, 3175, 3179, 3186, 3191, 3196, 3201, 3205, 3210, 3214, 3218, 3221, 3224, 3226, 3229, 3232, 3236, 3239, 3242, 3245, 3248, 3252, 3255, 3258, 3260, 3261, 3263, 3264, 3265, 3266, 3266, 3267, 3268, 3268, 3269, 3270, 3270, 3271, 3271, 3271, 3272, 3272, 3273, 3273, 3274, 3274, 3275, 3276, 3276, 3277, 3278, 3279, 3280, 3282, 3284, 3287, 3290, 3293, 3296, 3298, 3300, 3301, 3303, 3304, 3305, 3306, 3306, 3307, 3307, 3307, 3308, 3308, 3308, 3309, 3309, 3309, 3309, 3310, 3310, 3310, 3310, 3310, 3310, 3310, 3310, 3310, 3310, 3309, 3309, 3307, 3339]

============================

斜率列表: (101 points)
 [780, 680, 520, 415, 300, 155, 60, 35, 25, 15, 15, 30, 55, 60, 50, 50, 45, 45, 45, 40, 35, 30, 25, 25, 30, 35, 35, 30, 30, 30, 35, 35, 30, 25, 15, 15, 15, 10, 10, 5, 5, 10, 5, 5, 10, 5, 5, 5, 2, 5, 5, 5, 5, 5, 5, 5, 10, 5, 5, 10, 10, 10, 15, 20, 25, 30, 30, 30, 25, 20, 15, 15, 15, 10, 10, 5, 5, 5, 2, 5, 5, 2, 5, 5, 2, 2, 5, 5, 2, 2, 2, 2, 2, 2, 2, 2, -5, -5, -10, 150, 320]

============================

斜率列表(乘10): (21 points)
 [780, 155, 15, 50, 35, 35, 35, 15, 5, 5, 5, 5, 10, 30, 15, 5, 5, 2, 2, 2, 320]
斜率列表(乘10): (29 points)
 [780, 680, 520, 415, 300, 155, 15, 50, 35, 35, 35, 15, 5, 5, 5, 5, 10, 30, 15, 5, 5, 2, 2, 2, -5, -5, -10, 150, 320]
斜率有负值

============================

平均电压列表: (21 points)
 [3339, 3310, 3310, 3309, 3308, 3306, 3300, 3287, 3278, 3274, 3272, 3270, 3266, 3261, 3248, 3232, 3218, 3196, 3173, 3155, 2913]
平均电压列表: (29 points)
 [2913, 2991, 3049, 3095, 3132, 3155, 3173, 3196, 3218, 3232, 3248, 3261, 3266, 3270, 3272, 3274, 3278, 3287, 3300, 3306, 3308, 3309, 3310, 3310, 3310, 3309, 3309, 3307, 3339]
平均电压列表中有相同的值

============================