(.venv) hm@archlinux ~/D/m/d/process_data (master)> python3 /home/hm/Desktop/mysoc/data/process_data/parse_new_data_level2.py /home/hm/Desktop/mysoc/data/process_data/d+
55/chg/5c/4-cell-curves.xlsx
===================================================================
processing file: /home/hm/Desktop/mysoc/data/process_data/d+55/chg/5c/4-cell-curves.xlsx
===================================================================
文件包含 4 个sheet: ['Sheet1', 'Sheet2', 'Sheet3', 'Sheet4']
sheet1 row lenth is:  7128
capacity is:  310.85819 317.055738 313.389326 316.218847
avg_capacity is(99%):  311.24052525
电压列表, 101 point  [2932. 3039. 3106. 3157. 3198. 3230. 3254. 3262. 3264. 3266. 3268. 3271.
 3274. 3278. 3283. 3288. 3294. 3300. 3306. 3311. 3316. 3320. 3324. 3329.
 3332. 3336. 3338. 3341. 3344. 3346. 3349. 3351. 3353. 3354. 3355. 3355.
 3356. 3356. 3357. 3357. 3358. 3359. 3359. 3360. 3360. 3361. 3362. 3362.
 3363. 3363. 3364. 3365. 3365. 3366. 3367. 3368. 3368. 3369. 3370. 3371.
 3373. 3374. 3376. 3377. 3379. 3381. 3383. 3385. 3386. 3386. 3387. 3387.
 3387. 3388. 3388. 3389. 3389. 3390. 3390. 3391. 3392. 3392. 3393. 3393.
 3394. 3395. 3396. 3396. 3397. 3398. 3399. 3400. 3402. 3403. 3405. 3407.
 3410. 3415. 3423. 3438. 3488.]
电压列表, 21 point  [2932. 3230. 3268. 3288. 3316. 3336. 3349. 3355. 3358. 3361. 3364. 3368.
 3373. 3381. 3387. 3389. 3392. 3395. 3399. 3407. 3488.]
电压列表, 29 point  [2932. 3039. 3106. 3157. 3198. 3230. 3268. 3288. 3316. 3336. 3349. 3355.
 3358. 3361. 3364. 3368. 3373. 3381. 3387. 3389. 3392. 3395. 3399. 3407.
 3410. 3415. 3423. 3438. 3488.]
斜率列表: (101 points)
 [1070.  870.  590.  460.  365.  280.  160.   50.   20.   20.   25.   30.
   35.   45.   50.   55.   60.   60.   55.   50.   45.   40.   45.   40.
   35.   30.   25.   30.   25.   25.   25.   20.   15.   10.    5.    5.
    5.    5.    5.    5.   10.    5.    5.    5.    5.   10.    5.    5.
    5.    5.   10.    5.    5.   10.   10.    5.    5.   10.   10.   15.
   15.   15.   15.   15.   20.   20.   20.   15.    5.    5.    5.    2.
    5.    5.    5.    5.    5.    5.    5.   10.    5.    5.    5.    5.
   10.   10.    5.    5.   10.   10.   10.   15.   15.   15.   20.   25.
   40.   65.  115.  325.  500.]
斜率列表, 21 point  [1070.  280.   25.   55.   45.   30.   25.    5.   10.   10.   10.    5.
   15.   20.    5.    5.    5.   10.   10.   25.  500.]
斜率列表, 29 point  [1070.  870.  590.  460.  365.  280.   25.   55.   45.   30.   25.    5.
   10.   10.   10.    5.   15.   20.    5.    5.    5.   10.   10.   25.
   40.   65.  115.  325.  500.]