hm@archlinux ~/D/m/test (master)>  python3 ../data/curve.py ../data/5d5c/dsg.xlsx 
最后一个元素: 容量: -86.35933333333371, 平均电压: 2993
平均电压列表(从小到大): (101 points)
 [2993, 3012, 3028, 3041, 3053, 3063, 3071, 3078, 3084, 3090, 3095, 3100, 3104, 3108, 3111, 3115, 3118, 3121, 3123, 3126, 3128, 3131, 3133, 3135, 3137, 3138, 3140, 3142, 3143, 3144, 3146, 3147, 3149, 3149, 3151, 3152, 3153, 3154, 3155, 3155, 3156, 3157, 3158, 3159, 3159, 3160, 3161, 3161, 3162, 3162, 3163, 3163, 3164, 3164, 3164, 3164, 3165, 3165, 3165, 3166, 3166, 3166, 3166, 3166, 3166, 3166, 3166, 3166, 3165, 3165, 3165, 3165, 3164, 3164, 3164, 3163, 3162, 3162, 3161, 3160, 3159, 3158, 3157, 3155, 3154, 3153, 3152, 3150, 3148, 3147, 3145, 3143, 3141, 3139, 3137, 3135, 3133, 3131, 3130, 3133, 3184]

============================

斜率列表: (101 points)
 [190, 175, 145, 125, 110, 90, 75, 65, 60, 55, 50, 45, 40, 35, 35, 35, 30, 25, 25, 25, 25, 25, 20, 20, 15, 15, 20, 15, 10, 15, 15, 15, 10, 10, 15, 10, 10, 10, 5, 5, 10, 10, 10, 5, 5, 10, 5, 5, 5, 5, 5, 5, 5, 2, 2, 5, 5, 2, 5, 5, 2, 2, 2, 2, 2, 2, 2, -5, -5, 2, 2, -5, -5, 2, -5, -10, -5, -5, -10, -10, -10, -10, -15, -15, -10, -10, -15, -20, -15, -15, -20, -20, -20, -20, -20, -20, -20, -15, 10, 270, 510]

============================

斜率列表(乘10): (21 points)
 [190, 90, 50, 35, 25, 15, 15, 10, 10, 10, 5, 5, 2, 2, 2, -10, -10, -10, -20, -20, 510]
斜率列表(乘10): (29 points)
 [190, 175, 145, 125, 110, 90, 50, 35, 25, 15, 15, 10, 10, 10, 5, 5, 2, 2, 2, -10, -10, -10, -20, -20, -20, -15, 10, 270, 510]
斜率有负值

============================

平均电压列表: (21 points)
 [3184, 3135, 3145, 3153, 3159, 3163, 3165, 3166, 3166, 3164, 3163, 3160, 3156, 3152, 3146, 3138, 3128, 3115, 3095, 3063, 2993]
平均电压列表: (29 points)
 [2993, 3012, 3028, 3041, 3053, 3063, 3095, 3115, 3128, 3138, 3146, 3152, 3156, 3160, 3163, 3164, 3166, 3166, 3165, 3163, 3159, 3153, 3145, 3135, 3133, 3131, 3130, 3133, 3184]
平均电压列表中有相同的值

============================
