hm@archlinux ~/D/m/test (master) [1]> python3  ../data/curve.py  ../data/-5d3c/dsg.xlsx
最后一个元素: 容量: -70.83036111111129, 平均电压: 3004
平均电压列表(从小到大): (101 points)
 [3004, 3018, 3030, 3040, 3050, 3059, 3066, 3073, 3079, 3085, 3090, 3094, 3098, 3102, 3105, 3108, 3111, 3114, 3116, 3118, 3121, 3123, 3124, 3126, 3128, 3129, 3131, 3132, 3133, 3135, 3136, 3137, 3138, 3139, 3139, 3140, 3141, 3142, 3143, 3143, 3144, 3144, 3145, 3145, 3146, 3146, 3146, 3147, 3147, 3147, 3147, 3147, 3147, 3147, 3148, 3147, 3147, 3147, 3147, 3147, 3147, 3147, 3147, 3146, 3146, 3145, 3145, 3144, 3143, 3143, 3142, 3141, 3140, 3139, 3138, 3137, 3136, 3135, 3133, 3132, 3130, 3129, 3127, 3125, 3123, 3121, 3119, 3117, 3114, 3112, 3114, 3112, 3109, 3106, 3103, 3101, 3098, 3097, 3096, 3101, 3232]

============================

斜率列表: (101 points)
 [140, 130, 110, 100, 95, 80, 70, 65, 60, 55, 45, 40, 40, 35, 30, 30, 30, 25, 20, 25, 25, 15, 15, 20, 15, 15, 15, 10, 15, 15, 10, 10, 10, 5, 5, 10, 10, 10, 5, 5, 5, 5, 5, 5, 5, 2, 5, 5, 2, 2, 2, 2, 2, 5, 2, -5, 2, 2, 2, 2, 2, 2, -5, -5, -5, -5, -5, -10, -5, -5, -10, -10, -10, -10, -10, -10, -10, -15, -15, -15, -15, -15, -20, -20, -20, -20, -20, -25, -25, 2, 2, -25, -30, -30, -25, -25, -20, -10, 20, 680, 1310]

============================

斜率列表(乘10): (21 points)
 [140, 80, 45, 30, 25, 15, 10, 10, 5, 2, 2, -5, 2, -5, -10, -10, -15, -20, 2, -25, 1310]
斜率列表(乘10): (29 points)
 [140, 130, 110, 100, 95, 80, 45, 30, 25, 15, 10, 10, 5, 2, 2, -5, 2, -5, -10, -10, -15, -20, 2, -25, -20, -10, 20, 680, 1310]
斜率有负值

============================

平均电压列表: (21 points)
 [3232, 3101, 3114, 3121, 3130, 3137, 3142, 3145, 3147, 3147, 3147, 3146, 3144, 3140, 3136, 3129, 3121, 3108, 3090, 3059, 3004]
平均电压列表: (29 points)
 [3004, 3018, 3030, 3040, 3050, 3059, 3090, 3108, 3121, 3129, 3136, 3140, 3144, 3146, 3147, 3147, 3147, 3145, 3142, 3137, 3130, 3121, 3114, 3101, 3098, 3097, 3096, 3101, 3232]
平均电压列表中有相同的值

============================
