(.venv) hm@archlinux ~/D/m/d/process_data (master)> python3 /home/hm/Desktop/mysoc/data/process_data/parse_new_data_level2.py /home/hm/Desktop/mysoc/data/process_data/d+05/dsg/2c/4-c
ell-curves.xlsx
===================================================================
processing file: /home/hm/Desktop/mysoc/data/process_data/d+05/dsg/2c/4-cell-curves.xlsx
===================================================================
文件包含 4 个sheet: ['Sheet1', 'Sheet2', 'Sheet3', 'Sheet4']
sheet1 row lenth is:  279
capacity is:  291.397533 288.441685 289.099906 289.400664
avg_capacity is(99%):  286.444947
电压列表, 101 point  [3257. 3229. 3216. 3213. 3211. 3211. 3211. 3211. 3211. 3211. 3210. 3210.
 3210. 3210. 3209. 3209. 3208. 3208. 3207. 3207. 3206. 3205. 3204. 3203.
 3202. 3201. 3200. 3199. 3198. 3197. 3196. 3195. 3194. 3193. 3191. 3190.
 3189. 3188. 3187. 3185. 3184. 3183. 3181. 3180. 3179. 3177. 3176. 3175.
 3173. 3172. 3170. 3168. 3167. 3165. 3164. 3162. 3160. 3159. 3157. 3155.
 3154. 3152. 3149. 3148. 3145. 3144. 3141. 3139. 3137. 3134. 3131. 3129.
 3126. 3123. 3120. 3116. 3113. 3109. 3105. 3102. 3097. 3092. 3088. 3082.
 3078. 3072. 3065. 3060. 3052. 3044. 3038. 3029. 3022. 3011. 2999. 2990.
 2976. 2960. 2949. 2931. 2911.]
电压列表, 21 point  [2911. 2990. 3038. 3072. 3097. 3116. 3131. 3144. 3154. 3162. 3170. 3177.
 3184. 3190. 3196. 3201. 3206. 3209. 3210. 3211. 3257.]
电压列表, 29 point  [2911. 2931. 2949. 2960. 2976. 2990. 3038. 3072. 3097. 3116. 3131. 3144.
 3154. 3162. 3170. 3177. 3184. 3190. 3196. 3201. 3206. 3209. 3210. 3211.
 3211. 3213. 3216. 3229. 3257.]
斜率列表: (101 points)
 [200. 190. 145. 135. 150. 115. 105. 115.  90.  80.  75.  70.  80.  65.
  60.  65.  50.  50.  50.  45.  50.  40.  35.  40.  35.  35.  35.  30.
  30.  25.  25.  30.  25.  20.  25.  20.  20.  20.  20.  25.  15.  15.
  20.  15.  15.  20.  15.  15.  15.  15.  20.  15.  15.  15.  10.  15.
  15.  10.  15.  15.  10.  15.  15.  10.  10.  10.  15.  15.  10.  10.
  10.  10.  10.  10.  10.  10.  10.  10.  10.  10.  10.   5.   5.   5.
   5.   5.   5.   5.   2.   2.   5.   5.   2.   2.   2.   2.  10.  25.
  80. 205. 280.]
斜率列表, 21 point  [200. 115.  75.  65.  50.  35.  25.  20.  15.  20.  20.  15.  10.  10.
  10.  10.  10.   5.   5.   2. 280.]
斜率列表, 29 point  [200. 190. 145. 135. 150. 115.  75.  65.  50.  35.  25.  20.  15.  20.
  20.  15.  10.  10.  10.  10.  10.   5.   5.   2.  10.  25.  80. 205.
 280.]