(.venv) hm@archlinux ~/D/mysoc (master)> python3 /home/hm/Desktop/mysoc/data/process_data/parse_new_data_level2.py /home/hm/Desktop/mysoc/data/process_data/d+35/dsg/2c/4-
cell-curves.xlsx
===================================================================
processing file: /home/hm/Desktop/mysoc/data/process_data/d+35/dsg/2c/4-cell-curves.xlsx
===================================================================
文件包含 4 个sheet: ['Sheet1', 'Sheet2', 'Sheet3', 'Sheet4']
sheet1 row lenth is:  18278
capacity is:  318.820194 320.645188 317.41839 319.847679
avg_capacity is(99%):  316.04286275000004
电压列表, 101 point  [3442. 3347. 3315. 3304. 3302. 3302. 3302. 3302. 3302. 3302. 3302. 3302.
 3302. 3301. 3301. 3301. 3301. 3300. 3300. 3300. 3299. 3299. 3298. 3298.
 3297. 3296. 3295. 3294. 3293. 3292. 3290. 3288. 3286. 3283. 3281. 3278.
 3276. 3274. 3272. 3271. 3270. 3269. 3268. 3267. 3266. 3266. 3265. 3265.
 3264. 3264. 3263. 3263. 3262. 3262. 3261. 3261. 3260. 3260. 3259. 3258.
 3258. 3257. 3256. 3255. 3254. 3253. 3251. 3250. 3248. 3246. 3244. 3241.
 3239. 3236. 3233. 3230. 3227. 3224. 3221. 3219. 3216. 3212. 3208. 3203.
 3199. 3194. 3189. 3184. 3178. 3172. 3169. 3167. 3165. 3162. 3159. 3152.
 3138. 3108. 3066. 3014. 2946.]
电压列表, 21 point  [2946. 3152. 3169. 3194. 3216. 3230. 3244. 3253. 3258. 3261. 3263. 3266.
 3270. 3278. 3290. 3296. 3299. 3301. 3302. 3302. 3442.]
电压列表, 29 point  [2946. 3014. 3066. 3108. 3138. 3152. 3169. 3194. 3216. 3230. 3244. 3253.
 3258. 3261. 3263. 3266. 3270. 3278. 3290. 3296. 3299. 3301. 3302. 3302.
 3302. 3304. 3315. 3347. 3442.]
斜率列表: (101 points)
 [680. 600. 470. 360. 220. 105.  50.  30.  25.  20.  25.  45.  60.  55.
  50.  50.  45.  45.  45.  40.  35.  25.  25.  30.  30.  30.  30.  30.
  25.  25.  25.  20.  20.  15.  15.  15.  10.  10.  10.  10.   5.   5.
  10.   5.   5.   5.   5.   5.   5.   5.   5.   5.   5.   5.   5.   5.
   5.  10.  10.  10.  10.  10.  15.  20.  20.  25.  25.  25.  25.  20.
  20.  15.  10.  10.  10.  10.  10.   5.   5.   5.   5.   5.   2.   5.
   5.   2.   2.   5.   5.   2.   2.   2.   2.   2.   2.   2.  10.  65.
 215. 635. 950.]
斜率列表, 21 point  [680. 105.  25.  50.  35.  30.  25.  15.   5.   5.   5.   5.  10.  25.
  20.  10.   5.   2.   2.   2. 950.]
斜率列表, 29 point  [680. 600. 470. 360. 220. 105.  25.  50.  35.  30.  25.  15.   5.   5.
   5.   5.  10.  25.  20.  10.   5.   2.   2.   2.  10.  65. 215. 635.
 950.]