(.venv) hm@archlinux ~/D/m/d/process_data (master)> python3 /home/hm/Desktop/mysoc/data/process_data/parse_new_data_level2.py /home/hm/Desktop/mysoc/data/process_data/d+45/dsg/1c/4-c
ell-curves.xlsx
===================================================================
processing file: /home/hm/Desktop/mysoc/data/process_data/d+45/dsg/1c/4-cell-curves.xlsx
===================================================================
文件包含 4 个sheet: ['Sheet1', 'Sheet2', 'Sheet3', 'Sheet4']
sheet1 row lenth is:  36592
capacity is:  319.143945 321.205988 318.01092 320.604106
avg_capacity is(99%):  316.60123975
电压列表, 101 point  [3517. 3381. 3337. 3321. 3318. 3318. 3318. 3318. 3318. 3317. 3317. 3317.
 3317. 3316. 3316. 3316. 3316. 3315. 3315. 3315. 3315. 3314. 3314. 3314.
 3313. 3313. 3313. 3312. 3311. 3311. 3310. 3309. 3307. 3305. 3302. 3298.
 3294. 3290. 3287. 3285. 3284. 3283. 3282. 3282. 3281. 3280. 3280. 3280.
 3279. 3279. 3279. 3278. 3278. 3278. 3278. 3277. 3277. 3277. 3276. 3276.
 3276. 3275. 3275. 3274. 3273. 3273. 3271. 3270. 3268. 3265. 3260. 3256.
 3253. 3250. 3246. 3243. 3239. 3237. 3234. 3232. 3229. 3225. 3221. 3217.
 3212. 3207. 3203. 3197. 3191. 3186. 3184. 3182. 3181. 3179. 3175. 3168.
 3149. 3115. 3072. 3018. 2947.]
电压列表, 21 point  [2947. 3168. 3184. 3207. 3229. 3243. 3260. 3273. 3276. 3277. 3279. 3280.
 3284. 3298. 3310. 3313. 3315. 3316. 3317. 3318. 3517.]
电压列表, 29 point  [2947. 3018. 3072. 3115. 3149. 3168. 3184. 3207. 3229. 3243. 3260. 3273.
 3276. 3277. 3279. 3280. 3284. 3298. 3310. 3313. 3315. 3316. 3317. 3318.
 3318. 3321. 3337. 3381. 3517.]
斜率列表: (101 points)
 [ 710.  625.  485.  385.  265.  130.   55.   30.   15.   15.   20.   35.
   55.   60.   50.   45.   50.   45.   40.   40.   35.   25.   25.   25.
   30.   35.   35.   35.   30.   35.   45.   40.   25.   15.   15.   10.
    5.   10.    5.    5.    5.    2.    5.    5.    2.    5.    5.    2.
    2.    5.    5.    2.    5.    5.    2.    5.   10.    5.    5.   10.
   10.   15.   25.   35.   40.   40.   35.   25.   20.   15.   10.    5.
    5.   10.    5.    2.    5.    5.    2.    5.    5.    2.    2.    5.
    5.    2.    2.    5.    5.    2.    2.    5.    5.    2.    2.    2.
   15.   95.  300.  900. 1360.]
斜率列表, 21 point  [ 710.  130.   20.   45.   35.   35.   45.   10.    5.    5.    5.    5.
   10.   40.   10.    2.    5.    2.    2.    2. 1360.]
斜率列表, 29 point  [ 710.  625.  485.  385.  265.  130.   20.   45.   35.   35.   45.   10.
    5.    5.    5.    5.   10.   40.   10.    2.    5.    2.    2.    2.
   15.   95.  300.  900. 1360.]