hm@archlinux ~/D/m/test (master)> python3  ../data/curve.py  ../data/-5d5c/dsg.xlsx
最后一个元素: 容量: -65.78627777777811, 平均电压: 3013
平均电压列表(从小到大): (101 points)
 [3013, 3023, 3031, 3038, 3045, 3051, 3057, 3062, 3067, 3071, 3075, 3079, 3082, 3085, 3088, 3090, 3092, 3094, 3096, 3098, 3100, 3101, 3103, 3104, 3105, 3106, 3107, 3108, 3109, 3110, 3110, 3111, 3112, 3112, 3113, 3113, 3113, 3114, 3114, 3114, 3114, 3114, 3114, 3114, 3114, 3114, 3114, 3114, 3114, 3113, 3113, 3112, 3112, 3111, 3110, 3110, 3109, 3108, 3107, 3106, 3105, 3104, 3103, 3102, 3100, 3099, 3098, 3097, 3095, 3093, 3091, 3090, 3088, 3086, 3084, 3082, 3080, 3077, 3075, 3072, 3070, 3067, 3064, 3061, 3058, 3056, 3052, 3049, 3046, 3042, 3039, 3035, 3031, 3027, 3024, 3021, 3018, 3016, 3017, 3023, 3065]

============================

斜率列表: (101 points)
 [100, 90, 75, 70, 65, 60, 55, 50, 45, 40, 40, 35, 30, 30, 25, 20, 20, 20, 20, 20, 15, 15, 15, 10, 10, 10, 10, 10, 10, 5, 5, 10, 5, 5, 5, 2, 5, 5, 2, 2, 2, 2, 2, 2, 2, 2, 2, 2, -5, -5, -5, -5, -5, -10, -5, -5, -10, -10, -10, -10, -10, -10, -10, -15, -15, -10, -10, -15, -20, -20, -15, -15, -20, -20, -20, -20, -25, -25, -25, -25, -25, -30, -30, -30, -25, -30, -35, -30, -35, -35, -35, -40, -40, -35, -30, -30, -25, -5, 35, 240, 420]

============================

斜率列表(乘10): (21 points)
 [100, 60, 40, 20, 15, 10, 5, 2, 2, 2, -5, -5, -10, -10, -15, -20, -25, -30, -35, -30, 420]
斜率列表(乘10): (29 points)
 [100, 90, 75, 70, 65, 60, 40, 20, 15, 10, 5, 2, 2, 2, -5, -5, -10, -10, -15, -20, -25, -30, -35, -30, -25, -5, 35, 240, 420]
斜率有负值

============================

平均电压列表: (21 points)
 [3065, 3021, 3039, 3056, 3070, 3082, 3091, 3099, 3105, 3110, 3113, 3114, 3114, 3113, 3110, 3106, 3100, 3090, 3075, 3051, 3013]
平均电压列表: (29 points)
 [3013, 3023, 3031, 3038, 3045, 3051, 3075, 3090, 3100, 3106, 3110, 3113, 3114, 3114, 3113, 3110, 3105, 3099, 3091, 3082, 3070, 3056, 3039, 3021, 3018, 3016, 3017, 3023, 3065]
平均电压列表中有相同的值

============================