(.venv) hm@archlinux ~/D/m/d/process_data (master)> python3 /home/hm/Desktop/mysoc/data/process_data/parse_new_data_level2.py /home/hm/Desktop/mysoc/data/process_data/d+05/chg/1c/4-c
ell-curves.xlsx
===================================================================
processing file: /home/hm/Desktop/mysoc/data/process_data/d+05/chg/1c/4-cell-curves.xlsx
===================================================================
文件包含 4 个sheet: ['Sheet1', 'Sheet2', 'Sheet3', 'Sheet4']
sheet1 row lenth is:  561
capacity is:  293.137805 293.703048 293.94699 293.957344
avg_capacity is(99%):  290.54629675
电压列表, 101 point  [3278. 3293. 3297. 3299. 3302. 3305. 3309. 3314. 3319. 3324. 3330. 3335.
 3340. 3345. 3348. 3353. 3356. 3360. 3363. 3365. 3367. 3369. 3370. 3371.
 3371. 3372. 3372. 3373. 3373. 3374. 3374. 3374. 3375. 3375. 3376. 3377.
 3377. 3378. 3379. 3380. 3380. 3382. 3382. 3384. 3385. 3386. 3387. 3389.
 3390. 3391. 3393. 3394. 3395. 3397. 3398. 3400. 3401. 3402. 3404. 3405.
 3407. 3408. 3409. 3411. 3412. 3413. 3414. 3416. 3417. 3418. 3420. 3421.
 3422. 3424. 3425. 3426. 3428. 3430. 3431. 3433. 3435. 3437. 3439. 3441.
 3443. 3446. 3449. 3452. 3455. 3459. 3463. 3467. 3472. 3478. 3484. 3493.
 3502. 3515. 3529. 3553. 3588.]
电压列表, 21 point  [3278. 3305. 3330. 3353. 3367. 3372. 3374. 3377. 3380. 3386. 3393. 3400.
 3407. 3413. 3420. 3426. 3435. 3446. 3463. 3493. 3588.]
电压列表, 29 point  [3278. 3293. 3297. 3299. 3302. 3305. 3330. 3353. 3367. 3372. 3374. 3377.
 3380. 3386. 3393. 3400. 3407. 3413. 3420. 3426. 3435. 3446. 3463. 3493.
 3502. 3515. 3529. 3553. 3588.]
斜率列表: (101 points)
 [150.  95.  30.  25.  30.  35.  45.  50.  50.  55.  55.  50.  50.  40.
  40.  40.  35.  35.  25.  20.  20.  15.  10.   5.   5.   5.   5.   5.
   5.   5.   2.   5.   5.   5.  10.   5.   5.  10.  10.   5.  10.  10.
  10.  15.  10.  10.  15.  15.  10.  15.  15.  10.  15.  15.  15.  15.
  10.  15.  15.  15.  15.  10.  15.  15.  10.  10.  15.  15.  10.  15.
  15.  10.  15.  15.  10.  15.  20.  15.  15.  20.  20.  20.  20.  20.
  25.  30.  30.  30.  35.  40.  40.  45.  55.  60.  75.  90. 110. 135.
 190. 295. 350.]
斜率列表, 21 point  [150.  35.  55.  40.  20.   5.   2.   5.  10.  10.  15.  15.  15.  10.
  15.  15.  20.  30.  40.  90. 350.]
斜率列表, 29 point  [150.  95.  30.  25.  30.  35.  55.  40.  20.   5.   2.   5.  10.  10.
  15.  15.  15.  10.  15.  15.  20.  30.  40.  90. 110. 135. 190. 295.
 350.]