(.venv) hm@archlinux ~/D/m/d/process_data (master)> python3 /home/hm/Desktop/mysoc/data/process_data/parse_new_data_level2.py /home/hm/Desktop/mysoc/data/process_data/d+45/chg/3c/4-c
ell-curves.xlsx
===================================================================
processing file: /home/hm/Desktop/mysoc/data/process_data/d+45/chg/3c/4-cell-curves.xlsx
===================================================================
文件包含 4 个sheet: ['Sheet1', 'Sheet2', 'Sheet3', 'Sheet4']
sheet1 row lenth is:  12177
capacity is:  318.616853 320.654356 317.420941 320.01329
avg_capacity is(99%):  316.03636000000006
电压列表, 101 point  [2899. 3016. 3088. 3142. 3185. 3219. 3244. 3252. 3254. 3256. 3258. 3261.
 3264. 3268. 3273. 3279. 3285. 3291. 3297. 3302. 3306. 3310. 3315. 3319.
 3323. 3326. 3329. 3331. 3334. 3336. 3338. 3340. 3341. 3342. 3343. 3343.
 3343. 3344. 3344. 3345. 3345. 3346. 3346. 3347. 3347. 3348. 3349. 3349.
 3350. 3350. 3351. 3352. 3352. 3353. 3354. 3355. 3356. 3357. 3358. 3359.
 3360. 3362. 3364. 3367. 3370. 3373. 3375. 3377. 3377. 3378. 3378. 3378.
 3379. 3379. 3379. 3380. 3380. 3381. 3381. 3381. 3382. 3382. 3383. 3383.
 3384. 3385. 3385. 3386. 3387. 3387. 3388. 3389. 3390. 3392. 3394. 3396.
 3400. 3405. 3415. 3436. 3507.]
电压列表, 21 point  [2899. 3219. 3258. 3279. 3306. 3326. 3338. 3343. 3345. 3348. 3351. 3355.
 3360. 3373. 3378. 3380. 3382. 3385. 3388. 3396. 3507.]
电压列表, 29 point  [2899. 3016. 3088. 3142. 3185. 3219. 3258. 3279. 3306. 3326. 3338. 3343.
 3345. 3348. 3351. 3355. 3360. 3373. 3378. 3380. 3382. 3385. 3388. 3396.
 3400. 3405. 3415. 3436. 3507.]
斜率列表: (101 points)
 [1170.  945.  630.  485.  385.  295.  165.   50.   20.   20.   25.   30.
   35.   45.   55.   60.   60.   60.   55.   45.   40.   45.   45.   40.
   35.   30.   25.   25.   25.   20.   20.   15.   10.   10.    5.    2.
    5.    5.    5.    5.    5.    5.    5.    5.    5.   10.    5.    5.
    5.    5.   10.    5.    5.   10.   10.   10.   10.   10.   10.   10.
   15.   20.   25.   30.   30.   25.   20.   10.    5.    5.    2.    5.
    5.    2.    5.    5.    5.    5.    2.    5.    5.    5.    5.    5.
   10.    5.    5.   10.    5.    5.   10.   10.   15.   20.   20.   30.
   45.   75.  155.  460.  710.]
斜率列表, 21 point  [1170.  295.   25.   60.   40.   30.   20.    2.    5.   10.   10.   10.
   15.   25.    2.    5.    5.    5.   10.   30.  710.]
斜率列表, 29 point  [1170.  945.  630.  485.  385.  295.   25.   60.   40.   30.   20.    2.
    5.   10.   10.   10.   15.   25.    2.    5.    5.    5.   10.   30.
   45.   75.  155.  460.  710.]