hm@archlinux ~/D/mysoc (master)> python3 data/curve.py data/25d4c/dsg.xlsx
最后一个元素: 容量: -97.86675000000089, 平均电压: 2927
平均电压列表(从小到大): (101 points)
 [2927, 2995, 3045, 3083, 3106, 3119, 3127, 3132, 3137, 3140, 3143, 3147, 3152, 3158, 3163, 3168, 3173, 3177, 3181, 3185, 3188, 3191, 3194, 3197, 3200, 3202, 3204, 3207, 3209, 3211, 3213, 3215, 3217, 3219, 3220, 3222, 3224, 3225, 3226, 3228, 3229, 3230, 3231, 3233, 3234, 3235, 3236, 3237, 3237, 3238, 3239, 3240, 3241, 3241, 3242, 3243, 3244, 3244, 3245, 3246, 3246, 3247, 3248, 3249, 3250, 3251, 3252, 3253, 3254, 3255, 3256, 3257, 3259, 3260, 3261, 3262, 3263, 3264, 3265, 3266, 3267, 3268, 3269, 3269, 3270, 3270, 3271, 3271, 3272, 3272, 3272, 3273, 3273, 3273, 3273, 3273, 3273, 3273, 3272, 3272, 3304]

============================

斜率列表: (101 points)
 [680, 590, 440, 305, 180, 105, 65, 50, 40, 30, 35, 45, 55, 55, 50, 50, 45, 40, 40, 35, 30, 30, 30, 30, 25, 20, 25, 25, 20, 20, 20, 20, 20, 15, 15, 20, 15, 10, 15, 15, 10, 10, 15, 15, 10, 10, 10, 5, 5, 10, 10, 10, 5, 5, 10, 10, 5, 5, 10, 5, 5, 10, 10, 10, 10, 10, 10, 10, 10, 10, 10, 15, 15, 10, 10, 10, 10, 10, 10, 10, 10, 10, 5, 5, 5, 5, 5, 5, 5, 2, 5, 5, 2, 2, 2, 2, 2, -5, -5, 160, 320]

============================

斜率列表(乘10): (21 points)
 [680, 105, 35, 50, 30, 20, 20, 20, 10, 10, 10, 10, 5, 10, 10, 10, 10, 5, 5, 2, 320]
斜率列表(乘10): (29 points)
 [680, 590, 440, 305, 180, 105, 35, 50, 30, 20, 20, 20, 10, 10, 10, 10, 5, 10, 10, 10, 10, 5, 5, 2, 2, -5, -5, 160, 320]
斜率有负值

============================

平均电压列表: (21 points)
 [3304, 3273, 3272, 3270, 3267, 3262, 3256, 3251, 3246, 3243, 3239, 3235, 3229, 3222, 3213, 3202, 3188, 3168, 3143, 3119, 2927]
平均电压列表: (29 points)
 [2927, 2995, 3045, 3083, 3106, 3119, 3143, 3168, 3188, 3202, 3213, 3222, 3229, 3235, 3239, 3243, 3246, 3251, 3256, 3262, 3267, 3270, 3272, 3273, 3273, 3273, 3272, 3272, 3304]
平均电压列表中有相同的值

============================