(.venv) hm@archlinux ~/D/m/d/process_data (master)> python3 /home/hm/Desktop/mysoc/data/process_data/parse_new_data_level2.py /home/hm/Desktop/mysoc/data/pro
cess_data/d+25/dsg/4c/4-cell-curves.xlsx
===================================================================
processing file: /home/hm/Desktop/mysoc/data/process_data/d+25/dsg/4c/4-cell-curves.xlsx
===================================================================
文件包含 4 个sheet: ['Sheet1', 'Sheet2', 'Sheet3', 'Sheet4']
sheet1 row lenth is:  9030
capacity is:  315.021363 316.518335 313.036878 314.382094
avg_capacity is(99%):  311.5996675
电压列表, 101 point  [3340. 3281. 3267. 3263. 3263. 3263. 3263. 3263. 3263. 3263. 3263. 3263.
 3263. 3263. 3262. 3262. 3262. 3261. 3261. 3260. 3259. 3258. 3258. 3257.
 3256. 3255. 3253. 3252. 3251. 3250. 3248. 3247. 3245. 3244. 3243. 3242.
 3240. 3239. 3238. 3237. 3236. 3235. 3234. 3233. 3233. 3232. 3231. 3230.
 3229. 3228. 3227. 3226. 3225. 3224. 3223. 3222. 3221. 3220. 3219. 3218.
 3217. 3215. 3214. 3213. 3211. 3210. 3208. 3206. 3205. 3203. 3201. 3199.
 3197. 3195. 3192. 3190. 3187. 3185. 3182. 3179. 3175. 3172. 3168. 3164.
 3159. 3155. 3150. 3144. 3139. 3134. 3129. 3125. 3120. 3115. 3109. 3100.
 3087. 3066. 3035. 2993. 2936.]
电压列表, 21 point  [2936. 3100. 3129. 3155. 3175. 3190. 3201. 3210. 3217. 3222. 3227. 3232.
 3236. 3242. 3248. 3255. 3259. 3262. 3263. 3263. 3340.]
电压列表, 29 point  [2936. 2993. 3035. 3066. 3087. 3100. 3129. 3155. 3175. 3190. 3201. 3210.
 3217. 3222. 3227. 3232. 3236. 3242. 3248. 3255. 3259. 3262. 3263. 3263.
 3263. 3263. 3267. 3281. 3340.]
斜率列表: (101 points)
 [570. 495. 365. 260. 170. 110.  75.  55.  50.  45.  45.  50.  50.  55.
  55.  45.  45.  45.  40.  35.  35.  35.  30.  25.  25.  25.  25.  25.
  20.  20.  20.  20.  15.  15.  20.  15.  15.  15.  10.  15.  15.  10.
  10.  10.  10.  10.  10.  10.  10.  10.  10.  10.  10.  10.  10.  10.
   5.   5.  10.  10.  10.  10.  10.  10.  15.  15.  10.  10.  15.  15.
  15.  15.  10.  10.  15.  15.  10.  10.   5.   5.  10.  10.   5.   5.
   5.   2.   5.   5.   2.   2.   2.   2.   2.   2.   2.   2.   2.  20.
  90. 365. 590.]
斜率列表, 21 point  [570. 110.  45.  45.  35.  25.  20.  15.  15.  10.  10.  10.  10.  15.
  15.  15.  10.   2.   2.   2. 590.]
斜率列表, 29 point  [570. 495. 365. 260. 170. 110.  45.  45.  35.  25.  20.  15.  15.  10.
  10.  10.  10.  15.  15.  15.  10.   2.   2.   2.   2.  20.  90. 365.
 590.]