(.venv) hm@archlinux ~/D/m/d/process_data (master)> python3 /home/hm/Desktop/mysoc/data/process_data/parse_new_data_level2.py /home/hm/Desktop/mysoc/data/process_data/d+
55/dsg/5c/4-cell-curves.xlsx
===================================================================
processing file: /home/hm/Desktop/mysoc/data/process_data/d+55/dsg/5c/4-cell-curves.xlsx
===================================================================
文件包含 4 个sheet: ['Sheet1', 'Sheet2', 'Sheet3', 'Sheet4']
sheet1 row lenth is:  7075
capacity is:  308.524979 315.337484 311.708334 314.332817
avg_capacity is(99%):  309.3359035
电压列表, 101 point  [3428. 3336. 3302. 3291. 3288. 3288. 3288. 3288. 3288. 3288. 3288. 3287.
 3287. 3287. 3286. 3286. 3286. 3285. 3285. 3284. 3284. 3283. 3282. 3282.
 3281. 3280. 3279. 3278. 3277. 3276. 3274. 3273. 3271. 3269. 3267. 3266.
 3264. 3262. 3261. 3260. 3259. 3258. 3257. 3257. 3256. 3256. 3255. 3254.
 3254. 3253. 3253. 3252. 3251. 3251. 3250. 3249. 3249. 3248. 3247. 3246.
 3245. 3244. 3243. 3242. 3241. 3239. 3238. 3236. 3234. 3232. 3229. 3226.
 3223. 3220. 3217. 3213. 3210. 3207. 3205. 3202. 3199. 3196. 3192. 3188.
 3184. 3180. 3175. 3170. 3165. 3161. 3157. 3154. 3152. 3149. 3146. 3140.
 3130. 3112. 3081. 3040. 2985.]
电压列表, 21 point  [2985. 3140. 3157. 3180. 3199. 3213. 3229. 3239. 3245. 3249. 3253. 3256.
 3259. 3266. 3274. 3280. 3284. 3286. 3288. 3288. 3428.]
电压列表, 29 point  [2985. 3040. 3081. 3112. 3130. 3140. 3157. 3180. 3199. 3213. 3229. 3239.
 3245. 3249. 3253. 3256. 3259. 3266. 3274. 3280. 3284. 3286. 3288. 3288.
 3288. 3291. 3302. 3336. 3428.]
斜率列表: (101 points)
 [550. 480. 360. 245. 140.  80.  45.  30.  25.  25.  35.  40.  45.  50.
  50.  45.  40.  40.  40.  35.  30.  30.  25.  25.  30.  35.  35.  30.
  30.  30.  30.  25.  20.  20.  15.  15.  15.  10.  10.  10.  10.  10.
  10.  10.   5.   5.  10.   5.   5.  10.   5.   5.   5.   5.  10.   5.
   5.   5.   5.  10.  10.  10.  10.  15.  20.  15.  15.  20.  20.  15.
  15.  15.  10.  10.  10.  10.  10.   5.   5.  10.   5.   5.   5.   5.
   5.   2.   5.   5.   2.   5.   5.   2.   2.   2.   2.   2.  15.  70.
 225. 630. 920.]
斜率列表, 21 point  [550.  80.  35.  45.  30.  35.  30.  15.  10.   5.   5.   5.  10.  15.
  15.  10.   5.   2.   5.   2. 920.]
斜率列表, 29 point  [550. 480. 360. 245. 140.  80.  35.  45.  30.  35.  30.  15.  10.   5.
   5.   5.  10.  15.  15.  10.   5.   2.   5.   2.  15.  70. 225. 630.
 920.]