(.venv) hm@archlinux ~/D/m/d/process_data (master)> python3 /home/hm/Desktop/mysoc/data/process_data/parse_new_data_level2.py /home/hm/Desktop/mysoc/data/pro
cess_data/d+25/dsg/3c/4-cell-curves.xlsx
===================================================================
processing file: /home/hm/Desktop/mysoc/data/process_data/d+25/dsg/3c/4-cell-curves.xlsx
===================================================================
文件包含 4 个sheet: ['Sheet1', 'Sheet2', 'Sheet3', 'Sheet4']
sheet1 row lenth is:  12093
capacity is:  316.41565 317.120177 314.349972 315.867262
avg_capacity is(99%):  312.79826525
电压列表, 101 point  [3360. 3298. 3281. 3277. 3276. 3276. 3276. 3276. 3276. 3276. 3276. 3276.
 3276. 3276. 3275. 3275. 3274. 3274. 3273. 3273. 3272. 3271. 3271. 3270.
 3269. 3267. 3266. 3265. 3263. 3262. 3260. 3258. 3257. 3255. 3254. 3252.
 3251. 3250. 3248. 3247. 3246. 3245. 3244. 3243. 3243. 3242. 3241. 3240.
 3239. 3239. 3238. 3237. 3236. 3235. 3234. 3233. 3233. 3232. 3231. 3230.
 3228. 3227. 3226. 3225. 3223. 3222. 3220. 3219. 3217. 3215. 3213. 3211.
 3209. 3207. 3205. 3202. 3200. 3197. 3194. 3191. 3188. 3184. 3180. 3176.
 3171. 3167. 3161. 3156. 3150. 3145. 3140. 3137. 3133. 3128. 3122. 3114.
 3101. 3078. 3043. 2997. 2937.]
电压列表, 21 point  [2937. 3114. 3140. 3167. 3188. 3202. 3213. 3222. 3228. 3233. 3238. 3242.
 3246. 3252. 3260. 3267. 3272. 3275. 3276. 3276. 3360.]
电压列表, 29 point  [2937. 2997. 3043. 3078. 3101. 3114. 3140. 3167. 3188. 3202. 3213. 3222.
 3228. 3233. 3238. 3242. 3246. 3252. 3260. 3267. 3272. 3275. 3276. 3276.
 3276. 3277. 3281. 3298. 3360.]
斜率列表: (101 points)
 [600. 530. 405. 290. 180. 105.  70.  55.  45.  35.  40.  50.  55.  55.
  55.  50.  45.  45.  40.  40.  35.  30.  30.  30.  25.  25.  25.  20.
  20.  20.  20.  20.  20.  15.  15.  15.  15.  15.  10.  10.  15.  15.
  10.  10.   5.   5.  10.  10.  10.  10.  10.   5.   5.  10.  10.  10.
   5.   5.  10.  10.  10.  10.  15.  15.  10.  15.  15.  15.  15.  15.
  20.  15.  15.  15.  10.  15.  15.  10.   5.   5.  10.   5.   5.   5.
   5.   5.   5.   5.   2.   2.   2.   2.   2.   2.   2.   2.   5.  25.
 105. 395. 620.]
斜率列表, 21 point  [600. 105.  40.  50.  35.  25.  20.  15.  15.   5.  10.  10.  10.  15.
  20.  15.  10.   5.   2.   2. 620.]
斜率列表, 29 point  [600. 530. 405. 290. 180. 105.  40.  50.  35.  25.  20.  15.  15.   5.
  10.  10.  10.  15.  20.  15.  10.   5.   2.   2.   5.  25. 105. 395.
 620.]