(.venv) hm@archlinux ~/D/m/d/process_data (master)> python3 /home/hm/Desktop/mysoc/data/process_data/parse_new_data_level2.py /home/hm/Desktop/mysoc/data/process_data/d+45/dsg/4c/4-c
ell-curves.xlsx
===================================================================
processing file: /home/hm/Desktop/mysoc/data/process_data/d+45/dsg/4c/4-cell-curves.xlsx
===================================================================
文件包含 4 个sheet: ['Sheet1', 'Sheet2', 'Sheet3', 'Sheet4']
sheet1 row lenth is:  9080
capacity is:  316.746276 318.768626 315.53963 318.150788
avg_capacity is(99%):  314.16133
电压列表, 101 point  [3444. 3341. 3305. 3293. 3290. 3290. 3290. 3290. 3290. 3290. 3290. 3290.
 3290. 3290. 3290. 3289. 3289. 3289. 3288. 3287. 3287. 3287. 3286. 3285.
 3284. 3284. 3283. 3282. 3280. 3279. 3277. 3276. 3274. 3272. 3270. 3268.
 3266. 3264. 3263. 3262. 3261. 3260. 3259. 3259. 3258. 3257. 3257. 3256.
 3255. 3255. 3254. 3253. 3253. 3252. 3251. 3251. 3250. 3249. 3248. 3248.
 3247. 3246. 3245. 3243. 3242. 3241. 3239. 3238. 3236. 3233. 3231. 3229.
 3226. 3223. 3220. 3217. 3214. 3211. 3208. 3205. 3202. 3199. 3195. 3191.
 3186. 3182. 3177. 3172. 3166. 3161. 3158. 3156. 3154. 3151. 3147. 3141.
 3127. 3099. 3060. 3009. 2944.]
电压列表, 21 point  [2944. 3141. 3158. 3182. 3202. 3217. 3231. 3241. 3247. 3251. 3254. 3257.
 3261. 3268. 3277. 3284. 3287. 3289. 3290. 3290. 3444.]
电压列表, 29 point  [2944. 3009. 3060. 3099. 3127. 3141. 3158. 3182. 3202. 3217. 3231. 3241.
 3247. 3251. 3254. 3257. 3261. 3268. 3277. 3284. 3287. 3289. 3290. 3290.
 3290. 3293. 3305. 3341. 3444.]
斜率列表: (101 points)
 [ 650.  580.  450.  335.  210.  100.   50.   35.   25.   20.   25.   40.
   55.   55.   50.   45.   45.   45.   40.   35.   30.   30.   30.   30.
   30.   30.   30.   30.   30.   25.   20.   25.   25.   15.   15.   15.
   10.   15.   15.   10.   10.    5.    5.   10.   10.    5.    5.   10.
    5.    5.   10.    5.    5.   10.    5.    5.   10.    5.    5.   10.
   10.   10.   10.   15.   20.   20.   20.   20.   20.   15.   15.   15.
   15.   15.   10.    5.    5.   10.   10.    5.    2.    5.   10.    5.
    2.    5.    5.    2.    2.    2.    2.    2.    2.    2.    2.    2.
   15.   75.  240.  695. 1030.]
斜率列表, 21 point  [ 650.  100.   25.   45.   30.   30.   20.   15.   10.    5.   10.    5.
   10.   20.   15.    5.    2.    5.    2.    2. 1030.]
斜率列表, 29 point  [ 650.  580.  450.  335.  210.  100.   25.   45.   30.   30.   20.   15.
   10.    5.   10.    5.   10.   20.   15.    5.    2.    5.    2.    2.
   15.   75.  240.  695. 1030.]