(.venv) hm@archlinux ~/D/m/d/process_data (master)> python3 /home/hm/Desktop/mysoc/data/process_data/parse_new_data_level2.py /home/hm/Desktop/mysoc/data/pro
cess_data/d+15/dsg/2c/4-cell-curves.xlsx
===================================================================
processing file: /home/hm/Desktop/mysoc/data/process_data/d+15/dsg/2c/4-cell-curves.xlsx
===================================================================
文件包含 4 个sheet: ['Sheet1', 'Sheet2', 'Sheet3', 'Sheet4']
sheet1 row lenth is:  17737
capacity is:  309.379184 310.212413 308.246982 308.907401
avg_capacity is(99%):  306.04649500000005
电压列表, 101 point  [3316. 3276. 3270. 3268. 3268. 3267. 3267. 3267. 3267. 3267. 3266. 3266.
 3266. 3265. 3265. 3264. 3264. 3263. 3262. 3262. 3261. 3260. 3259. 3258.
 3257. 3255. 3254. 3253. 3251. 3250. 3248. 3247. 3245. 3244. 3242. 3241.
 3239. 3238. 3237. 3236. 3234. 3233. 3232. 3231. 3230. 3229. 3228. 3227.
 3226. 3225. 3224. 3223. 3222. 3221. 3220. 3219. 3218. 3217. 3216. 3214.
 3213. 3212. 3210. 3209. 3208. 3206. 3204. 3203. 3201. 3199. 3197. 3195.
 3193. 3191. 3188. 3185. 3183. 3180. 3176. 3173. 3169. 3165. 3160. 3156.
 3151. 3145. 3139. 3132. 3126. 3119. 3113. 3106. 3099. 3090. 3080. 3068.
 3052. 3031. 3003. 2965. 2915.]
电压列表, 21 point  [2915. 3068. 3113. 3145. 3169. 3185. 3197. 3206. 3213. 3219. 3224. 3229.
 3234. 3241. 3248. 3255. 3261. 3264. 3266. 3267. 3316.]
电压列表, 29 point  [2915. 2965. 3003. 3031. 3052. 3068. 3113. 3145. 3169. 3185. 3197. 3206.
 3213. 3219. 3224. 3229. 3234. 3241. 3248. 3255. 3261. 3264. 3266. 3267.
 3268. 3268. 3270. 3276. 3316.]
斜率列表: (101 points)
 [500. 440. 330. 245. 185. 140. 110.  95.  80.  70.  65.  65.  65.  65.
  65.  60.  55.  45.  45.  45.  40.  35.  35.  35.  25.  25.  30.  25.
  20.  20.  20.  20.  20.  15.  15.  20.  15.  10.  15.  15.  10.  15.
  15.  10.  10.  10.  10.  10.  10.  10.  10.  10.  10.  10.  10.  10.
  10.  10.  10.  10.  15.  15.  10.  10.  15.  15.  15.  15.  15.  15.
  15.  15.  15.  15.  10.  15.  15.  10.  10.  10.  10.   5.   5.  10.
   5.   5.   5.   5.   5.   2.   5.   5.   2.   2.   2.   5.   5.  10.
  40. 230. 400.]
斜率列表, 21 point  [500. 140.  65.  60.  40.  25.  20.  20.  10.  10.  10.  10.  15.  15.
  15.  15.  10.   5.   5.   5. 400.]
斜率列表, 29 point  [500. 440. 330. 245. 185. 140.  65.  60.  40.  25.  20.  20.  10.  10.
  10.  10.  15.  15.  15.  15.  10.   5.   5.   5.   5.  10.  40. 230.
 400.]