(.venv) hm@archlinux ~/D/m/d/process_data (master)> python3 /home/hm/Desktop/mysoc/data/process_data/parse_new_data_level2.py /home/hm/Desktop/mysoc/data/process_data/d+45/chg/2c/4-c
ell-curves.xlsx
===================================================================
processing file: /home/hm/Desktop/mysoc/data/process_data/d+45/chg/2c/4-cell-curves.xlsx
===================================================================
文件包含 4 个sheet: ['Sheet1', 'Sheet2', 'Sheet3', 'Sheet4']
sheet1 row lenth is:  18318
capacity is:  319.520293 321.492951 318.276518 320.832984
avg_capacity is(99%):  316.8906865
电压列表, 101 point  [2879. 2999. 3073. 3129. 3172. 3207. 3234. 3244. 3246. 3247. 3249. 3252.
 3255. 3259. 3264. 3270. 3276. 3282. 3288. 3293. 3298. 3302. 3306. 3311.
 3315. 3319. 3321. 3323. 3326. 3328. 3331. 3333. 3334. 3334. 3335. 3335.
 3335. 3336. 3336. 3337. 3337. 3338. 3338. 3339. 3339. 3340. 3340. 3341.
 3341. 3342. 3342. 3343. 3343. 3344. 3345. 3345. 3346. 3347. 3348. 3349.
 3351. 3352. 3355. 3357. 3361. 3365. 3368. 3370. 3370. 3371. 3371. 3371.
 3371. 3371. 3372. 3372. 3372. 3372. 3373. 3373. 3373. 3374. 3374. 3375.
 3375. 3375. 3376. 3377. 3377. 3378. 3378. 3379. 3380. 3381. 3383. 3384.
 3387. 3392. 3401. 3422. 3498.]
电压列表, 21 point  [2879. 3207. 3249. 3270. 3298. 3319. 3331. 3335. 3337. 3340. 3342. 3345.
 3351. 3365. 3371. 3372. 3373. 3375. 3378. 3384. 3498.]
电压列表, 29 point  [2879. 2999. 3073. 3129. 3172. 3207. 3249. 3270. 3298. 3319. 3331. 3335.
 3337. 3340. 3342. 3345. 3351. 3365. 3371. 3372. 3373. 3375. 3378. 3384.
 3387. 3392. 3401. 3422. 3498.]
斜率列表: (101 points)
 [1200.  970.  650.  495.  390.  310.  185.   60.   15.   15.   25.   30.
   35.   45.   55.   60.   60.   60.   55.   50.   45.   40.   45.   45.
   40.   30.   20.   25.   25.   25.   25.   15.    5.    5.    5.    2.
    5.    5.    5.    5.    5.    5.    5.    5.    5.    5.    5.    5.
    5.    5.    5.    5.    5.   10.    5.    5.   10.   10.   10.   15.
   15.   20.   25.   30.   40.   35.   25.   10.    5.    5.    2.    2.
    2.    5.    5.    2.    2.    5.    5.    2.    5.    5.    5.    5.
    2.    5.   10.    5.    5.    5.    5.   10.   10.   15.   15.   20.
   40.   70.  150.  485.  760.]
斜率列表, 21 point  [1200.  310.   25.   60.   45.   30.   25.    2.    5.    5.    5.    5.
   15.   35.    2.    2.    5.    5.    5.   20.  760.]
斜率列表, 29 point  [1200.  970.  650.  495.  390.  310.   25.   60.   45.   30.   25.    2.
    5.    5.    5.    5.   15.   35.    2.    2.    5.    5.    5.   20.
   40.   70.  150.  485.  760.]