(.venv) hm@archlinux ~/D/m/d/process_data (master)> python3 /home/hm/Desktop/mysoc/data/process_data/parse_new_data_level2.py /home/hm/Desktop/mysoc/data/process_data/d+05/dsg/1c/4-c
ell-curves.xlsx
===================================================================
processing file: /home/hm/Desktop/mysoc/data/process_data/d+05/dsg/1c/4-cell-curves.xlsx
===================================================================
文件包含 4 个sheet: ['Sheet1', 'Sheet2', 'Sheet3', 'Sheet4']
sheet1 row lenth is:  564
capacity is:  295.0445 295.742136 295.648387 295.894567
avg_capacity is(99%):  292.4423975
电压列表, 101 point  [3282. 3265. 3262. 3260. 3260. 3259. 3259. 3258. 3258. 3258. 3257. 3257.
 3256. 3256. 3255. 3254. 3254. 3253. 3252. 3251. 3251. 3249. 3248. 3247.
 3246. 3245. 3244. 3242. 3241. 3240. 3238. 3237. 3235. 3234. 3232. 3230.
 3229. 3227. 3225. 3224. 3222. 3221. 3219. 3218. 3217. 3215. 3214. 3213.
 3211. 3210. 3209. 3208. 3207. 3205. 3204. 3203. 3202. 3200. 3199. 3198.
 3196. 3195. 3194. 3192. 3190. 3188. 3187. 3185. 3183. 3181. 3179. 3176.
 3174. 3171. 3168. 3165. 3162. 3159. 3155. 3152. 3147. 3143. 3138. 3133.
 3127. 3121. 3114. 3108. 3099. 3091. 3082. 3073. 3061. 3050. 3036. 3023.
 3005. 2988. 2964. 2942. 2911.]
电压列表, 21 point  [2911. 3023. 3082. 3121. 3147. 3165. 3179. 3188. 3196. 3203. 3209. 3215.
 3222. 3230. 3238. 3245. 3251. 3254. 3257. 3259. 3282.]
电压列表, 29 point  [2911. 2942. 2964. 2988. 3005. 3023. 3082. 3121. 3147. 3165. 3179. 3188.
 3196. 3203. 3209. 3215. 3222. 3230. 3238. 3245. 3251. 3254. 3257. 3259.
 3260. 3260. 3262. 3265. 3282.]
斜率列表: (101 points)
 [310. 265. 230. 205. 175. 155. 135. 125. 115. 105.  90.  85.  85.  75.
  65.  65.  60.  55.  50.  45.  45.  40.  35.  35.  30.  30.  30.  30.
  25.  25.  25.  20.  20.  20.  15.  15.  20.  20.  15.  10.  15.  15.
  10.  15.  15.  10.  10.  15.  15.  10.  10.  10.  15.  15.  10.  15.
  15.  10.  15.  15.  15.  15.  15.  20.  15.  15.  20.  15.  15.  15.
  15.  15.  10.  15.  15.  10.  10.  10.  10.  15.  10.   5.  10.  10.
   5.   5.  10.   5.   5.   5.   5.   5.   2.   5.   5.   5.   5.  10.
  25. 100. 170.]
斜率列表, 21 point  [310. 155.  90.  65.  45.  30.  25.  15.  15.  10.  10.  15.  15.  15.
  15.  10.  10.   5.   5.   5. 170.]
斜率列表, 29 point  [310. 265. 230. 205. 175. 155.  90.  65.  45.  30.  25.  15.  15.  10.
  10.  15.  15.  15.  15.  10.  10.   5.   5.   5.   5.  10.  25. 100.
 170.]