hm@archlinux ~/D/m/test (master) [SIGINT]> python3 ../data/curve.py  ../data/15d2c/15d2c/15d2c/dsg.xlsx
hm@archlinux ~/D/mysoc (master)> python3 data/curve.py data/15d2c/dsg.xlsx
最后一个元素: 容量: -97.29455555554888, 平均电压: 2969
平均电压列表(从小到大): (101 points)
 [2969, 3027, 3066, 3090, 3106, 3117, 3125, 3131, 3137, 3143, 3149, 3156, 3161, 3167, 3171, 3176, 3180, 3184, 3187, 3191, 3194, 3197, 3199, 3202, 3204, 3206, 3208, 3210, 3212, 3214, 3216, 3218, 3219, 3221, 3223, 3224, 3225, 3227, 3228, 3229, 3230, 3232, 3233, 3234, 3235, 3236, 3237, 3238, 3238, 3239, 3240, 3241, 3242, 3243, 3243, 3244, 3245, 3246, 3247, 3247, 3248, 3249, 3250, 3252, 3253, 3254, 3255, 3256, 3258, 3259, 3261, 3262, 3263, 3265, 3266, 3267, 3268, 3269, 3270, 3271, 3272, 3273, 3273, 3274, 3274, 3275, 3276, 3276, 3276, 3277, 3277, 3277, 3277, 3277, 3278, 3278, 3278, 3278, 3278, 3277, 3308]

============================

斜率列表: (101 points)
 [580, 485, 315, 200, 135, 95, 70, 60, 60, 60, 65, 60, 55, 50, 45, 45, 40, 35, 35, 35, 30, 25, 25, 25, 20, 20, 20, 20, 20, 20, 20, 15, 15, 20, 15, 10, 15, 15, 10, 10, 15, 15, 10, 10, 10, 10, 10, 5, 5, 10, 10, 10, 10, 5, 5, 10, 10, 10, 5, 5, 10, 10, 15, 15, 10, 10, 10, 15, 15, 15, 15, 10, 15, 15, 10, 10, 10, 10, 10, 10, 10, 5, 5, 5, 5, 10, 5, 2, 5, 5, 2, 2, 2, 5, 5, 2, 2, 2, -5, 150, 310]

============================

斜率列表(乘10): (21 points)
 [580, 95, 65, 45, 30, 20, 20, 10, 15, 10, 10, 10, 10, 10, 15, 10, 10, 10, 2, 2, 310]
斜率列表(乘10): (29 points)
 [580, 485, 315, 200, 135, 95, 65, 45, 30, 20, 20, 10, 15, 10, 10, 10, 10, 10, 15, 10, 10, 10, 2, 2, 2, 2, -5, 150, 310]
斜率有负值

============================

平均电压列表: (21 points)
 [3308, 3278, 3277, 3275, 3272, 3267, 3261, 3254, 3248, 3244, 3240, 3236, 3230, 3224, 3216, 3206, 3194, 3176, 3149, 3117, 2969]
平均电压列表: (29 points)
 [2969, 3027, 3066, 3090, 3106, 3117, 3149, 3176, 3194, 3206, 3216, 3224, 3230, 3236, 3240, 3244, 3248, 3254, 3261, 3267, 3272, 3275, 3277, 3278, 3278, 3278, 3278, 3277, 3308]
平均电压列表中有相同的值

============================