hm@archlinux ~/D/m/test (master)> python3  ../data/curve.py  ../data/-5d1c/dsg.xlsx
最后一个元素: 容量: -76.02177777777707, 平均电压: 2976
平均电压列表(从小到大): (101 points)
 [2976, 2997, 3017, 3034, 3050, 3063, 3074, 3084, 3092, 3099, 3106, 3112, 3117, 3121, 3126, 3130, 3134, 3137, 3140, 3143, 3145, 3148, 3150, 3152, 3155, 3157, 3159, 3161, 3162, 3164, 3166, 3167, 3169, 3170, 3171, 3173, 3174, 3176, 3177, 3178, 3179, 3180, 3181, 3183, 3184, 3185, 3186, 3187, 3188, 3189, 3190, 3191, 3192, 3192, 3193, 3194, 3195, 3196, 3197, 3198, 3199, 3199, 3200, 3201, 3202, 3202, 3203, 3204, 3205, 3205, 3206, 3207, 3207, 3207, 3208, 3208, 3209, 3209, 3209, 3210, 3210, 3210, 3211, 3211, 3210, 3210, 3210, 3211, 3210, 3209, 3209, 3209, 3208, 3207, 3207, 3206, 3206, 3205, 3204, 3205, 3250]

============================

斜率列表: (101 points)
 [210, 205, 185, 165, 145, 120, 105, 90, 75, 70, 65, 55, 45, 45, 45, 40, 35, 30, 30, 25, 25, 25, 20, 25, 25, 20, 20, 15, 15, 20, 15, 15, 15, 10, 15, 15, 15, 15, 10, 10, 10, 10, 15, 15, 10, 10, 10, 10, 10, 10, 10, 10, 5, 5, 10, 10, 10, 10, 10, 10, 5, 5, 10, 10, 5, 5, 10, 10, 5, 5, 10, 5, 2, 5, 5, 5, 5, 2, 5, 5, 2, 5, 5, -5, -5, 2, 5, 2, -10, -5, 2, -5, -10, -5, -5, -5, -5, -10, 2, 230, 450]

============================

斜率列表(乘10): (21 points)
 [210, 120, 65, 40, 25, 20, 15, 15, 10, 10, 10, 10, 5, 5, 10, 5, 2, 2, 2, -5, 450]
斜率列表(乘10): (29 points)
 [210, 205, 185, 165, 145, 120, 65, 40, 25, 20, 15, 15, 10, 10, 10, 10, 5, 5, 10, 5, 2, 2, 2, -5, -5, -10, 2, 230, 450]
斜率有负值

============================

平均电压列表: (21 points)
 [3250, 3206, 3209, 3210, 3210, 3208, 3206, 3202, 3199, 3194, 3190, 3185, 3179, 3173, 3166, 3157, 3145, 3130, 3106, 3063, 2976]
平均电压列表: (29 points)
 [2976, 2997, 3017, 3034, 3050, 3063, 3106, 3130, 3145, 3157, 3166, 3173, 3179, 3185, 3190, 3194, 3199, 3202, 3206, 3208, 3210, 3210, 3209, 3206, 3206, 3205, 3204, 3205, 3250]
平均电压列表中有相同的值

============================