(.venv) hm@archlinux ~/D/m/d/process_data (master)> python3 /home/hm/Desktop/mysoc/data/process_data/parse_new_data_level2.py /home/hm/Desktop/mysoc/data/proces
s_data/d+25/chg/5c/4-cell-curves.xlsx
===================================================================
processing file: /home/hm/Desktop/mysoc/data/process_data/d+25/chg/5c/4-cell-curves.xlsx
===================================================================
文件包含 4 个sheet: ['Sheet1', 'Sheet2', 'Sheet3', 'Sheet4']
sheet1 row lenth is:  7239
capacity is:  315.682206 317.685811 314.209494 315.711621
avg_capacity is(99%):  312.682283
电压列表, 101 point  [2995. 3108. 3171. 3218. 3255. 3283. 3296. 3299. 3301. 3304. 3307. 3310.
 3315. 3320. 3325. 3330. 3335. 3340. 3345. 3349. 3353. 3357. 3361. 3364.
 3367. 3370. 3372. 3373. 3374. 3375. 3376. 3377. 3377. 3378. 3378. 3378.
 3379. 3379. 3379. 3380. 3380. 3381. 3381. 3382. 3383. 3383. 3384. 3385.
 3386. 3387. 3388. 3389. 3390. 3391. 3393. 3394. 3395. 3397. 3398. 3400.
 3401. 3402. 3404. 3405. 3406. 3407. 3409. 3410. 3411. 3412. 3413. 3414.
 3415. 3416. 3417. 3418. 3419. 3420. 3421. 3422. 3423. 3425. 3426. 3427.
 3429. 3430. 3432. 3434. 3436. 3438. 3441. 3443. 3447. 3451. 3455. 3461.
 3468. 3478. 3493. 3516. 3562.]
电压列表, 21 point  [2995. 3283. 3307. 3330. 3353. 3370. 3376. 3378. 3380. 3383. 3388. 3394.
 3401. 3407. 3413. 3418. 3423. 3430. 3441. 3461. 3562.]
电压列表, 29 point  [2995. 3108. 3171. 3218. 3255. 3283. 3307. 3330. 3353. 3370. 3376. 3378.
 3380. 3383. 3388. 3394. 3401. 3407. 3413. 3418. 3423. 3430. 3441. 3461.
 3468. 3478. 3493. 3516. 3562.]
斜率列表: (101 points)
 [1130.  880.  550.  420.  325.  205.   80.   25.   25.   30.   30.   40.
   50.   50.   50.   50.   50.   50.   45.   40.   40.   40.   35.   30.
   30.   25.   15.   10.   10.   10.   10.    5.    5.    5.    2.    5.
    5.    2.    5.    5.    5.    5.    5.   10.    5.    5.   10.   10.
   10.   10.   10.   10.   10.   15.   15.   10.   15.   15.   15.   15.
   10.   15.   15.   10.   10.   15.   15.   10.   10.   10.   10.   10.
   10.   10.   10.   10.   10.   10.   10.   10.   15.   15.   10.   15.
   15.   15.   20.   20.   20.   25.   25.   30.   40.   40.   50.   65.
   85.  125.  190.  345.  460.]
斜率列表, 21 point  [1130.  205.   30.   50.   40.   25.   10.    5.    5.    5.   10.   10.
   10.   15.   10.   10.   15.   15.   25.   65.  460.]
斜率列表, 29 point  [1130.  880.  550.  420.  325.  205.   30.   50.   40.   25.   10.    5.
    5.    5.   10.   10.   10.   15.   10.   10.   15.   15.   25.   65.
   85.  125.  190.  345.  460.]