(.venv) hm@archlinux ~/D/m/d/process_data (master)> python3 /home/hm/Desktop/mysoc/data/process_data/parse_new_data_level2.py /home/hm/Desktop/mysoc/data/pro
cess_data/d+25/dsg/1c/4-cell-curves.xlsx
===================================================================
processing file: /home/hm/Desktop/mysoc/data/process_data/d+25/dsg/1c/4-cell-curves.xlsx
===================================================================
文件包含 4 个sheet: ['Sheet1', 'Sheet2', 'Sheet3', 'Sheet4']
sheet1 row lenth is:  36570
capacity is:  318.95874 320.957116 317.787204 320.214629
avg_capacity is(99%):  316.33942225
电压列表, 101 point  [3436. 3346. 3317. 3308. 3306. 3306. 3306. 3306. 3306. 3306. 3306. 3306.
 3306. 3305. 3305. 3305. 3305. 3304. 3304. 3304. 3303. 3303. 3302. 3302.
 3301. 3301. 3300. 3299. 3297. 3296. 3294. 3292. 3290. 3287. 3284. 3282.
 3279. 3277. 3275. 3273. 3272. 3271. 3270. 3269. 3269. 3268. 3267. 3267.
 3267. 3266. 3266. 3265. 3265. 3264. 3264. 3264. 3263. 3263. 3262. 3261.
 3261. 3260. 3259. 3258. 3257. 3256. 3255. 3253. 3252. 3250. 3248. 3246.
 3243. 3240. 3237. 3234. 3232. 3229. 3226. 3223. 3220. 3216. 3212. 3207.
 3202. 3198. 3193. 3187. 3181. 3175. 3172. 3169. 3167. 3164. 3160. 3154.
 3139. 3109. 3067. 3014. 2945.]
电压列表, 21 point  [2945. 3154. 3172. 3198. 3220. 3234. 3248. 3256. 3261. 3264. 3266. 3268.
 3272. 3282. 3294. 3301. 3303. 3305. 3306. 3306. 3436.]
电压列表, 29 point  [2945. 3014. 3067. 3109. 3139. 3154. 3172. 3198. 3220. 3234. 3248. 3256.
 3261. 3264. 3266. 3268. 3272. 3282. 3294. 3301. 3303. 3305. 3306. 3306.
 3306. 3308. 3317. 3346. 3436.]
斜率列表: (101 points)
 [690. 610. 475. 360. 225. 105.  50.  35.  25.  25.  30.  45.  60.  60.
  55.  45.  45.  50.  45.  40.  35.  30.  30.  30.  25.  25.  30.  30.
  30.  25.  20.  20.  15.  15.  15.  10.  10.  10.  10.  10.   5.   5.
  10.   5.   5.   5.   2.   5.   5.   5.   5.   5.   5.   2.   5.  10.
   5.   5.  10.  10.  10.  15.  20.  20.  25.  25.  25.  30.  25.  20.
  20.  15.  15.  15.  10.   5.   5.   5.   5.   5.   5.   5.   2.   5.
   5.   2.   2.   5.   5.   2.   2.   2.   2.   2.   2.   2.  10.  55.
 190. 595. 900.]
斜率列表, 21 point  [690. 105.  30.  45.  35.  25.  20.  10.   5.   5.   5.  10.  10.  25.
  20.   5.   5.   2.   2.   2. 900.]
斜率列表, 29 point  [690. 610. 475. 360. 225. 105.  30.  45.  35.  25.  20.  10.   5.   5.
   5.  10.  10.  25.  20.   5.   5.   2.   2.   2.  10.  55. 190. 595.
 900.]