hm@archlinux ~/D/mysoc (master)> python3 data/curve.py data/35d5c/dsg.xlsx
最后一个元素: 容量: -101.28999999999986, 平均电压: 2914
平均电压列表(从小到大): (101 points)
 [2914, 2988, 3043, 3086, 3116, 3132, 3139, 3144, 3147, 3150, 3152, 3155, 3160, 3166, 3172, 3176, 3181, 3185, 3190, 3194, 3197, 3201, 3203, 3206, 3209, 3212, 3214, 3217, 3220, 3222, 3225, 3227, 3229, 3231, 3233, 3234, 3236, 3237, 3239, 3240, 3241, 3242, 3243, 3244, 3245, 3246, 3247, 3248, 3249, 3249, 3250, 3251, 3251, 3252, 3253, 3253, 3254, 3255, 3256, 3257, 3257, 3258, 3259, 3260, 3262, 3263, 3264, 3266, 3267, 3269, 3270, 3272, 3273, 3274, 3275, 3276, 3277, 3278, 3279, 3280, 3280, 3281, 3282, 3282, 3282, 3283, 3283, 3284, 3284, 3284, 3285, 3285, 3285, 3285, 3285, 3285, 3285, 3285, 3285, 3284, 3317]

============================

斜率列表: (101 points)
 [740, 645, 490, 365, 230, 115, 60, 40, 30, 25, 25, 40, 55, 60, 50, 45, 45, 45, 45, 35, 35, 30, 25, 30, 30, 25, 25, 30, 25, 25, 25, 20, 20, 20, 15, 15, 15, 15, 15, 10, 10, 10, 10, 10, 10, 10, 10, 10, 5, 5, 10, 5, 5, 10, 5, 5, 10, 10, 10, 5, 5, 10, 10, 15, 15, 10, 15, 15, 15, 15, 15, 15, 10, 10, 10, 10, 10, 10, 10, 5, 5, 10, 5, 2, 5, 5, 5, 5, 2, 5, 5, 2, 2, 2, 2, 2, 2, 2, -5, 160, 330]

============================

斜率列表(乘10): (21 points)
 [740, 115, 25, 45, 35, 25, 25, 15, 10, 10, 10, 5, 5, 10, 15, 10, 5, 5, 5, 2, 330]
斜率列表(乘10): (29 points)
 [740, 645, 490, 365, 230, 115, 25, 45, 35, 25, 25, 15, 10, 10, 10, 5, 5, 10, 15, 10, 5, 5, 5, 2, 2, 2, -5, 160, 330]
斜率有负值

============================

平均电压列表: (21 points)
 [3317, 3285, 3285, 3283, 3280, 3276, 3270, 3263, 3257, 3253, 3250, 3246, 3241, 3234, 3225, 3212, 3197, 3176, 3152, 3132, 2914]
平均电压列表: (29 points)
 [2914, 2988, 3043, 3086, 3116, 3132, 3152, 3176, 3197, 3212, 3225, 3234, 3241, 3246, 3250, 3253, 3257, 3263, 3270, 3276, 3280, 3283, 3285, 3285, 3285, 3285, 3285, 3284, 3317]
平均电压列表中有相同的值

============================






