(.venv) hm@archlinux ~/D/mysoc (master)> python3 /home/hm/Desktop/mysoc/data/process_data/parse_new_data_level2.py /home/hm/Desktop/mysoc/data/process_data/d+35/dsg/3c/4-
cell-curves.xlsx
===================================================================
processing file: /home/hm/Desktop/mysoc/data/process_data/d+35/dsg/3c/4-cell-curves.xlsx
===================================================================
文件包含 4 个sheet: ['Sheet1', 'Sheet2', 'Sheet3', 'Sheet4']
sheet1 row lenth is:  12153
capacity is:  318.006716 319.752508 316.626611 318.861075
avg_capacity is(99%):  315.1717275
电压列表, 101 point  [3416. 3331. 3302. 3293. 3291. 3291. 3291. 3291. 3291. 3291. 3291. 3291.
 3291. 3290. 3290. 3290. 3290. 3289. 3289. 3288. 3288. 3287. 3287. 3286.
 3285. 3284. 3283. 3282. 3280. 3279. 3277. 3275. 3273. 3271. 3269. 3267.
 3265. 3264. 3263. 3261. 3260. 3260. 3259. 3258. 3257. 3257. 3256. 3255.
 3255. 3254. 3254. 3253. 3252. 3252. 3251. 3250. 3250. 3249. 3248. 3247.
 3246. 3245. 3244. 3243. 3242. 3240. 3239. 3237. 3236. 3234. 3232. 3229.
 3227. 3224. 3222. 3219. 3216. 3213. 3211. 3208. 3205. 3201. 3197. 3193.
 3188. 3184. 3179. 3173. 3167. 3162. 3159. 3156. 3154. 3151. 3147. 3140.
 3127. 3099. 3059. 3008. 2942.]
电压列表, 21 point  [2942. 3140. 3159. 3184. 3205. 3219. 3232. 3240. 3246. 3250. 3254. 3257.
 3260. 3267. 3277. 3284. 3288. 3290. 3291. 3291. 3416.]
电压列表, 29 point  [2942. 3008. 3059. 3099. 3127. 3140. 3159. 3184. 3205. 3219. 3232. 3240.
 3246. 3250. 3254. 3257. 3260. 3267. 3277. 3284. 3288. 3290. 3291. 3291.
 3291. 3293. 3302. 3331. 3416.]
斜率列表: (101 points)
 [660. 585. 455. 340. 205. 100.  55.  35.  25.  25.  30.  40.  55.  60.
  55.  45.  45.  45.  40.  40.  35.  30.  25.  25.  30.  30.  25.  25.
  25.  25.  25.  20.  15.  15.  15.  15.  15.  10.  10.  10.  10.  10.
  10.  10.   5.   5.  10.   5.   5.  10.   5.   5.   5.   5.  10.   5.
   5.  10.  10.   5.   5.  15.  15.  10.  15.  20.  20.  20.  20.  20.
  20.  15.  15.  15.  10.  10.  10.  10.   5.   5.   5.   5.   5.   5.
   5.   2.   2.   5.   5.   2.   2.   2.   2.   2.   2.   2.  10.  55.
 190. 570. 850.]
斜率列表, 21 point  [660. 100.  30.  45.  35.  30.  25.  15.  10.   5.   5.   5.   5.  20.
  20.  10.   5.   2.   2.   2. 850.]
斜率列表, 29 point  [660. 585. 455. 340. 205. 100.  30.  45.  35.  30.  25.  15.  10.   5.
   5.   5.   5.  20.  20.  10.   5.   2.   2.   2.  10.  55. 190. 570.
 850.]