(.venv) hm@archlinux ~/D/mysoc (master)> python3 /home/hm/Desktop/mysoc/data/process_data/parse_new_data_level2.py /home/hm/Desktop/mysoc/data/process_data/d+35/dsg/4c/4-
cell-curves.xlsx
===================================================================
processing file: /home/hm/Desktop/mysoc/data/process_data/d+35/dsg/4c/4-cell-curves.xlsx
===================================================================
文件包含 4 个sheet: ['Sheet1', 'Sheet2', 'Sheet3', 'Sheet4']
sheet1 row lenth is:  9100
capacity is:  317.469563 318.996772 315.714567 318.188283
avg_capacity is(99%):  314.45229625
电压列表, 101 point  [3400. 3318. 3291. 3282. 3281. 3280. 3281. 3281. 3281. 3281. 3281. 3281.
 3280. 3280. 3280. 3280. 3279. 3279. 3278. 3278. 3277. 3276. 3276. 3275.
 3274. 3273. 3272. 3271. 3269. 3268. 3266. 3264. 3263. 3261. 3259. 3258.
 3256. 3255. 3254. 3253. 3252. 3251. 3250. 3249. 3249. 3248. 3247. 3246.
 3246. 3245. 3244. 3243. 3243. 3242. 3241. 3240. 3239. 3238. 3237. 3236.
 3235. 3234. 3233. 3232. 3230. 3229. 3228. 3226. 3224. 3222. 3220. 3218.
 3216. 3213. 3211. 3208. 3206. 3203. 3200. 3197. 3194. 3191. 3187. 3183.
 3178. 3174. 3169. 3164. 3158. 3153. 3150. 3147. 3144. 3140. 3136. 3129.
 3117. 3093. 3056. 3008. 2945.]
电压列表, 21 point  [2945. 3129. 3150. 3174. 3194. 3208. 3220. 3229. 3235. 3240. 3244. 3248.
 3252. 3258. 3266. 3273. 3277. 3280. 3281. 3280. 3400.]
电压列表, 29 point  [2945. 3008. 3056. 3093. 3117. 3129. 3150. 3174. 3194. 3208. 3220. 3229.
 3235. 3240. 3244. 3248. 3252. 3258. 3266. 3273. 3277. 3280. 3281. 3280.
 3281. 3282. 3291. 3318. 3400.]
斜率列表: (101 points)
 [630. 555. 425. 305. 180.  95.  55.  40.  35.  30.  30.  40.  55.  55.
  50.  45.  45.  45.  40.  35.  30.  30.  30.  30.  25.  25.  25.  25.
  25.  20.  20.  20.  20.  20.  15.  10.  15.  15.  10.  10.  10.  10.
  10.  10.  10.  10.  10.  10.   5.   5.  10.  10.   5.   5.  10.  10.
   5.   5.  10.  10.  10.  10.  10.  10.  15.  15.  15.  20.  15.  15.
  20.  15.  15.  15.  10.  10.  10.  10.   5.   5.  10.   5.   5.   5.
   5.   5.   2.   2.   5.   5.   2.   2.   2.   2.  -5.   2.  10.  50.
 180. 545. 820.]
斜率列表, 21 point  [630.  95.  30.  45.  30.  25.  20.  10.  10.  10.  10.  10.  10.  15.
  20.  10.  10.   5.   2.   2. 820.]
斜率列表, 29 point  [630. 555. 425. 305. 180.  95.  30.  45.  30.  25.  20.  10.  10.  10.
  10.  10.  10.  15.  20.  10.  10.   5.   2.   2.  10.  50. 180. 545.
 820.]