(.venv) hm@archlinux ~/D/m/d/process_data (master)> python3 /home/hm/Desktop/mysoc/data/process_data/parse_new_data_level2.py /home/hm/Desktop/mysoc/data/pro
cess_data/d+15/dsg/3c/4-cell-curves.xlsx
===================================================================
processing file: /home/hm/Desktop/mysoc/data/process_data/d+15/dsg/3c/4-cell-curves.xlsx
===================================================================
文件包含 4 个sheet: ['Sheet1', 'Sheet2', 'Sheet3', 'Sheet4']
sheet1 row lenth is:  11718
capacity is:  306.625101 304.576247 303.425565 303.398349
avg_capacity is(99%):  301.36631550000004
电压列表, 101 point  [3290. 3253. 3247. 3246. 3246. 3246. 3246. 3246. 3246. 3246. 3246. 3245.
 3245. 3245. 3244. 3244. 3243. 3243. 3242. 3241. 3241. 3240. 3239. 3238.
 3237. 3236. 3235. 3234. 3233. 3231. 3230. 3229. 3228. 3226. 3225. 3224.
 3223. 3221. 3220. 3219. 3218. 3217. 3215. 3214. 3213. 3212. 3211. 3210.
 3209. 3207. 3206. 3205. 3204. 3203. 3202. 3200. 3199. 3198. 3197. 3195.
 3194. 3192. 3191. 3189. 3188. 3186. 3184. 3183. 3181. 3179. 3177. 3175.
 3172. 3170. 3167. 3165. 3162. 3159. 3155. 3152. 3148. 3144. 3140. 3135.
 3130. 3125. 3119. 3113. 3107. 3100. 3093. 3086. 3077. 3068. 3057. 3044.
 3030. 3011. 2988. 2960. 2923.]
电压列表, 21 point  [2923. 3044. 3093. 3125. 3148. 3165. 3177. 3186. 3194. 3200. 3206. 3212.
 3218. 3224. 3230. 3236. 3241. 3244. 3246. 3246. 3290.]
电压列表, 29 point  [2923. 2960. 2988. 3011. 3030. 3044. 3093. 3125. 3148. 3165. 3177. 3186.
 3194. 3200. 3206. 3212. 3218. 3224. 3230. 3236. 3241. 3244. 3246. 3246.
 3246. 3246. 3247. 3253. 3290.]
斜率列表: (101 points)
 [370. 325. 255. 210. 165. 135. 120. 100.  90.  80.  70.  70.  65.  60.
  60.  55.  50.  50.  45.  40.  40.  35.  35.  35.  30.  25.  25.  25.
  25.  25.  20.  20.  20.  15.  15.  20.  15.  15.  15.  15.  15.  15.
  15.  10.  10.  15.  15.  10.  10.  10.  10.  15.  15.  10.  10.  10.
  10.  10.  15.  15.  10.  10.  10.  15.  15.  10.  10.  15.  15.  10.
  10.  15.  15.  10.  10.  10.  10.  10.  10.  10.   5.   5.  10.   5.
   5.   5.   5.   5.   2.   5.   5.   2.   2.   2.   2.   2.   2.   5.
  35. 215. 370.]
斜率列表, 21 point  [370. 135.  70.  55.  40.  25.  20.  20.  15.  15.  10.  10.  10.  10.
  10.  10.   5.   5.   5.   2. 370.]
斜率列表, 29 point  [370. 325. 255. 210. 165. 135.  70.  55.  40.  25.  20.  20.  15.  15.
  10.  10.  10.  10.  10.  10.   5.   5.   5.   2.   2.   5.  35. 215.
 370.]