(.venv) hm@archlinux ~/D/mysoc (master)> python3 /home/hm/Desktop/mysoc/data/process_data/parse_new_data_level2.py /home/hm/Desktop/mysoc/data/process_data/d+35/dsg/1c/4-
cell-curves.xlsx
===================================================================
processing file: /home/hm/Desktop/mysoc/data/process_data/d+35/dsg/1c/4-cell-curves.xlsx
===================================================================
文件包含 4 个sheet: ['Sheet1', 'Sheet2', 'Sheet3', 'Sheet4']
sheet1 row lenth is:  36675
capacity is:  319.871477 321.944196 318.745743 321.23741
avg_capacity is(99%):  317.3097065
电压列表, 101 point  [3489. 3369. 3330. 3317. 3314. 3314. 3314. 3314. 3314. 3313. 3313. 3313.
 3313. 3313. 3313. 3312. 3312. 3312. 3312. 3311. 3311. 3311. 3310. 3310.
 3309. 3309. 3308. 3308. 3307. 3306. 3305. 3303. 3301. 3299. 3296. 3292.
 3288. 3285. 3283. 3281. 3280. 3278. 3277. 3277. 3276. 3276. 3275. 3275.
 3274. 3274. 3274. 3273. 3273. 3273. 3272. 3272. 3272. 3271. 3271. 3271.
 3270. 3269. 3269. 3268. 3267. 3266. 3265. 3264. 3262. 3259. 3257. 3254.
 3251. 3248. 3244. 3241. 3238. 3235. 3232. 3230. 3227. 3223. 3219. 3214.
 3209. 3205. 3201. 3195. 3188. 3183. 3180. 3179. 3177. 3175. 3171. 3165.
 3147. 3115. 3072. 3018. 2946.]
电压列表, 21 point  [2946. 3165. 3180. 3205. 3227. 3241. 3257. 3266. 3270. 3272. 3274. 3276.
 3280. 3292. 3305. 3309. 3311. 3312. 3313. 3314. 3489.]
电压列表, 29 point  [2946. 3018. 3072. 3115. 3147. 3165. 3180. 3205. 3227. 3241. 3257. 3266.
 3270. 3272. 3274. 3276. 3280. 3292. 3305. 3309. 3311. 3312. 3313. 3314.
 3314. 3317. 3330. 3369. 3489.]
斜率列表: (101 points)
 [ 720.  630.  485.  375.  250.  120.   50.   30.   20.   15.   20.   40.
   60.   65.   50.   40.   45.   50.   45.   40.   35.   25.   25.   30.
   30.   30.   35.   35.   30.   30.   25.   25.   25.   15.   10.   10.
   10.   10.    5.    5.   10.    5.    2.    5.    5.    2.    5.    5.
    2.    5.    5.    2.    5.    5.    5.    5.    5.    5.    5.   15.
   15.   15.   20.   25.   35.   40.   35.   25.   20.   20.   15.   10.
   10.    5.    5.    5.    5.    5.    5.    5.    2.    5.    5.    2.
    2.    5.    5.    2.    2.    2.    2.    5.    5.    2.    2.    2.
   15.   80.  260.  795. 1200.]
斜率列表, 21 point  [ 720.  120.   20.   40.   35.   30.   25.   10.   10.    2.    5.    5.
   15.   40.   15.    5.    2.    5.    2.    2. 1200.]
斜率列表, 29 point  [ 720.  630.  485.  375.  250.  120.   20.   40.   35.   30.   25.   10.
   10.    2.    5.    5.   15.   40.   15.    5.    2.    5.    2.    2.
   15.   80.  260.  795. 1200.]