(.venv) hm@archlinux ~/D/mysoc (master)> python3 /home/hm/Desktop/mysoc/data/process_data/parse_new_data_level2.py /home/hm/Desktop/mysoc/data/process_data/d+35/chg/2c/4-
cell-curves.xlsx
===================================================================
processing file: /home/hm/Desktop/mysoc/data/process_data/d+35/chg/2c/4-cell-curves.xlsx
===================================================================
文件包含 4 个sheet: ['Sheet1', 'Sheet2', 'Sheet3', 'Sheet4']
sheet1 row lenth is:  18346
capacity is:  320.02421 321.912191 318.684713 321.092465
avg_capacity is(99%):  317.28839475
电压列表, 101 point  [2887. 3009. 3084. 3139. 3182. 3217. 3242. 3250. 3252. 3254. 3256. 3259.
 3262. 3266. 3272. 3278. 3284. 3290. 3295. 3300. 3305. 3309. 3313. 3317.
 3321. 3325. 3327. 3329. 3332. 3334. 3335. 3336. 3337. 3337. 3338. 3338.
 3338. 3339. 3339. 3339. 3340. 3340. 3341. 3341. 3342. 3342. 3343. 3344.
 3344. 3345. 3346. 3346. 3347. 3348. 3349. 3350. 3351. 3352. 3353. 3355.
 3357. 3359. 3361. 3364. 3368. 3371. 3373. 3375. 3375. 3376. 3376. 3376.
 3376. 3377. 3377. 3377. 3378. 3378. 3378. 3379. 3379. 3379. 3380. 3380.
 3381. 3382. 3382. 3383. 3384. 3384. 3385. 3387. 3388. 3390. 3392. 3396.
 3400. 3407. 3418. 3441. 3511.]
电压列表, 21 point  [2887. 3217. 3256. 3278. 3305. 3325. 3335. 3338. 3340. 3342. 3346. 3350.
 3357. 3371. 3376. 3377. 3379. 3382. 3385. 3396. 3511.]
电压列表, 29 point  [2887. 3009. 3084. 3139. 3182. 3217. 3256. 3278. 3305. 3325. 3335. 3338.
 3340. 3342. 3346. 3350. 3357. 3371. 3376. 3377. 3379. 3382. 3385. 3396.
 3400. 3407. 3418. 3441. 3511.]
斜率列表: (101 points)
 [1220.  985.  650.  490.  390.  300.  165.   50.   20.   20.   25.   30.
   35.   50.   60.   60.   60.   55.   50.   50.   45.   40.   40.   40.
   40.   30.   20.   25.   25.   15.   10.   10.    5.    5.    5.    2.
    5.    5.    2.    5.    5.    5.    5.    5.    5.    5.   10.    5.
    5.   10.    5.    5.   10.   10.   10.   10.   10.   10.   15.   20.
   20.   20.   25.   35.   35.   25.   20.   10.    5.    5.    2.    2.
    5.    5.    2.    5.    5.    2.    5.    5.    2.    5.    5.    5.
   10.    5.    5.   10.    5.    5.   15.   15.   15.   20.   30.   40.
   55.   90.  170.  465.  700.]
斜率列表, 21 point  [1220.  300.   25.   60.   45.   30.   10.    2.    5.    5.    5.   10.
   20.   25.    2.    5.    2.    5.   15.   40.  700.]
斜率列表, 29 point  [1220.  985.  650.  490.  390.  300.   25.   60.   45.   30.   10.    2.
    5.    5.    5.   10.   20.   25.    2.    5.    2.    5.   15.   40.
   55.   90.  170.  465.  700.]