(.venv) hm@archlinux ~/D/m/d/process_data (master)> python3 /home/hm/Desktop/mysoc/data/process_data/parse_new_data_level2.py /home/hm/Desktop/mysoc/data/proces
s_data/d+25/chg/2c/4-cell-curves.xlsx
===================================================================
processing file: /home/hm/Desktop/mysoc/data/process_data/d+25/chg/2c/4-cell-curves.xlsx
===================================================================
文件包含 4 个sheet: ['Sheet1', 'Sheet2', 'Sheet3', 'Sheet4']
sheet1 row lenth is:  18275
capacity is:  318.780445 320.394368 317.189207 319.497718
avg_capacity is(99%):  315.82543450000003
电压列表, 101 point  [2914. 3036. 3107. 3160. 3201. 3235. 3256. 3261. 3263. 3265. 3268. 3271.
 3275. 3280. 3285. 3291. 3297. 3302. 3308. 3312. 3317. 3321. 3325. 3329.
 3333. 3336. 3338. 3340. 3342. 3343. 3344. 3345. 3345. 3345. 3346. 3346.
 3346. 3346. 3347. 3347. 3347. 3348. 3348. 3349. 3349. 3350. 3350. 3351.
 3352. 3353. 3353. 3354. 3355. 3356. 3358. 3359. 3360. 3362. 3364. 3366.
 3368. 3371. 3374. 3377. 3379. 3381. 3382. 3383. 3384. 3385. 3385. 3386.
 3386. 3387. 3387. 3388. 3388. 3389. 3389. 3390. 3390. 3391. 3392. 3393.
 3394. 3395. 3396. 3397. 3398. 3400. 3402. 3404. 3406. 3409. 3413. 3418.
 3424. 3433. 3446. 3470. 3531.]
电压列表, 21 point  [2914. 3235. 3268. 3291. 3317. 3336. 3344. 3346. 3347. 3350. 3353. 3359.
 3368. 3381. 3385. 3388. 3390. 3395. 3402. 3418. 3531.]
电压列表, 29 point  [2914. 3036. 3107. 3160. 3201. 3235. 3268. 3291. 3317. 3336. 3344. 3346.
 3347. 3350. 3353. 3359. 3368. 3381. 3385. 3388. 3390. 3395. 3402. 3418.
 3424. 3433. 3446. 3470. 3531.]
斜率列表: (101 points)
 [1220.  965.  620.  470.  375.  275.  130.   35.   20.   25.   30.   35.
   45.   50.   55.   60.   55.   55.   50.   45.   45.   40.   40.   40.
   35.   25.   20.   20.   15.   10.   10.    5.    2.    5.    5.    2.
    2.    5.    5.    2.    5.    5.    5.    5.    5.    5.    5.   10.
   10.    5.    5.   10.   10.   15.   15.   10.   15.   20.   20.   20.
   25.   30.   30.   25.   20.   15.   10.   10.   10.    5.    5.    5.
    5.    5.    5.    5.    5.    5.    5.    5.    5.   10.   10.   10.
   10.   10.   10.   10.   15.   20.   20.   20.   25.   35.   45.   55.
   75.  110.  185.  425.  610.]
斜率列表, 21 point  [1220.  275.   30.   60.   45.   25.   10.    2.    5.    5.    5.   10.
   25.   15.    5.    5.    5.   10.   20.   55.  610.]
斜率列表, 29 point  [1220.  965.  620.  470.  375.  275.   30.   60.   45.   25.   10.    2.
    5.    5.    5.   10.   25.   15.    5.    5.    5.   10.   20.   55.
   75.  110.  185.  425.  610.]