hm@archlinux ~/D/m/test (master)> python3 ../data/curve.py ../data/15d4c/dsg.xlsx
最后一个元素: 容量: -96.19902777777719, 平均电压: 2958
平均电压列表(从小到大): (101 points)
 [2958, 3004, 3036, 3060, 3076, 3088, 3097, 3105, 3111, 3116, 3121, 3126, 3131, 3135, 3140, 3144, 3148, 3152, 3156, 3159, 3162, 3165, 3168, 3170, 3173, 3175, 3177, 3179, 3181, 3183, 3185, 3187, 3188, 3190, 3191, 3193, 3194, 3195, 3197, 3198, 3199, 3200, 3201, 3203, 3203, 3204, 3206, 3207, 3208, 3208, 3209, 3210, 3211, 3212, 3213, 3214, 3214, 3215, 3216, 3217, 3217, 3218, 3219, 3220, 3220, 3221, 3222, 3223, 3223, 3224, 3225, 3225, 3226, 3227, 3227, 3228, 3229, 3229, 3229, 3230, 3230, 3231, 3231, 3232, 3232, 3232, 3232, 3232, 3232, 3232, 3232, 3232, 3232, 3232, 3231, 3231, 3230, 3230, 3229, 3230, 3276]

============================

斜率列表: (101 points)
 [460, 390, 280, 200, 140, 105, 85, 70, 55, 50, 50, 50, 45, 45, 45, 40, 40, 40, 35, 30, 30, 30, 25, 25, 25, 20, 20, 20, 20, 20, 20, 15, 15, 15, 15, 15, 10, 15, 15, 10, 10, 10, 15, 10, 5, 15, 15, 10, 5, 5, 10, 10, 10, 10, 10, 5, 5, 10, 10, 5, 5, 10, 10, 5, 5, 10, 10, 5, 5, 10, 5, 5, 10, 5, 5, 10, 5, 2, 5, 5, 5, 5, 5, 5, 2, 2, 2, 2, 2, 2, 2, 2, 2, -5, -5, -5, -5, -5, 2, 235, 460]

============================

斜率列表(乘10): (21 points)
 [460, 105, 50, 40, 30, 20, 20, 15, 10, 15, 10, 5, 5, 10, 5, 10, 5, 2, 2, -5, 460]
斜率列表(乘10): (29 points)
 [460, 390, 280, 200, 140, 105, 50, 40, 30, 20, 20, 15, 10, 15, 10, 5, 5, 10, 5, 10, 5, 2, 2, -5, -5, -5, 2, 235, 460]
斜率有负值

============================

平均电压列表: (21 points)
 [3276, 3231, 3232, 3232, 3230, 3228, 3225, 3221, 3217, 3214, 3209, 3204, 3199, 3193, 3185, 3175, 3162, 3144, 3121, 3088, 2958]
平均电压列表: (29 points)
 [2958, 3004, 3036, 3060, 3076, 3088, 3121, 3144, 3162, 3175, 3185, 3193, 3199, 3204, 3209, 3214, 3217, 3221, 3225, 3228, 3230, 3232, 3232, 3231, 3230, 3230, 3229, 3230, 3276]
平均电压列表中有相同的值

============================