(.venv) hm@archlinux ~/D/m/d/process_data (master)> python3 /home/hm/Desktop/mysoc/data/process_data/parse_new_data_level2.py /home/hm/Desktop/mysoc/data/proces
s_data/d+15/chg/2c/4-cell-curves.xlsx
===================================================================
processing file: /home/hm/Desktop/mysoc/data/process_data/d+15/chg/2c/4-cell-curves.xlsx
===================================================================
文件包含 4 个sheet: ['Sheet1', 'Sheet2', 'Sheet3', 'Sheet4']
sheet1 row lenth is:  17970
capacity is:  313.462631 315.168007 312.565629 313.985578
avg_capacity is(99%):  310.65546125000003
电压列表, 101 point  [2999. 3108. 3167. 3212. 3247. 3273. 3282. 3285. 3287. 3290. 3293. 3297.
 3302. 3307. 3312. 3318. 3323. 3328. 3333. 3337. 3341. 3345. 3349. 3353.
 3356. 3358. 3360. 3361. 3362. 3363. 3363. 3363. 3364. 3364. 3364. 3365.
 3365. 3365. 3366. 3366. 3366. 3367. 3368. 3368. 3369. 3370. 3371. 3372.
 3373. 3374. 3375. 3376. 3378. 3379. 3381. 3383. 3384. 3386. 3388. 3390.
 3391. 3393. 3394. 3395. 3397. 3398. 3399. 3400. 3401. 3403. 3404. 3405.
 3406. 3407. 3408. 3409. 3410. 3412. 3413. 3414. 3416. 3417. 3418. 3420.
 3422. 3424. 3426. 3428. 3430. 3433. 3436. 3439. 3443. 3448. 3453. 3460.
 3469. 3481. 3497. 3524. 3573.]
电压列表, 21 point  [2999. 3273. 3293. 3318. 3341. 3358. 3363. 3365. 3366. 3370. 3375. 3383.
 3391. 3398. 3404. 3409. 3416. 3424. 3436. 3460. 3573.]
电压列表, 29 point  [2999. 3108. 3167. 3212. 3247. 3273. 3293. 3318. 3341. 3358. 3363. 3365.
 3366. 3370. 3375. 3383. 3391. 3398. 3404. 3409. 3416. 3424. 3436. 3460.
 3469. 3481. 3497. 3524. 3573.]
斜率列表: (101 points)
 [1090.  840.  520.  400.  305.  175.   60.   25.   25.   30.   35.   45.
   50.   50.   55.   55.   50.   50.   45.   40.   40.   40.   40.   35.
   25.   20.   15.   10.   10.    5.    2.    5.    5.    2.    5.    5.
    2.    5.    5.    2.    5.   10.    5.    5.   10.   10.   10.   10.
   10.   10.   10.   15.   15.   15.   20.   15.   15.   20.   20.   15.
   15.   15.   10.   15.   15.   10.   10.   10.   15.   15.   10.   10.
   10.   10.   10.   10.   15.   15.   10.   15.   15.   10.   15.   20.
   20.   20.   20.   20.   25.   30.   30.   35.   45.   50.   60.   80.
  105.  140.  215.  380.  490.]
斜率列表, 21 point  [1090.  175.   35.   55.   40.   20.    2.    5.    5.   10.   10.   15.
   15.   10.   10.   10.   15.   20.   30.   80.  490.]
斜率列表, 29 point  [1090.  840.  520.  400.  305.  175.   35.   55.   40.   20.    2.    5.
    5.   10.   10.   15.   15.   10.   10.   10.   15.   20.   30.   80.
  105.  140.  215.  380.  490.]