(.venv) hm@archlinux ~/D/m/d/process_data (master)> python3 /home/hm/Desktop/mysoc/data/process_data/parse_new_data_level2.py /home/hm/Desktop/mysoc/data/process_data/d+45/chg/5c/4-c
ell-curves.xlsx
===================================================================
processing file: /home/hm/Desktop/mysoc/data/process_data/d+45/chg/5c/4-cell-curves.xlsx
===================================================================
文件包含 4 个sheet: ['Sheet1', 'Sheet2', 'Sheet3', 'Sheet4']
sheet1 row lenth is:  7283
capacity is:  317.608744 319.584473 316.355109 318.907199
avg_capacity is(99%):  314.97388125000003
电压列表, 101 point  [2927. 3041. 3111. 3164. 3205. 3238. 3262. 3268. 3270. 3272. 3275. 3278.
 3281. 3285. 3290. 3296. 3302. 3308. 3313. 3318. 3322. 3327. 3331. 3335.
 3339. 3342. 3344. 3347. 3350. 3352. 3354. 3355. 3356. 3357. 3357. 3358.
 3358. 3359. 3359. 3360. 3361. 3361. 3362. 3362. 3363. 3364. 3365. 3365.
 3366. 3367. 3368. 3368. 3369. 3370. 3371. 3372. 3373. 3374. 3375. 3377.
 3378. 3380. 3382. 3384. 3386. 3388. 3389. 3390. 3391. 3391. 3392. 3392.
 3393. 3393. 3394. 3394. 3395. 3396. 3396. 3397. 3397. 3398. 3399. 3400.
 3400. 3401. 3402. 3403. 3404. 3405. 3407. 3408. 3410. 3412. 3414. 3417.
 3422. 3428. 3439. 3460. 3524.]
电压列表, 21 point  [2927. 3238. 3275. 3296. 3322. 3342. 3354. 3358. 3361. 3364. 3368. 3372.
 3378. 3388. 3392. 3394. 3397. 3401. 3407. 3417. 3524.]
电压列表, 29 point  [2927. 3041. 3111. 3164. 3205. 3238. 3275. 3296. 3322. 3342. 3354. 3358.
 3361. 3364. 3368. 3372. 3378. 3388. 3392. 3394. 3397. 3401. 3407. 3417.
 3422. 3428. 3439. 3460. 3524.]
斜率列表: (101 points)
 [1140.  920.  615.  470.  370.  285.  150.   40.   20.   25.   30.   30.
   35.   45.   55.   60.   60.   55.   50.   45.   45.   45.   40.   40.
   35.   25.   25.   30.   25.   20.   15.   10.   10.    5.    5.    5.
    5.    5.    5.   10.    5.    5.    5.    5.   10.   10.    5.    5.
   10.   10.    5.    5.   10.   10.   10.   10.   10.   10.   15.   15.
   15.   20.   20.   20.   20.   15.   10.   10.    5.    5.    5.    5.
    5.    5.    5.    5.   10.    5.    5.    5.    5.   10.   10.    5.
    5.   10.   10.   10.   10.   15.   15.   15.   20.   20.   25.   40.
   55.   85.  160.  425.  640.]
斜率列表, 21 point  [1140.  285.   30.   60.   45.   25.   15.    5.    5.   10.    5.   10.
   15.   15.    5.    5.    5.   10.   15.   40.  640.]
斜率列表, 29 point  [1140.  920.  615.  470.  370.  285.   30.   60.   45.   25.   15.    5.
    5.   10.    5.   10.   15.   15.    5.    5.    5.   10.   15.   40.
   55.   85.  160.  425.  640.]