(.venv) hm@archlinux ~/D/m/d/process_data (master)> python3 /home/hm/Desktop/mysoc/data/process_data/parse_new_data_level2.py /home/hm/Desktop/mysoc/data/process_data/d+45/dsg/3c/4-c
ell-curves.xlsx
===================================================================
processing file: /home/hm/Desktop/mysoc/data/process_data/d+45/dsg/3c/4-cell-curves.xlsx
===================================================================
文件包含 4 个sheet: ['Sheet1', 'Sheet2', 'Sheet3', 'Sheet4']
sheet1 row lenth is:  12136
capacity is:  317.554268 319.3803 316.250204 318.734227
avg_capacity is(99%):  314.83974974999995
电压列表, 101 point  [3460. 3352. 3315. 3301. 3299. 3298. 3299. 3299. 3299. 3299. 3299. 3299.
 3298. 3298. 3298. 3298. 3297. 3297. 3297. 3296. 3296. 3295. 3295. 3294.
 3294. 3293. 3292. 3291. 3290. 3289. 3287. 3285. 3283. 3281. 3279. 3276.
 3274. 3272. 3270. 3269. 3268. 3267. 3266. 3266. 3265. 3264. 3264. 3263.
 3263. 3262. 3262. 3261. 3261. 3260. 3260. 3259. 3258. 3258. 3257. 3256.
 3256. 3255. 3254. 3253. 3252. 3250. 3249. 3247. 3245. 3243. 3240. 3237.
 3235. 3231. 3228. 3225. 3222. 3219. 3216. 3214. 3211. 3207. 3203. 3199.
 3194. 3190. 3185. 3180. 3174. 3169. 3166. 3164. 3162. 3160. 3156. 3150.
 3134. 3104. 3063. 3011. 2944.]
电压列表, 21 point  [2944. 3150. 3166. 3190. 3211. 3225. 3240. 3250. 3256. 3259. 3262. 3264.
 3268. 3276. 3287. 3293. 3296. 3298. 3299. 3298. 3460.]
电压列表, 29 point  [2944. 3011. 3063. 3104. 3134. 3150. 3166. 3190. 3211. 3225. 3240. 3250.
 3256. 3259. 3262. 3264. 3268. 3276. 3287. 3293. 3296. 3298. 3299. 3298.
 3299. 3301. 3315. 3352. 3460.]
斜率列表: (101 points)
 [ 670.  595.  465.  355.  230.  110.   50.   30.   20.   20.   25.   40.
   55.   55.   50.   45.   45.   45.   40.   40.   35.   25.   25.   30.
   30.   30.   30.   35.   30.   25.   30.   25.   20.   20.   15.   15.
   15.   10.   10.   10.    5.    5.   10.    5.    5.   10.    5.    5.
    5.    5.    5.    5.    5.    5.    5.    5.   10.    5.    5.   10.
   10.   10.   15.   20.   20.   25.   25.   20.   20.   20.   20.   15.
   10.   10.   10.   10.    5.    5.    5.    5.    5.    5.    5.    2.
    5.    5.    2.    2.    5.    5.    2.    2.    2.    2.   -5.    2.
   15.   80.  255.  725. 1080.]
斜率列表, 21 point  [ 670.  110.   25.   45.   35.   30.   30.   15.    5.   10.    5.    5.
   10.   25.   20.   10.    5.    5.    2.    2. 1080.]
斜率列表, 29 point  [ 670.  595.  465.  355.  230.  110.   25.   45.   35.   30.   30.   15.
    5.   10.    5.    5.   10.   25.   20.   10.    5.    5.    2.    2.
   15.   80.  255.  725. 1080.]