hm@archlinux ~/D/m/src (state_machine)> python3 ../data/curve.py ../data/15d3c/dsg.xlsx
最后一个元素: 容量: -97.18922222222164, 平均电压: 2936
平均电压列表(从小到大): (101 points)
 [2936, 2994, 3035, 3065, 3086, 3099, 3109, 3117, 3122, 3127, 3132, 3136, 3141, 3145, 3150, 3155, 3160, 3164, 3168, 3171, 3175, 3178, 3181, 3184, 3186, 3189, 3191, 3193, 3195, 3197, 3199, 3201, 3203, 3204, 3206, 3207, 3209, 3210, 3211, 3213, 3214, 3215, 3216, 3217, 3218, 3219, 3220, 3221, 3222, 3223, 3224, 3225, 3226, 3227, 3227, 3228, 3229, 3230, 3230, 3231, 3232, 3232, 3233, 3234, 3235, 3236, 3236, 3237, 3238, 3239, 3239, 3240, 3241, 3242, 3243, 3244, 3244, 3245, 3246, 3246, 3247, 3247, 3248, 3248, 3249, 3249, 3249, 3249, 3250, 3250, 3249, 3249, 3249, 3249, 3249, 3248, 3248, 3248, 3247, 3248, 3291]

============================

斜率列表: (101 points)
 [580, 495, 355, 255, 170, 115, 90, 65, 50, 50, 45, 45, 45, 45, 50, 50, 45, 40, 35, 35, 35, 30, 30, 25, 25, 25, 20, 20, 20, 20, 20, 20, 15, 15, 15, 15, 15, 10, 15, 15, 10, 10, 10, 10, 10, 10, 10, 10, 10, 10, 10, 10, 10, 5, 5, 10, 10, 5, 5, 10, 5, 5, 10, 10, 10, 5, 5, 10, 10, 5, 5, 10, 10, 10, 10, 5, 5, 10, 5, 5, 5, 5, 5, 5, 5, 2, 2, 5, 5, -5, -5, 2, 2, 2, -5, -5, 2, -5, 2, 220, 430]

============================

斜率列表(乘10): (21 points)
 [580, 115, 45, 50, 35, 25, 20, 15, 10, 10, 10, 10, 5, 5, 5, 5, 5, 2, -5, -5, 430]
斜率列表(乘10): (29 points)
 [580, 495, 355, 255, 170, 115, 45, 50, 35, 25, 20, 15, 10, 10, 10, 10, 5, 5, 5, 5, 5, 2, -5, -5, 2, -5, 2, 220, 430]
斜率有负值

============================

平均电压列表: (21 points)
 [3291, 3248, 3249, 3249, 3247, 3244, 3239, 3236, 3232, 3228, 3224, 3219, 3214, 3207, 3199, 3189, 3175, 3155, 3132, 3099, 2936]
平均电压列表: (29 points)
 [2936, 2994, 3035, 3065, 3086, 3099, 3132, 3155, 3175, 3189, 3199, 3207, 3214, 3219, 3224, 3228, 3232, 3236, 3239, 3244, 3247, 3249, 3249, 3248, 3248, 3248, 3247, 3248, 3291]
平均电压列表中有相同的值

============================