(.venv) hm@archlinux ~/D/m/d/process_data (master)> python3 /home/hm/Desktop/mysoc/data/process_data/parse_new_data_level2.py /home/hm/Desktop/mysoc/data/pro
cess_data/d+15/dsg/1c/4-cell-curves.xlsx
===================================================================
processing file: /home/hm/Desktop/mysoc/data/process_data/d+15/dsg/1c/4-cell-curves.xlsx
===================================================================
文件包含 4 个sheet: ['Sheet1', 'Sheet2', 'Sheet3', 'Sheet4']
sheet1 row lenth is:  36161
capacity is:  315.38514 317.458929 314.662239 316.35785
avg_capacity is(99%):  312.8260395
电压列表, 101 point  [3374. 3313. 3297. 3293. 3292. 3291. 3291. 3291. 3291. 3291. 3291. 3291.
 3290. 3290. 3290. 3289. 3289. 3289. 3288. 3288. 3287. 3286. 3285. 3284.
 3283. 3282. 3281. 3279. 3278. 3276. 3274. 3272. 3270. 3268. 3266. 3264.
 3262. 3260. 3259. 3258. 3256. 3255. 3254. 3253. 3252. 3252. 3251. 3250.
 3250. 3249. 3248. 3248. 3247. 3246. 3246. 3245. 3244. 3244. 3243. 3242.
 3241. 3240. 3239. 3238. 3237. 3235. 3234. 3233. 3231. 3229. 3227. 3225.
 3223. 3221. 3218. 3216. 3213. 3210. 3207. 3204. 3200. 3196. 3191. 3187.
 3182. 3177. 3172. 3165. 3158. 3152. 3148. 3143. 3139. 3133. 3126. 3117.
 3102. 3078. 3041. 2993. 2929.]
电压列表, 21 point  [2929. 3117. 3148. 3177. 3200. 3216. 3227. 3235. 3241. 3245. 3248. 3252.
 3256. 3264. 3274. 3282. 3287. 3289. 3291. 3291. 3374.]
电压列表, 29 point  [2929. 2993. 3041. 3078. 3102. 3117. 3148. 3177. 3200. 3216. 3227. 3235.
 3241. 3245. 3248. 3252. 3256. 3264. 3274. 3282. 3287. 3289. 3291. 3291.
 3292. 3293. 3297. 3313. 3374.]
斜率列表: (101 points)
 [640. 560. 425. 305. 195. 120.  80.  65.  50.  45.  45.  50.  65.  70.
  60.  50.  50.  45.  45.  45.  40.  35.  30.  30.  30.  25.  25.  25.
  20.  20.  20.  20.  20.  15.  10.  15.  15.  10.  10.  10.  10.  10.
  10.   5.   5.  10.   5.   5.  10.   5.   5.  10.   5.   5.  10.   5.
   5.  10.  10.  10.  15.  15.  10.  15.  20.  20.  20.  20.  20.  20.
  20.  20.  15.  15.  15.  10.  10.  10.  10.  10.  10.   5.   5.   5.
   2.   5.   5.   2.   5.   5.   2.   2.   2.   2.   2.   5.  10.  25.
 100. 385. 610.]
斜率列表, 21 point  [640. 120.  45.  50.  40.  25.  20.  15.  10.  10.   5.   5.  15.  20.
  20.  10.  10.   5.   2.   5. 610.]
斜率列表, 29 point  [640. 560. 425. 305. 195. 120.  45.  50.  40.  25.  20.  15.  10.  10.
   5.   5.  15.  20.  20.  10.  10.   5.   2.   5.  10.  25. 100. 385.
 610.]