(.venv) hm@archlinux ~/D/m/d/process_data (master)> python3 /home/hm/Desktop/mysoc/data/process_data/parse_new_data_level2.py /home/hm/Desktop/mysoc/data/process_data/d+
55/chg/2c/4-cell-curves.xlsx
===================================================================
processing file: /home/hm/Desktop/mysoc/data/process_data/d+55/chg/2c/4-cell-curves.xlsx
===================================================================
文件包含 4 个sheet: ['Sheet1', 'Sheet2', 'Sheet3', 'Sheet4']
sheet1 row lenth is:  18200
capacity is:  317.464688 319.777408 316.411124 319.212246
avg_capacity is(99%):  315.0763665
电压列表, 101 point  [2877. 2993. 3067. 3122. 3165. 3200. 3227. 3239. 3241. 3243. 3245. 3247.
 3250. 3254. 3259. 3265. 3271. 3277. 3283. 3288. 3293. 3297. 3302. 3306.
 3310. 3314. 3316. 3319. 3321. 3324. 3326. 3329. 3332. 3333. 3334. 3334.
 3334. 3335. 3335. 3336. 3336. 3336. 3337. 3337. 3338. 3338. 3338. 3339.
 3339. 3340. 3340. 3341. 3341. 3342. 3342. 3343. 3344. 3344. 3345. 3346.
 3348. 3349. 3351. 3353. 3356. 3360. 3364. 3366. 3367. 3367. 3367. 3367.
 3367. 3368. 3368. 3368. 3368. 3369. 3369. 3369. 3370. 3370. 3370. 3371.
 3371. 3371. 3372. 3372. 3373. 3373. 3374. 3374. 3375. 3376. 3377. 3378.
 3380. 3383. 3391. 3411. 3492.]
电压列表, 21 point  [2877. 3200. 3245. 3265. 3293. 3314. 3326. 3334. 3336. 3338. 3340. 3343.
 3348. 3360. 3367. 3368. 3370. 3371. 3374. 3378. 3492.]
电压列表, 29 point  [2877. 2993. 3067. 3122. 3165. 3200. 3245. 3265. 3293. 3314. 3326. 3334.
 3336. 3338. 3340. 3343. 3348. 3360. 3367. 3368. 3370. 3371. 3374. 3378.
 3380. 3383. 3391. 3411. 3492.]
斜率列表: (101 points)
 [1160.  950.  645.  490.  390.  310.  195.   70.   20.   20.   20.   25.
   35.   45.   55.   60.   60.   60.   55.   50.   45.   45.   45.   40.
   40.   30.   25.   25.   25.   25.   25.   30.   20.   10.    5.    2.
    5.    5.    5.    5.    2.    5.    5.    5.    5.    2.    5.    5.
    5.    5.    5.    5.    5.    5.    5.   10.    5.    5.   10.   15.
   15.   15.   20.   25.   35.   40.   30.   15.    5.    2.    2.    2.
    5.    5.    2.    2.    5.    5.    2.    5.    5.    2.    5.    5.
    2.    5.    5.    5.    5.    5.    5.    5.   10.   10.   10.   15.
   25.   55.  140.  505.  810.]
斜率列表, 21 point  [1160.  310.   20.   60.   45.   30.   25.    2.    2.    2.    5.   10.
   15.   40.    2.    2.    5.    5.    5.   15.  810.]
斜率列表, 29 point  [1160.  950.  645.  490.  390.  310.   20.   60.   45.   30.   25.    2.
    2.    2.    5.   10.   15.   40.    2.    2.    5.    5.    5.   15.
   25.   55.  140.  505.  810.]