(.venv) hm@archlinux ~/D/m/d/process_data (master)> python3 /home/hm/Desktop/mysoc/data/process_data/parse_new_data_level2.py /home/hm/Desktop/mysoc/data/pro
cess_data/d+25/dsg/5c/4-cell-curves.xlsx
===================================================================
processing file: /home/hm/Desktop/mysoc/data/process_data/d+25/dsg/5c/4-cell-curves.xlsx
===================================================================
文件包含 4 个sheet: ['Sheet1', 'Sheet2', 'Sheet3', 'Sheet4']
sheet1 row lenth is:  7195
capacity is:  313.787173 315.677874 312.03268 313.321747
avg_capacity is(99%):  310.5648685
电压列表, 101 point  [3322. 3267. 3254. 3251. 3250. 3250. 3250. 3250. 3250. 3250. 3250. 3250.
 3250. 3250. 3249. 3249. 3249. 3248. 3248. 3247. 3247. 3246. 3245. 3244.
 3243. 3243. 3242. 3240. 3239. 3238. 3237. 3236. 3235. 3234. 3232. 3231.
 3230. 3229. 3228. 3227. 3227. 3226. 3225. 3224. 3223. 3222. 3221. 3220.
 3219. 3218. 3217. 3216. 3215. 3214. 3213. 3212. 3211. 3210. 3208. 3207.
 3206. 3205. 3203. 3202. 3200. 3199. 3197. 3195. 3194. 3192. 3190. 3188.
 3186. 3184. 3181. 3179. 3176. 3174. 3171. 3168. 3164. 3161. 3157. 3153.
 3149. 3144. 3139. 3134. 3129. 3124. 3120. 3115. 3110. 3104. 3097. 3087.
 3074. 3055. 3027. 2987. 2934.]
电压列表, 21 point  [2934. 3087. 3120. 3144. 3164. 3179. 3190. 3199. 3206. 3212. 3217. 3222.
 3227. 3231. 3237. 3243. 3247. 3249. 3250. 3250. 3322.]
电压列表, 29 point  [2934. 2987. 3027. 3055. 3074. 3087. 3120. 3144. 3164. 3179. 3190. 3199.
 3206. 3212. 3217. 3222. 3227. 3231. 3237. 3243. 3247. 3249. 3250. 3250.
 3250. 3251. 3254. 3267. 3322.]
斜率列表: (101 points)
 [530. 465. 340. 235. 160. 115.  85.  65.  55.  50.  45.  45.  50.  50.
  50.  50.  45.  40.  40.  35.  35.  35.  30.  25.  25.  25.  25.  25.
  20.  20.  20.  20.  15.  15.  20.  15.  15.  15.  15.  15.  10.  10.
  15.  15.  10.  10.  10.  10.  10.  10.  10.  10.  10.  10.  10.  10.
  10.  10.  10.  10.   5.   5.  10.  10.  10.  10.  15.  15.  10.  10.
  10.  10.  10.  15.  15.   5.   5.  10.  10.  10.   5.   5.   5.   5.
   5.   2.   5.   5.   2.   2.   2.   2.   2.   2.   2.   2.   5.  20.
  80. 340. 550.]
斜率列表, 21 point  [530. 115.  45.  50.  35.  25.  20.  15.  10.  10.  10.  10.   5.  10.
  10.   5.   5.   2.   2.   2. 550.]
斜率列表, 29 point  [530. 465. 340. 235. 160. 115.  45.  50.  35.  25.  20.  15.  10.  10.
  10.  10.   5.  10.  10.   5.   5.   2.   2.   2.   5.  20.  80. 340.
 550.]