(.venv) hm@archlinux ~/D/m/d/process_data (master)> python3 /home/hm/Desktop/mysoc/data/process_data/parse_new_data_level2.py /home/hm/Desktop/mysoc/data/pro
cess_data/d+25/dsg/2c/4-cell-curves.xlsx
===================================================================
processing file: /home/hm/Desktop/mysoc/data/process_data/d+25/dsg/2c/4-cell-curves.xlsx
===================================================================
文件包含 4 个sheet: ['Sheet1', 'Sheet2', 'Sheet3', 'Sheet4']
sheet1 row lenth is:  18193
capacity is:  317.343764 318.772136 315.666945 317.826288
avg_capacity is(99%):  314.26228325
电压列表, 101 point  [3386. 3318. 3297. 3291. 3290. 3290. 3290. 3290. 3290. 3290. 3290. 3290.
 3290. 3290. 3289. 3289. 3289. 3288. 3288. 3287. 3287. 3286. 3285. 3284.
 3284. 3282. 3281. 3280. 3278. 3277. 3275. 3273. 3271. 3269. 3267. 3265.
 3263. 3262. 3260. 3259. 3258. 3257. 3256. 3255. 3255. 3254. 3253. 3253.
 3252. 3251. 3251. 3250. 3249. 3249. 3248. 3247. 3246. 3246. 3245. 3244.
 3243. 3242. 3241. 3240. 3239. 3237. 3236. 3234. 3233. 3231. 3229. 3227.
 3225. 3222. 3220. 3217. 3215. 3212. 3209. 3206. 3203. 3199. 3195. 3190.
 3186. 3181. 3176. 3170. 3164. 3158. 3155. 3152. 3148. 3144. 3139. 3132.
 3119. 3094. 3056. 3007. 2942.]
电压列表, 21 point  [2942. 3132. 3155. 3181. 3203. 3217. 3229. 3237. 3243. 3247. 3251. 3254.
 3258. 3265. 3275. 3282. 3287. 3289. 3290. 3290. 3386.]
电压列表, 29 point  [2942. 3007. 3056. 3094. 3119. 3132. 3155. 3181. 3203. 3217. 3229. 3237.
 3243. 3247. 3251. 3254. 3258. 3265. 3275. 3282. 3287. 3289. 3290. 3290.
 3290. 3291. 3297. 3318. 3386.]
斜率列表: (101 points)
 [650. 570. 435. 315. 190. 100.  60.  45.  40.  35.  30.  45.  60.  60.
  55.  50.  45.  45.  45.  40.  35.  30.  30.  30.  25.  25.  25.  25.
  25.  20.  20.  20.  15.  15.  15.  15.  15.  10.  10.  10.  10.  10.
  10.   5.   5.  10.  10.   5.   5.  10.   5.   5.  10.   5.   5.  10.
   5.   5.  10.  10.  10.  10.  15.  15.  15.  20.  20.  20.  20.  20.
  20.  15.  15.  15.  10.  15.  10.   5.  10.  10.   5.   5.   5.   5.
   5.   2.   5.   5.   2.   2.   2.   2.   2.   2.   2.   2.   5.  35.
 135. 445. 680.]
斜率列表, 21 point  [650. 100.  30.  50.  35.  25.  20.  15.  10.  10.   5.  10.  10.  20.
  20.  15.   5.   2.   2.   2. 680.]
斜率列表, 29 point  [650. 570. 435. 315. 190. 100.  30.  50.  35.  25.  20.  15.  10.  10.
   5.  10.  10.  20.  20.  15.   5.   2.   2.   2.   5.  35. 135. 445.
 680.]