(.venv) hm@archlinux ~/D/m/d/process_data (master)> python3 /home/hm/Desktop/mysoc/data/process_data/parse_new_data_level2.py /home/hm/Desktop/mysoc/data/process_data/d+
55/chg/1c/4-cell-curves.xlsx
===================================================================
processing file: /home/hm/Desktop/mysoc/data/process_data/d+55/chg/1c/4-cell-curves.xlsx
===================================================================
文件包含 4 个sheet: ['Sheet1', 'Sheet2', 'Sheet3', 'Sheet4']
sheet1 row lenth is:  36646
capacity is:  319.622915 321.895461 318.765622 321.292732
avg_capacity is(99%):  317.2541825
电压列表, 101 point  [2833. 2962. 3042. 3101. 3146. 3183. 3213. 3230. 3233. 3234. 3236. 3238.
 3241. 3245. 3250. 3256. 3262. 3268. 3274. 3280. 3285. 3289. 3293. 3298.
 3302. 3306. 3309. 3311. 3313. 3315. 3318. 3321. 3324. 3325. 3326. 3326.
 3326. 3327. 3327. 3327. 3328. 3328. 3329. 3329. 3329. 3330. 3330. 3330.
 3331. 3331. 3332. 3332. 3333. 3333. 3334. 3334. 3335. 3336. 3336. 3337.
 3339. 3340. 3342. 3345. 3348. 3352. 3356. 3359. 3360. 3360. 3360. 3360.
 3360. 3360. 3360. 3360. 3361. 3361. 3361. 3361. 3361. 3362. 3362. 3362.
 3362. 3363. 3363. 3363. 3363. 3364. 3364. 3365. 3365. 3366. 3366. 3367.
 3368. 3370. 3375. 3395. 3490.]
电压列表, 21 point  [2833. 3183. 3236. 3256. 3285. 3306. 3318. 3326. 3328. 3330. 3332. 3334.
 3339. 3352. 3360. 3360. 3361. 3363. 3364. 3367. 3490.]
电压列表, 29 point  [2833. 2962. 3042. 3101. 3146. 3183. 3236. 3256. 3285. 3306. 3318. 3326.
 3328. 3330. 3332. 3334. 3339. 3352. 3360. 3360. 3361. 3363. 3364. 3367.
 3368. 3370. 3375. 3395. 3490.]
斜率列表: (101 points)
 [1290. 1045.  695.  520.  410.  335.  235.  100.   20.   15.   20.   25.
   35.   45.   55.   60.   60.   60.   60.   55.   45.   40.   45.   45.
   40.   35.   25.   20.   20.   25.   30.   30.   20.   10.    5.    2.
    5.    5.    2.    5.    5.    5.    5.    2.    5.    5.    2.    5.
    5.    5.    5.    5.    5.    5.    5.    5.   10.    5.    5.   15.
   15.   15.   25.   30.   35.   40.   35.   20.    5.    2.    2.    2.
    2.    2.    2.    5.    5.    2.    2.    2.    5.    5.    2.    2.
    5.    5.    2.    2.    5.    5.    5.    5.    5.    5.    5.   10.
   15.   35.  125.  575.  950.]
斜率列表, 21 point  [1290.  335.   20.   60.   45.   35.   30.    2.    5.    5.    5.    5.
   15.   40.    2.    5.    5.    5.    5.   10.  950.]
斜率列表, 29 point  [1290. 1045.  695.  520.  410.  335.   20.   60.   45.   35.   30.    2.
    5.    5.    5.    5.   15.   40.    2.    5.    5.    5.    5.   10.
   15.   35.  125.  575.  950.]