(.venv) hm@archlinux ~/D/m/d/process_data (master)> python3 /home/hm/Desktop/mysoc/data/process_data/parse_new_data_level2.py /home/hm/Desktop/mysoc/data/process_data/d+
55/chg/3c/4-cell-curves.xlsx
===================================================================
processing file: /home/hm/Desktop/mysoc/data/process_data/d+55/chg/3c/4-cell-curves.xlsx
===================================================================
文件包含 4 个sheet: ['Sheet1', 'Sheet2', 'Sheet3', 'Sheet4']
sheet1 row lenth is:  12055
capacity is:  315.540105 318.625696 315.143079 317.969814
avg_capacity is(99%):  313.67967350000004
电压列表, 101 point  [2899. 3011. 3082. 3135. 3177. 3211. 3237. 3247. 3249. 3251. 3253. 3255.
 3258. 3262. 3267. 3273. 3279. 3285. 3291. 3297. 3301. 3305. 3310. 3314.
 3318. 3322. 3324. 3327. 3329. 3332. 3334. 3337. 3339. 3340. 3341. 3341.
 3342. 3342. 3343. 3343. 3344. 3344. 3345. 3345. 3346. 3346. 3346. 3347.
 3348. 3348. 3348. 3349. 3350. 3350. 3351. 3352. 3352. 3353. 3354. 3355.
 3356. 3358. 3359. 3362. 3365. 3368. 3371. 3373. 3373. 3374. 3374. 3374.
 3374. 3375. 3375. 3375. 3376. 3376. 3376. 3377. 3377. 3378. 3378. 3379.
 3379. 3380. 3380. 3381. 3381. 3382. 3383. 3384. 3384. 3385. 3387. 3389.
 3391. 3396. 3404. 3426. 3510.]
电压列表, 21 point  [2899. 3211. 3253. 3273. 3301. 3322. 3334. 3341. 3344. 3346. 3348. 3352.
 3356. 3368. 3374. 3375. 3377. 3380. 3383. 3389. 3510.]
电压列表, 29 point  [2899. 3011. 3082. 3135. 3177. 3211. 3253. 3273. 3301. 3322. 3334. 3341.
 3344. 3346. 3348. 3352. 3356. 3368. 3374. 3375. 3377. 3380. 3383. 3389.
 3391. 3396. 3404. 3426. 3510.]
斜率列表: (101 points)
 [1120.  915.  620.  475.  380.  300.  180.   60.   20.   20.   20.   25.
   35.   45.   55.   60.   60.   60.   60.   50.   40.   45.   45.   40.
   40.   30.   25.   25.   25.   25.   25.   25.   15.   10.    5.    5.
    5.    5.    5.    5.    5.    5.    5.    5.    5.    2.    5.   10.
    5.    2.    5.   10.    5.    5.   10.    5.    5.   10.   10.   10.
   15.   15.   20.   30.   30.   30.   25.   10.    5.    5.    2.    2.
    5.    5.    2.    5.    5.    2.    5.    5.    5.    5.    5.    5.
    5.    5.    5.    5.    5.   10.   10.    5.    5.   15.   20.   20.
   35.   65.  150.  530.  840.]
斜率列表, 21 point  [1120.  300.   20.   60.   40.   30.   25.    5.    5.    2.    5.    5.
   15.   30.    2.    5.    5.    5.   10.   20.  840.]
斜率列表, 29 point  [1120.  915.  620.  475.  380.  300.   20.   60.   40.   30.   25.    5.
    5.    2.    5.    5.   15.   30.    2.    5.    5.    5.   10.   20.
   35.   65.  150.  530.  840.]