 550.]
(.venv) hm@archlinux ~/D/m/d/process_data (master)> python3 /home/hm/Desktop/mysoc/data/process_data/parse_new_data_level2.py /home/hm/Desktop/mysoc/data/proces
s_data/d+25/chg/1c/4-cell-curves.xlsx
===================================================================
processing file: /home/hm/Desktop/mysoc/data/process_data/d+25/chg/1c/4-cell-curves.xlsx
===================================================================
文件包含 4 个sheet: ['Sheet1', 'Sheet2', 'Sheet3', 'Sheet4']
sheet1 row lenth is:  36727
capacity is:  320.336156 322.328204 319.22353 321.43939
avg_capacity is(99%):  317.69182
电压列表, 101 point  [2879. 3006. 3081. 3137. 3181. 3216. 3241. 3247. 3249. 3251. 3253. 3256.
 3260. 3264. 3270. 3276. 3282. 3288. 3293. 3298. 3302. 3306. 3310. 3314.
 3319. 3322. 3325. 3327. 3329. 3330. 3331. 3331. 3332. 3332. 3332. 3333.
 3333. 3333. 3334. 3334. 3334. 3335. 3335. 3336. 3336. 3337. 3338. 3338.
 3339. 3340. 3340. 3341. 3342. 3343. 3344. 3345. 3346. 3348. 3349. 3351.
 3353. 3355. 3359. 3362. 3366. 3369. 3371. 3372. 3373. 3373. 3373. 3374.
 3374. 3374. 3374. 3374. 3375. 3375. 3375. 3376. 3376. 3377. 3377. 3378.
 3378. 3379. 3379. 3380. 3381. 3383. 3384. 3385. 3387. 3390. 3393. 3397.
 3402. 3410. 3423. 3447. 3519.]
电压列表, 21 point  [2879. 3216. 3253. 3276. 3302. 3322. 3331. 3333. 3334. 3337. 3340. 3345.
 3353. 3369. 3373. 3374. 3376. 3379. 3384. 3397. 3519.]
电压列表, 29 point  [2879. 3006. 3081. 3137. 3181. 3216. 3253. 3276. 3302. 3322. 3331. 3333.
 3334. 3337. 3340. 3345. 3353. 3369. 3373. 3374. 3376. 3379. 3384. 3397.
 3402. 3410. 3423. 3447. 3519.]
斜率列表: (101 points)
 [1270. 1010.  655.  500.  395.  300.  155.   40.   20.   20.   25.   35.
   40.   50.   60.   60.   60.   55.   50.   45.   40.   40.   40.   45.
   40.   30.   25.   20.   15.   10.    5.    5.    5.    2.    5.    5.
    2.    5.    5.    2.    5.    5.    5.    5.    5.   10.    5.    5.
   10.    5.    5.   10.   10.   10.   10.   10.   15.   15.   15.   20.
   20.   30.   35.   35.   35.   25.   15.   10.    5.    2.    5.    5.
    2.    2.    2.    5.    5.    2.    5.    5.    5.    5.    5.    5.
    5.    5.    5.   10.   15.   15.   10.   15.   25.   30.   35.   45.
   65.  105.  185.  480.  720.]
斜率列表, 21 point  [1270.  300.   25.   60.   40.   30.    5.    5.    5.   10.    5.   10.
   20.   25.    5.    5.    5.    5.   10.   45.  720.]
斜率列表, 29 point  [1270. 1010.  655.  500.  395.  300.   25.   60.   40.   30.    5.    5.
    5.   10.    5.   10.   20.   25.    5.    5.    5.    5.   10.   45.
   65.  105.  185.  480.  720.]