(.venv) hm@archlinux ~/D/m/d/process_data (master)> python3 /home/hm/Desktop/mysoc/data/process_data/parse_new_data_level2.py /home/hm/Desktop/mysoc/data/proces
s_data/d+25/chg/4c/4-cell-curves.xlsx
===================================================================
processing file: /home/hm/Desktop/mysoc/data/process_data/d+25/chg/4c/4-cell-curves.xlsx
===================================================================
文件包含 4 个sheet: ['Sheet1', 'Sheet2', 'Sheet3', 'Sheet4']
sheet1 row lenth is:  9087
capacity is:  317.006627 318.122152 314.964204 316.686773
avg_capacity is(99%):  313.554939
电压列表, 101 point  [2974. 3089. 3153. 3201. 3239. 3269. 3283. 3287. 3289. 3291. 3294. 3298.
 3302. 3307. 3312. 3318. 3323. 3328. 3333. 3337. 3341. 3346. 3349. 3353.
 3356. 3359. 3361. 3363. 3364. 3365. 3366. 3366. 3367. 3367. 3368. 3368.
 3368. 3369. 3369. 3369. 3370. 3370. 3371. 3371. 3372. 3373. 3373. 3374.
 3375. 3376. 3377. 3378. 3379. 3381. 3382. 3383. 3385. 3387. 3388. 3390.
 3392. 3393. 3395. 3397. 3398. 3399. 3400. 3401. 3402. 3403. 3404. 3405.
 3406. 3407. 3408. 3409. 3410. 3410. 3411. 3412. 3414. 3415. 3416. 3417.
 3418. 3420. 3421. 3423. 3425. 3427. 3429. 3432. 3435. 3439. 3443. 3449.
 3456. 3465. 3479. 3503. 3552.]
电压列表, 21 point  [2974. 3269. 3294. 3318. 3341. 3359. 3366. 3368. 3370. 3373. 3377. 3383.
 3392. 3399. 3404. 3409. 3414. 3420. 3429. 3449. 3552.]
电压列表, 29 point  [2974. 3089. 3153. 3201. 3239. 3269. 3294. 3318. 3341. 3359. 3366. 3368.
 3370. 3373. 3377. 3383. 3392. 3399. 3404. 3409. 3414. 3420. 3429. 3449.
 3456. 3465. 3479. 3503. 3552.]
斜率列表: (101 points)
 [1150.  895.  560.  430.  340.  220.   90.   30.   20.   25.   35.   40.
   45.   50.   55.   55.   50.   50.   45.   40.   45.   40.   35.   35.
   30.   25.   20.   15.   10.   10.    5.    5.    5.    5.    5.    2.
    5.    5.    2.    5.    5.    5.    5.    5.   10.    5.    5.   10.
   10.   10.   10.   10.   15.   15.   10.   15.   20.   15.   15.   20.
   15.   15.   20.   15.   10.   10.   10.   10.   10.   10.   10.   10.
   10.   10.   10.   10.    5.    5.   10.   15.   15.   10.   10.   10.
   15.   15.   15.   20.   20.   20.   25.   30.   35.   40.   50.   65.
   80.  115.  190.  365.  490.]
斜率列表, 21 point  [1150.  220.   35.   55.   45.   25.    5.    2.    5.    5.   10.   15.
   15.   10.   10.   10.   15.   15.   25.   65.  490.]
斜率列表, 29 point  [1150.  895.  560.  430.  340.  220.   35.   55.   45.   25.    5.    2.
    5.    5.   10.   15.   15.   10.   10.   10.   15.   15.   25.   65.
   80.  115.  190.  365.  490.]