(.venv) hm@archlinux ~/D/m/d/process_data (master)> python3 /home/hm/Desktop/mysoc/data/process_data/parse_new_data_level2.py /home/hm/Desktop/mysoc/data/process_data/d+
55/dsg/2c/4-cell-curves.xlsx
===================================================================
processing file: /home/hm/Desktop/mysoc/data/process_data/d+55/dsg/2c/4-cell-curves.xlsx
===================================================================
文件包含 4 个sheet: ['Sheet1', 'Sheet2', 'Sheet3', 'Sheet4']
sheet1 row lenth is:  18090
capacity is:  315.542577 318.131528 314.670408 317.536229
avg_capacity is(99%):  313.3301855
电压列表, 101 point  [3495. 3372. 3330. 3315. 3312. 3312. 3312. 3312. 3311. 3311. 3311. 3311.
 3311. 3310. 3310. 3310. 3309. 3309. 3309. 3309. 3308. 3308. 3307. 3307.
 3307. 3306. 3306. 3305. 3304. 3303. 3302. 3301. 3299. 3297. 3294. 3290.
 3287. 3284. 3282. 3281. 3280. 3279. 3278. 3278. 3277. 3277. 3276. 3276.
 3275. 3275. 3275. 3274. 3274. 3274. 3273. 3273. 3273. 3272. 3272. 3271.
 3271. 3270. 3270. 3269. 3268. 3267. 3266. 3264. 3261. 3258. 3253. 3249.
 3245. 3242. 3238. 3235. 3232. 3229. 3226. 3224. 3221. 3218. 3214. 3209.
 3204. 3200. 3196. 3190. 3184. 3180. 3177. 3176. 3174. 3172. 3169. 3161.
 3142. 3110. 3068. 3015. 2947.]
电压列表, 21 point  [2947. 3161. 3177. 3200. 3221. 3235. 3253. 3267. 3271. 3273. 3275. 3277.
 3280. 3290. 3302. 3306. 3308. 3310. 3311. 3312. 3495.]
电压列表, 29 point  [2947. 3015. 3068. 3110. 3142. 3161. 3177. 3200. 3221. 3235. 3253. 3267.
 3271. 3273. 3275. 3277. 3280. 3290. 3302. 3306. 3308. 3310. 3311. 3312.
 3312. 3315. 3330. 3372. 3495.]
斜率列表: (101 points)
 [ 680.  605.  475.  370.  255.  135.   55.   25.   20.   15.   20.   35.
   50.   60.   50.   40.   45.   50.   45.   35.   30.   25.   25.   30.
   30.   30.   35.   35.   35.   40.   45.   40.   30.   25.   15.   10.
   10.   10.    5.    5.    5.    5.    5.    5.    5.    2.    5.    5.
    2.    5.    5.    2.    5.    5.    5.    5.    5.    5.    5.   10.
   10.   10.   15.   25.   30.   35.   35.   25.   20.   15.   10.   10.
   10.   10.    5.    5.    5.    2.    5.    5.    5.    5.    2.    2.
    5.    5.    2.    5.    5.    2.    2.    2.    5.    5.    2.    2.
   15.   90.  285.  825. 1230.]
斜率列表, 21 point  [ 680.  135.   20.   40.   30.   30.   45.   10.    5.    2.    5.    5.
   10.   35.   10.    5.    5.    5.    2.    2. 1230.]
斜率列表, 29 point  [ 680.  605.  475.  370.  255.  135.   20.   40.   30.   30.   45.   10.
    5.    2.    5.    5.   10.   35.   10.    5.    5.    5.    2.    2.
   15.   90.  285.  825. 1230.]