(.venv) hm@archlinux ~/D/m/d/process_data (master)> python3 /home/hm/Desktop/mysoc/data/process_data/parse_new_data_level2.py /home/hm/Desktop/mysoc/data/process_data/d+
55/dsg/4c/4-cell-curves.xlsx
===================================================================
processing file: /home/hm/Desktop/mysoc/data/process_data/d+55/dsg/4c/4-cell-curves.xlsx
===================================================================
文件包含 4 个sheet: ['Sheet1', 'Sheet2', 'Sheet3', 'Sheet4']
sheet1 row lenth is:  8923
capacity is:  311.275431 316.311939 312.678002 315.601001
avg_capacity is(99%):  310.82659325
电压列表, 101 point  [3450. 3348. 3311. 3299. 3296. 3296. 3296. 3296. 3296. 3296. 3296. 3295.
 3295. 3295. 3294. 3294. 3294. 3293. 3293. 3292. 3292. 3291. 3291. 3290.
 3289. 3289. 3288. 3287. 3286. 3284. 3283. 3281. 3280. 3278. 3275. 3273.
 3271. 3269. 3268. 3267. 3266. 3265. 3264. 3264. 3263. 3263. 3262. 3262.
 3261. 3261. 3260. 3260. 3259. 3258. 3258. 3257. 3257. 3256. 3255. 3255.
 3254. 3253. 3252. 3251. 3250. 3248. 3247. 3245. 3243. 3240. 3237. 3234.
 3230. 3227. 3223. 3220. 3217. 3214. 3212. 3209. 3206. 3203. 3199. 3195.
 3191. 3186. 3181. 3176. 3171. 3166. 3163. 3161. 3159. 3156. 3153. 3147.
 3133. 3108. 3071. 3024. 2964.]
电压列表, 21 point  [2964. 3147. 3163. 3186. 3206. 3220. 3237. 3248. 3254. 3257. 3260. 3263.
 3266. 3273. 3283. 3289. 3292. 3294. 3296. 3296. 3450.]
电压列表, 29 point  [2964. 3024. 3071. 3108. 3133. 3147. 3163. 3186. 3206. 3220. 3237. 3248.
 3254. 3257. 3260. 3263. 3266. 3273. 3283. 3289. 3292. 3294. 3296. 3296.
 3296. 3299. 3311. 3348. 3450.]
斜率列表: (101 points)
 [ 600.  535.  420.  310.  195.  100.   45.   30.   25.   20.   25.   40.
   50.   50.   50.   50.   45.   40.   40.   35.   30.   30.   25.   25.
   30.   30.   35.   35.   35.   35.   30.   30.   25.   20.   15.   15.
   15.   10.   10.   10.   10.    5.    5.   10.    5.    5.    5.    5.
   10.    5.    5.    5.    5.    5.    5.    5.    5.    5.    5.   10.
   10.   10.   10.   15.   20.   20.   25.   25.   15.   15.   15.   15.
   15.   10.   10.    5.    5.   10.    5.    5.    5.    5.    5.    5.
    5.    2.    5.    5.    2.    5.    5.    2.    2.    2.    2.    2.
   15.   75.  245.  695. 1020.]
斜率列表, 21 point  [ 600.  100.   25.   50.   30.   30.   30.   15.   10.    5.    5.    5.
   10.   20.   15.    5.    5.    2.    5.    2. 1020.]
斜率列表, 29 point  [ 600.  535.  420.  310.  195.  100.   25.   50.   30.   30.   30.   15.
   10.    5.    5.    5.   10.   20.   15.    5.    5.    2.    5.    2.
   15.   75.  245.  695. 1020.]