(.venv) hm@archlinux ~/D/m/d/process_data (master)> python3 /home/hm/Desktop/mysoc/data/process_data/parse_new_data_level2.py /home/hm/Desktop/mysoc/data/process_data/d-15/dsg/2c/4-c
ell-curves.xlsx
===================================================================
processing file: /home/hm/Desktop/mysoc/data/process_data/d-15/dsg/2c/4-cell-curves.xlsx
===================================================================
文件包含 4 个sheet: ['Sheet1', 'Sheet2', 'Sheet3', 'Sheet4']
sheet1 row lenth is:  133
capacity is:  138.202194 135.49259 145.504596 129.509881
avg_capacity is(99%):  134.03731525
电压列表, 101 point  [3035. 3035. 2977. 2966. 2962. 2960. 2960. 2960. 2960. 2961. 2963. 2964.
 2965. 2966. 2966. 2968. 2969. 2970. 2971. 2972. 2973. 2973. 2974. 2974.
 2975. 2975. 2976. 2976. 2976. 2976. 2977. 2977. 2977. 2977. 2977. 2977.
 2977. 2977. 2977. 2977. 2976. 2976. 2976. 2976. 2975. 2975. 2975. 2975.
 2974. 2974. 2973. 2973. 2972. 2971. 2971. 2971. 2970. 2969. 2968. 2967.
 2966. 2966. 2965. 2964. 2963. 2962. 2961. 2961. 2960. 2959. 2958. 2956.
 2955. 2954. 2954. 2953. 2951. 2950. 2949. 2947. 2946. 2946. 2944. 2943.
 2941. 2940. 2938. 2938. 2937. 2935. 2933. 2932. 2930. 2928. 2928. 2926.
 2924. 2923. 2921. 2919. 2917.]
电压列表, 21 point  [2917. 2926. 2933. 2940. 2946. 2953. 2958. 2962. 2966. 2971. 2973. 2975.
 2976. 2977. 2977. 2975. 2973. 2968. 2963. 2960. 3035.]
电压列表, 29 point  [2917. 2919. 2921. 2923. 2924. 2926. 2933. 2940. 2946. 2953. 2958. 2962.
 2966. 2971. 2973. 2975. 2976. 2977. 2977. 2975. 2973. 2968. 2963. 2960.
 2962. 2966. 2977. 3035. 3035.]
斜率列表: (101 points)
 [ 20.  20.  20.  15.  15.  20.  10.  10.  20.  15.  15.  20.  15.   5.
  10.  15.  15.  15.  15.  10.   5.  15.  15.  10.  15.  15.   5.   5.
  10.  15.  15.  10.  10.   5.   5.  10.  10.  10.  10.   5.   5.  10.
  10.  10.  10.   5.   2.   5.  10.   5.   5.   5.   5.   5.   2.   2.
   5.   5.   2.   2.   5.   5.   2.   2.   2.   2.   2.   2.   2.   2.
  -5.  -5.   2.   2.  -5.  -5.  -5.  -5.  -5.  -5.  -5. -10. -10. -10.
 -10. -15. -10.  -5. -10. -10. -15. -15.  -5.   2.   2.  10.  30.  75.
 345. 290.   2.]
斜率列表, 21 point  [ 20.  20.  15.  15.   5.  15.  15.  10.   5.   5.   5.   2.   5.   2.
  -5.  -5.  -5. -15. -15.  10.   2.]
斜率列表, 29 point  [ 20.  20.  20.  15.  15.  20.  15.  15.   5.  15.  15.  10.   5.   5.
   5.   2.   5.   2.  -5.  -5.  -5. -15. -15.  10.  30.  75. 345. 290.
   2.]