(.venv) hm@archlinux ~/D/m/d/process_data (master)> python3 /home/hm/Desktop/mysoc/data/process_data/parse_new_data_level2.py /home/hm/Desktop/mysoc/data/proces
s_data/d+25/chg/3c/4-cell-curves.xlsx
===================================================================
processing file: /home/hm/Desktop/mysoc/data/process_data/d+25/chg/3c/4-cell-curves.xlsx
===================================================================
文件包含 4 个sheet: ['Sheet1', 'Sheet2', 'Sheet3', 'Sheet4']
sheet1 row lenth is:  12137
capacity is:  317.586329 318.960049 315.909663 317.816155
avg_capacity is(99%):  314.428049
电压列表, 101 point  [2948. 3065. 3131. 3182. 3221. 3253. 3270. 3274. 3276. 3278. 3281. 3285.
 3289. 3294. 3299. 3305. 3310. 3316. 3321. 3325. 3329. 3333. 3338. 3341.
 3345. 3348. 3350. 3352. 3354. 3355. 3356. 3356. 3357. 3357. 3357. 3357.
 3358. 3358. 3358. 3359. 3359. 3360. 3360. 3361. 3361. 3362. 3363. 3363.
 3364. 3365. 3366. 3367. 3368. 3369. 3371. 3372. 3374. 3375. 3377. 3379.
 3382. 3384. 3386. 3388. 3389. 3391. 3392. 3393. 3394. 3395. 3395. 3396.
 3397. 3398. 3398. 3399. 3400. 3400. 3401. 3402. 3403. 3404. 3405. 3406.
 3407. 3408. 3410. 3411. 3413. 3415. 3417. 3419. 3422. 3425. 3430. 3435.
 3442. 3451. 3465. 3489. 3545.]
电压列表, 21 point  [2948. 3253. 3281. 3305. 3329. 3348. 3356. 3357. 3359. 3362. 3366. 3372.
 3382. 3391. 3395. 3399. 3403. 3408. 3417. 3435. 3545.]
电压列表, 29 point  [2948. 3065. 3131. 3182. 3221. 3253. 3281. 3305. 3329. 3348. 3356. 3357.
 3359. 3362. 3366. 3372. 3382. 3391. 3395. 3399. 3403. 3408. 3417. 3435.
 3442. 3451. 3465. 3489. 3545.]
斜率列表: (101 points)
 [1170.  915.  585.  450.  355.  245.  105.   30.   20.   25.   35.   40.
   45.   50.   55.   55.   55.   55.   45.   40.   40.   45.   40.   35.
   35.   25.   20.   20.   15.   10.    5.    5.    5.    2.    2.    5.
    5.    2.    5.    5.    5.    5.    5.    5.    5.   10.    5.    5.
   10.   10.   10.   10.   10.   15.   15.   15.   15.   15.   20.   25.
   25.   20.   20.   15.   15.   15.   10.   10.   10.    5.    5.   10.
   10.    5.    5.   10.    5.    5.   10.   10.   10.   10.   10.   10.
   10.   15.   15.   15.   20.   20.   20.   25.   30.   40.   50.   60.
   80.  115.  190.  400.  560.]
斜率列表, 21 point  [1170.  245.   35.   55.   40.   25.    5.    5.    5.   10.   10.   15.
   25.   15.    5.   10.   10.   15.   20.   60.  560.]
斜率列表, 29 point  [1170.  915.  585.  450.  355.  245.   35.   55.   40.   25.    5.    5.
    5.   10.   10.   15.   25.   15.    5.   10.   10.   15.   20.   60.
   80.  115.  190.  400.  560.]