(.venv) hm@archlinux ~/D/m/d/process_data (master)> python3 /home/hm/Desktop/mysoc/data/process_data/parse_new_data_level2.py /home/hm/Desktop/mysoc/data/process_data/d+
55/dsg/3c/4-cell-curves.xlsx
===================================================================
processing file: /home/hm/Desktop/mysoc/data/process_data/d+55/dsg/3c/4-cell-curves.xlsx
===================================================================
文件包含 4 个sheet: ['Sheet1', 'Sheet2', 'Sheet3', 'Sheet4']
sheet1 row lenth is:  11991
capacity is:  313.759843 317.166269 313.776603 316.520503
avg_capacity is(99%):  312.16580450000004
电压列表, 101 point  [3472. 3360. 3321. 3307. 3304. 3304. 3304. 3304. 3304. 3303. 3303. 3303.
 3303. 3302. 3302. 3302. 3301. 3301. 3301. 3300. 3300. 3300. 3299. 3299.
 3298. 3297. 3296. 3296. 3295. 3294. 3292. 3291. 3289. 3287. 3284. 3281.
 3279. 3276. 3275. 3273. 3273. 3272. 3271. 3271. 3270. 3269. 3269. 3269.
 3268. 3268. 3267. 3267. 3266. 3266. 3266. 3265. 3264. 3264. 3263. 3263.
 3262. 3261. 3261. 3260. 3259. 3257. 3256. 3254. 3251. 3248. 3245. 3241.
 3237. 3234. 3230. 3227. 3224. 3221. 3218. 3216. 3213. 3209. 3206. 3201.
 3197. 3192. 3188. 3182. 3176. 3172. 3170. 3168. 3166. 3164. 3160. 3152.
 3134. 3102. 3060. 3008. 2939.]
电压列表, 21 point  [2939. 3152. 3170. 3192. 3213. 3227. 3245. 3257. 3262. 3265. 3267. 3269.
 3273. 3281. 3292. 3297. 3300. 3302. 3303. 3304. 3472.]
电压列表, 29 point  [2939. 3008. 3060. 3102. 3134. 3152. 3170. 3192. 3213. 3227. 3245. 3257.
 3262. 3265. 3267. 3269. 3273. 3281. 3292. 3297. 3300. 3302. 3303. 3304.
 3304. 3307. 3321. 3360. 3472.]
斜率列表: (101 points)
 [ 690.  605.  470.  370.  250.  130.   60.   30.   20.   20.   20.   30.
   50.   60.   50.   45.   45.   45.   40.   35.   35.   25.   25.   30.
   30.   30.   35.   35.   35.   40.   35.   30.   30.   25.   15.   15.
   15.   10.    5.    5.   10.    5.    5.    5.    5.   10.    5.    2.
    5.    5.    5.    5.    5.    5.    2.    5.   10.    5.    5.   10.
    5.   10.   15.   20.   25.   25.   30.   25.   20.   15.   15.   15.
   10.    5.    5.   10.   10.    5.    5.    5.    2.    5.    5.    2.
    5.    5.    2.    5.    5.    2.    2.    5.    5.    2.    2.    2.
   15.   85.  265.  755. 1120.]
斜率列表, 21 point  [ 690.  130.   20.   45.   35.   30.   35.   15.   10.   10.    5.    5.
    5.   25.   15.   10.    2.    5.    2.    2. 1120.]
斜率列表, 29 point  [ 690.  605.  470.  370.  250.  130.   20.   45.   35.   30.   35.   15.
   10.   10.    5.    5.    5.   25.   15.   10.    2.    5.    2.    2.
   15.   85.  265.  755. 1120.]