hm@archlinux ~/D/mysoc (master)> python3 data/curve.py data/35d3c/dsg.xlsx
最后一个元素: 容量: -100.1754166666671, 平均电压: 2911
平均电压列表(从小到大): (101 points)
 [2911, 2988, 3045, 3090, 3124, 3144, 3152, 3156, 3159, 3161, 3163, 3165, 3170, 3176, 3182, 3187, 3191, 3196, 3200, 3204, 3208, 3211, 3214, 3217, 3220, 3223, 3226, 3229, 3231, 3234, 3237, 3239, 3241, 3244, 3246, 3247, 3249, 3250, 3251, 3253, 3254, 3255, 3255, 3256, 3257, 3258, 3258, 3259, 3260, 3260, 3261, 3262, 3262, 3263, 3263, 3264, 3264, 3265, 3266, 3266, 3267, 3268, 3269, 3270, 3272, 3273, 3275, 3277, 3279, 3281, 3283, 3285, 3286, 3288, 3289, 3290, 3291, 3292, 3292, 3293, 3294, 3294, 3295, 3295, 3295, 3296, 3296, 3296, 3297, 3297, 3297, 3297, 3297, 3297, 3297, 3297, 3297, 3297, 3296, 3295, 3317]

============================

斜率列表: (101 points)
 [770, 670, 510, 395, 270, 140, 60, 35, 25, 20, 20, 35, 55, 60, 55, 45, 45, 45, 40, 40, 35, 30, 30, 30, 30, 30, 30, 25, 25, 30, 25, 20, 25, 25, 15, 15, 15, 10, 15, 15, 10, 5, 5, 10, 10, 5, 5, 10, 5, 5, 10, 5, 5, 5, 5, 5, 5, 10, 5, 5, 10, 10, 10, 15, 15, 15, 20, 20, 20, 20, 20, 15, 15, 15, 10, 10, 10, 5, 5, 10, 5, 5, 5, 2, 5, 5, 2, 5, 5, 2, 2, 2, 2, 2, 2, 2, 2, -5, -10, 105, 220]

============================

斜率列表(乘10): (21 points)
 [770, 140, 20, 45, 35, 30, 25, 15, 10, 5, 10, 5, 10, 15, 20, 10, 5, 5, 2, 2, 220]
斜率列表(乘10): (29 points)
 [770, 670, 510, 395, 270, 140, 20, 45, 35, 30, 25, 15, 10, 5, 10, 5, 10, 15, 20, 10, 5, 5, 2, 2, 2, -5, -10, 105, 220]
斜率有负值

============================

平均电压列表: (21 points)
 [3317, 3297, 3297, 3296, 3294, 3290, 3283, 3273, 3267, 3264, 3261, 3258, 3254, 3247, 3237, 3223, 3208, 3187, 3163, 3144, 2911]
平均电压列表: (29 points)
 [2911, 2988, 3045, 3090, 3124, 3144, 3163, 3187, 3208, 3223, 3237, 3247, 3254, 3258, 3261, 3264, 3267, 3273, 3283, 3290, 3294, 3296, 3297, 3297, 3297, 3297, 3296, 3295, 3317]
平均电压列表中有相同的值

============================
