(.venv) hm@archlinux ~/D/m/d/process_data (master)> python3 /home/hm/Desktop/mysoc/data/process_data/parse_new_data_level2.py /home/hm/Desktop/mysoc/data/process_data/d+05/dsg/3c/4-c
ell-curves.xlsx
===================================================================
processing file: /home/hm/Desktop/mysoc/data/process_data/d+05/dsg/3c/4-cell-curves.xlsx
===================================================================
文件包含 4 个sheet: ['Sheet1', 'Sheet2', 'Sheet3', 'Sheet4']
sheet1 row lenth is:  184
capacity is:  287.980796 281.675603 283.763441 280.666911
avg_capacity is(99%):  280.38168775
电压列表, 101 point  [3206. 3190. 3179. 3176. 3176. 3176. 3177. 3177. 3178. 3178. 3178. 3179.
 3179. 3179. 3179. 3179. 3179. 3178. 3178. 3178. 3177. 3177. 3177. 3176.
 3175. 3174. 3174. 3173. 3172. 3172. 3171. 3169. 3169. 3168. 3166. 3166.
 3164. 3163. 3163. 3161. 3160. 3159. 3158. 3156. 3155. 3154. 3152. 3151.
 3150. 3148. 3146. 3145. 3143. 3142. 3141. 3139. 3137. 3136. 3134. 3131.
 3130. 3128. 3126. 3124. 3122. 3119. 3118. 3115. 3112. 3111. 3108. 3105.
 3103. 3099. 3096. 3092. 3090. 3086. 3081. 3079. 3074. 3069. 3067. 3061.
 3055. 3052. 3046. 3039. 3036. 3028. 3020. 3016. 3007. 2998. 2993. 2982.
 2970. 2964. 2951. 2936. 2921.]
电压列表, 21 point  [2921. 2982. 3020. 3052. 3074. 3092. 3108. 3119. 3130. 3139. 3146. 3154.
 3160. 3166. 3171. 3174. 3177. 3179. 3178. 3176. 3206.]
电压列表, 29 point  [2921. 2936. 2951. 2964. 2970. 2982. 3020. 3052. 3074. 3092. 3108. 3119.
 3130. 3139. 3146. 3154. 3160. 3166. 3171. 3174. 3177. 3179. 3178. 3176.
 3176. 3176. 3179. 3190. 3206.]
斜率列表: (101 points)
 [150. 150. 140.  95.  90. 115.  80.  70.  90.  65.  60.  80.  55.  50.
  65.  45.  45.  60.  40.  35.  50.  35.  35.  45.  30.  30.  35.  35.
  30.  25.  30.  20.  20.  30.  20.  20.  25.  20.  20.  20.  15.  20.
  25.  15.  15.  20.  15.  10.  15.  15.  15.  20.  15.  10.  15.  15.
  10.  15.  15.  10.  10.  15.  10.   5.  15.  10.  10.  15.   5.  10.
  15.   5.   5.  10.   5.   5.  10.  10.   5.   2.   5.   5.   2.   5.
   5.   2.   2.   2.   2.  -5.  -5.   2.  -5.  -5.  -5.  -5.   2.  15.
  70. 135. 160.]
斜率列表, 21 point  [150. 115.  60.  45.  50.  30.  30.  20.  15.  20.  15.  15.  10.  10.
  15.   5.   5.   2.  -5.  -5. 160.]
斜率列表, 29 point  [150. 150. 140.  95.  90. 115.  60.  45.  50.  30.  30.  20.  15.  20.
  15.  15.  10.  10.  15.   5.   5.   2.  -5.  -5.   2.  15.  70. 135.
 160.]