(.venv) hm@archlinux ~/D/m/d/process_data (master)> python3 /home/hm/Desktop/mysoc/data/process_data/parse_new_data_level2.py /home/hm/Desktop/mysoc/data/process_data/d+
55/chg/4c/4-cell-curves.xlsx
===================================================================
processing file: /home/hm/Desktop/mysoc/data/process_data/d+55/chg/4c/4-cell-curves.xlsx
===================================================================
文件包含 4 个sheet: ['Sheet1', 'Sheet2', 'Sheet3', 'Sheet4']
sheet1 row lenth is:  8987
capacity is:  313.541752 317.936558 314.336955 317.218751
avg_capacity is(99%):  312.61850400000003
电压列表, 101 point  [2916. 3024. 3094. 3147. 3188. 3221. 3246. 3255. 3257. 3259. 3261. 3263.
 3266. 3270. 3275. 3281. 3287. 3293. 3299. 3304. 3308. 3313. 3317. 3322.
 3326. 3329. 3331. 3334. 3336. 3339. 3342. 3344. 3346. 3347. 3348. 3348.
 3349. 3349. 3350. 3350. 3351. 3351. 3352. 3352. 3353. 3353. 3354. 3355.
 3355. 3356. 3356. 3357. 3357. 3358. 3359. 3360. 3360. 3361. 3362. 3363.
 3365. 3366. 3368. 3370. 3372. 3375. 3377. 3379. 3380. 3380. 3380. 3381.
 3381. 3381. 3382. 3382. 3383. 3383. 3384. 3384. 3385. 3385. 3386. 3386.
 3387. 3387. 3388. 3389. 3389. 3390. 3391. 3392. 3393. 3395. 3396. 3398.
 3401. 3406. 3415. 3434. 3503.]
电压列表, 21 point  [2916. 3221. 3261. 3281. 3308. 3329. 3342. 3348. 3351. 3353. 3356. 3360.
 3365. 3375. 3380. 3382. 3385. 3387. 3391. 3398. 3503.]
电压列表, 29 point  [2916. 3024. 3094. 3147. 3188. 3221. 3261. 3281. 3308. 3329. 3342. 3348.
 3351. 3353. 3356. 3360. 3365. 3375. 3380. 3382. 3385. 3387. 3391. 3398.
 3401. 3406. 3415. 3434. 3503.]
斜率列表: (101 points)
 [1080.  890.  615.  470.  370.  290.  170.   55.   20.   20.   20.   25.
   35.   45.   55.   60.   60.   60.   55.   45.   45.   45.   45.   45.
   35.   25.   25.   25.   25.   30.   25.   20.   15.   10.    5.    5.
    5.    5.    5.    5.    5.    5.    5.    5.    5.    5.   10.    5.
    5.    5.    5.    5.    5.   10.   10.    5.    5.   10.   10.   15.
   15.   15.   20.   20.   25.   25.   20.   15.    5.    2.    5.    5.
    2.    5.    5.    5.    5.    5.    5.    5.    5.    5.    5.    5.
    5.    5.   10.    5.    5.   10.   10.   10.   15.   15.   15.   25.
   40.   70.  140.  440.  690.]
斜率列表, 21 point  [1080.  290.   20.   60.   45.   25.   25.    5.    5.    5.    5.    5.
   15.   25.    5.    5.    5.    5.   10.   25.  690.]
斜率列表, 29 point  [1080.  890.  615.  470.  370.  290.   20.   60.   45.   25.   25.    5.
    5.    5.    5.    5.   15.   25.    5.    5.    5.    5.   10.   25.
   40.   70.  140.  440.  690.]